[0.060s] Invoking command in '/home/samet/Desktop/lino2/build/linorobot2': CMAKE_PREFIX_PATH=${CMAKE_PREFIX_PATH}:/home/samet/Desktop/lino2/install/robomaster_pkg:/opt/ros/foxy /usr/bin/cmake --build /home/samet/Desktop/lino2/build/linorobot2 -- -j12 -l12
[0.308s] Invoked command in '/home/samet/Desktop/lino2/build/linorobot2' returned '0': CMAKE_PREFIX_PATH=${CMAKE_PREFIX_PATH}:/home/samet/Desktop/lino2/install/robomaster_pkg:/opt/ros/foxy /usr/bin/cmake --build /home/samet/Desktop/lino2/build/linorobot2 -- -j12 -l12
[0.350s] Invoking command in '/home/samet/Desktop/lino2/build/linorobot2': CMAKE_PREFIX_PATH=${CMAKE_PREFIX_PATH}:/home/samet/Desktop/lino2/install/robomaster_pkg:/opt/ros/foxy /usr/bin/cmake --install /home/samet/Desktop/lino2/build/linorobot2
[0.362s] -- Install configuration: ""
[0.364s] -- Up-to-date: /home/samet/Desktop/lino2/install/linorobot2/share/ament_index/resource_index/package_run_dependencies/linorobot2
[0.365s] -- Up-to-date: /home/samet/Desktop/lino2/install/linorobot2/share/ament_index/resource_index/parent_prefix_path/linorobot2
[0.365s] -- Up-to-date: /home/samet/Desktop/lino2/install/linorobot2/share/linorobot2/environment/ament_prefix_path.sh
[0.365s] -- Up-to-date: /home/samet/Desktop/lino2/install/linorobot2/share/linorobot2/environment/ament_prefix_path.dsv
[0.365s] -- Up-to-date: /home/samet/Desktop/lino2/install/linorobot2/share/linorobot2/environment/path.sh
[0.365s] -- Up-to-date: /home/samet/Desktop/lino2/install/linorobot2/share/linorobot2/environment/path.dsv
[0.365s] -- Up-to-date: /home/samet/Desktop/lino2/install/linorobot2/share/linorobot2/local_setup.bash
[0.365s] -- Up-to-date: /home/samet/Desktop/lino2/install/linorobot2/share/linorobot2/local_setup.sh
[0.365s] -- Up-to-date: /home/samet/Desktop/lino2/install/linorobot2/share/linorobot2/local_setup.zsh
[0.365s] -- Up-to-date: /home/samet/Desktop/lino2/install/linorobot2/share/linorobot2/local_setup.dsv
[0.365s] -- Installing: /home/samet/Desktop/lino2/install/linorobot2/share/linorobot2/package.dsv
[0.365s] -- Up-to-date: /home/samet/Desktop/lino2/install/linorobot2/share/ament_index/resource_index/packages/linorobot2
[0.366s] -- Up-to-date: /home/samet/Desktop/lino2/install/linorobot2/share/linorobot2/cmake/linorobot2Config.cmake
[0.366s] -- Up-to-date: /home/samet/Desktop/lino2/install/linorobot2/share/linorobot2/cmake/linorobot2Config-version.cmake
[0.366s] -- Up-to-date: /home/samet/Desktop/lino2/install/linorobot2/share/linorobot2/package.xml
[0.393s] Invoked command in '/home/samet/Desktop/lino2/build/linorobot2' returned '0': CMAKE_PREFIX_PATH=${CMAKE_PREFIX_PATH}:/home/samet/Desktop/lino2/install/robomaster_pkg:/opt/ros/foxy /usr/bin/cmake --install /home/samet/Desktop/lino2/build/linorobot2
