[0.167s] DEBUG:colcon:Command line arguments: ['/usr/bin/colcon', 'build']
[0.168s] DEBUG:colcon:Parsed command line arguments: Namespace(allow_overriding=[], ament_cmake_args=None, base_paths=['.'], build_base='build', catkin_cmake_args=None, catkin_skip_building_tests=False, cmake_args=None, cmake_clean_cache=False, cmake_clean_first=False, cmake_force_configure=False, cmake_target=None, cmake_target_skip_unavailable=False, continue_on_error=False, event_handlers=None, executor='parallel', ignore_user_meta=False, install_base='install', log_base=None, log_level=None, main=<bound method BuildVerb.main of <colcon_core.verb.build.BuildVerb object at 0x7ff2bae8c7c0>>, merge_install=False, metas=['./colcon.meta'], packages_above=None, packages_above_and_dependencies=None, packages_above_depth=None, packages_end=None, packages_ignore=None, packages_ignore_regex=None, packages_select=None, packages_select_build_failed=False, packages_select_by_dep=None, packages_select_regex=None, packages_select_test_failures=False, packages_skip=None, packages_skip_build_finished=False, packages_skip_by_dep=None, packages_skip_regex=None, packages_skip_test_passed=False, packages_skip_up_to=None, packages_start=None, packages_up_to=None, packages_up_to_regex=None, parallel_workers=12, paths=None, symlink_install=False, test_result_base=None, verb_extension=<colcon_core.verb.build.BuildVerb object at 0x7ff2bae8c7c0>, verb_name='build', verb_parser=<colcon_defaults.argument_parser.defaults.DefaultArgumentsDecorator object at 0x7ff2bae954c0>)
[0.200s] Level 1:colcon.colcon_core.package_discovery:discover_packages(colcon_meta) check parameters
[0.200s] Level 1:colcon.colcon_core.package_discovery:discover_packages(recursive) check parameters
[0.200s] Level 1:colcon.colcon_core.package_discovery:discover_packages(ignore) check parameters
[0.200s] Level 1:colcon.colcon_core.package_discovery:discover_packages(path) check parameters
[0.200s] Level 1:colcon.colcon_core.package_discovery:discover_packages(colcon_meta) discover
[0.200s] Level 1:colcon.colcon_core.package_discovery:discover_packages(recursive) discover
[0.200s] INFO:colcon.colcon_core.package_discovery:Crawling recursively for packages in '/home/samet/Desktop/lino2'
[0.200s] Level 1:colcon.colcon_core.package_identification:_identify(.) by extensions ['ignore', 'ignore_ament_install']
[0.201s] Level 1:colcon.colcon_core.package_identification:_identify(.) by extension 'ignore'
[0.201s] Level 1:colcon.colcon_core.package_identification:_identify(.) by extension 'ignore_ament_install'
[0.201s] Level 1:colcon.colcon_core.package_identification:_identify(.) by extensions ['colcon_pkg']
[0.201s] Level 1:colcon.colcon_core.package_identification:_identify(.) by extension 'colcon_pkg'
[0.201s] Level 1:colcon.colcon_core.package_identification:_identify(.) by extensions ['colcon_meta']
[0.201s] Level 1:colcon.colcon_core.package_identification:_identify(.) by extension 'colcon_meta'
[0.201s] Level 1:colcon.colcon_core.package_identification:_identify(.) by extensions ['ros']
[0.201s] Level 1:colcon.colcon_core.package_identification:_identify(.) by extension 'ros'
[0.211s] Level 1:colcon.colcon_core.package_identification:_identify(.) by extensions ['cmake', 'python']
[0.211s] Level 1:colcon.colcon_core.package_identification:_identify(.) by extension 'cmake'
[0.211s] Level 1:colcon.colcon_core.package_identification:_identify(.) by extension 'python'
[0.211s] Level 1:colcon.colcon_core.package_identification:_identify(.) by extensions ['python_setup_py']
[0.211s] Level 1:colcon.colcon_core.package_identification:_identify(.) by extension 'python_setup_py'
[0.211s] Level 1:colcon.colcon_core.package_identification:_identify(build) by extensions ['ignore', 'ignore_ament_install']
[0.211s] Level 1:colcon.colcon_core.package_identification:_identify(build) by extension 'ignore'
[0.211s] Level 1:colcon.colcon_core.package_identification:_identify(build) ignored
[0.212s] Level 1:colcon.colcon_core.package_identification:_identify(install) by extensions ['ignore', 'ignore_ament_install']
[0.212s] Level 1:colcon.colcon_core.package_identification:_identify(install) by extension 'ignore'
[0.212s] Level 1:colcon.colcon_core.package_identification:_identify(install) ignored
[0.212s] Level 1:colcon.colcon_core.package_identification:_identify(log) by extensions ['ignore', 'ignore_ament_install']
[0.212s] Level 1:colcon.colcon_core.package_identification:_identify(log) by extension 'ignore'
[0.212s] Level 1:colcon.colcon_core.package_identification:_identify(log) ignored
[0.212s] Level 1:colcon.colcon_core.package_identification:_identify(src) by extensions ['ignore', 'ignore_ament_install']
[0.212s] Level 1:colcon.colcon_core.package_identification:_identify(src) by extension 'ignore'
[0.212s] Level 1:colcon.colcon_core.package_identification:_identify(src) by extension 'ignore_ament_install'
[0.213s] Level 1:colcon.colcon_core.package_identification:_identify(src) by extensions ['colcon_pkg']
[0.213s] Level 1:colcon.colcon_core.package_identification:_identify(src) by extension 'colcon_pkg'
[0.213s] Level 1:colcon.colcon_core.package_identification:_identify(src) by extensions ['colcon_meta']
[0.213s] Level 1:colcon.colcon_core.package_identification:_identify(src) by extension 'colcon_meta'
[0.213s] Level 1:colcon.colcon_core.package_identification:_identify(src) by extensions ['ros']
[0.213s] Level 1:colcon.colcon_core.package_identification:_identify(src) by extension 'ros'
[0.213s] Level 1:colcon.colcon_core.package_identification:_identify(src) by extensions ['cmake', 'python']
[0.213s] Level 1:colcon.colcon_core.package_identification:_identify(src) by extension 'cmake'
[0.213s] Level 1:colcon.colcon_core.package_identification:_identify(src) by extension 'python'
[0.213s] Level 1:colcon.colcon_core.package_identification:_identify(src) by extensions ['python_setup_py']
[0.213s] Level 1:colcon.colcon_core.package_identification:_identify(src) by extension 'python_setup_py'
[0.213s] Level 1:colcon.colcon_core.package_identification:_identify(src/linorobot2) by extensions ['ignore', 'ignore_ament_install']
[0.213s] Level 1:colcon.colcon_core.package_identification:_identify(src/linorobot2) by extension 'ignore'
[0.214s] Level 1:colcon.colcon_core.package_identification:_identify(src/linorobot2) by extension 'ignore_ament_install'
[0.214s] Level 1:colcon.colcon_core.package_identification:_identify(src/linorobot2) by extensions ['colcon_pkg']
[0.214s] Level 1:colcon.colcon_core.package_identification:_identify(src/linorobot2) by extension 'colcon_pkg'
[0.214s] Level 1:colcon.colcon_core.package_identification:_identify(src/linorobot2) by extensions ['colcon_meta']
[0.214s] Level 1:colcon.colcon_core.package_identification:_identify(src/linorobot2) by extension 'colcon_meta'
[0.214s] Level 1:colcon.colcon_core.package_identification:_identify(src/linorobot2) by extensions ['ros']
[0.214s] Level 1:colcon.colcon_core.package_identification:_identify(src/linorobot2) by extension 'ros'
[0.214s] Level 1:colcon.colcon_core.package_identification:_identify(src/linorobot2) by extensions ['cmake', 'python']
[0.214s] Level 1:colcon.colcon_core.package_identification:_identify(src/linorobot2) by extension 'cmake'
[0.214s] Level 1:colcon.colcon_core.package_identification:_identify(src/linorobot2) by extension 'python'
[0.214s] Level 1:colcon.colcon_core.package_identification:_identify(src/linorobot2) by extensions ['python_setup_py']
[0.214s] Level 1:colcon.colcon_core.package_identification:_identify(src/linorobot2) by extension 'python_setup_py'
[0.214s] Level 1:colcon.colcon_core.package_identification:_identify(src/linorobot2/docs) by extensions ['ignore', 'ignore_ament_install']
[0.214s] Level 1:colcon.colcon_core.package_identification:_identify(src/linorobot2/docs) by extension 'ignore'
[0.214s] Level 1:colcon.colcon_core.package_identification:_identify(src/linorobot2/docs) by extension 'ignore_ament_install'
[0.215s] Level 1:colcon.colcon_core.package_identification:_identify(src/linorobot2/docs) by extensions ['colcon_pkg']
[0.215s] Level 1:colcon.colcon_core.package_identification:_identify(src/linorobot2/docs) by extension 'colcon_pkg'
[0.215s] Level 1:colcon.colcon_core.package_identification:_identify(src/linorobot2/docs) by extensions ['colcon_meta']
[0.215s] Level 1:colcon.colcon_core.package_identification:_identify(src/linorobot2/docs) by extension 'colcon_meta'
[0.215s] Level 1:colcon.colcon_core.package_identification:_identify(src/linorobot2/docs) by extensions ['ros']
[0.215s] Level 1:colcon.colcon_core.package_identification:_identify(src/linorobot2/docs) by extension 'ros'
[0.215s] Level 1:colcon.colcon_core.package_identification:_identify(src/linorobot2/docs) by extensions ['cmake', 'python']
[0.215s] Level 1:colcon.colcon_core.package_identification:_identify(src/linorobot2/docs) by extension 'cmake'
[0.215s] Level 1:colcon.colcon_core.package_identification:_identify(src/linorobot2/docs) by extension 'python'
[0.215s] Level 1:colcon.colcon_core.package_identification:_identify(src/linorobot2/docs) by extensions ['python_setup_py']
[0.215s] Level 1:colcon.colcon_core.package_identification:_identify(src/linorobot2/docs) by extension 'python_setup_py'
[0.215s] Level 1:colcon.colcon_core.package_identification:_identify(src/linorobot2/linorobot2) by extensions ['ignore', 'ignore_ament_install']
[0.215s] Level 1:colcon.colcon_core.package_identification:_identify(src/linorobot2/linorobot2) by extension 'ignore'
[0.215s] Level 1:colcon.colcon_core.package_identification:_identify(src/linorobot2/linorobot2) by extension 'ignore_ament_install'
[0.215s] Level 1:colcon.colcon_core.package_identification:_identify(src/linorobot2/linorobot2) by extensions ['colcon_pkg']
[0.215s] Level 1:colcon.colcon_core.package_identification:_identify(src/linorobot2/linorobot2) by extension 'colcon_pkg'
[0.215s] Level 1:colcon.colcon_core.package_identification:_identify(src/linorobot2/linorobot2) by extensions ['colcon_meta']
[0.215s] Level 1:colcon.colcon_core.package_identification:_identify(src/linorobot2/linorobot2) by extension 'colcon_meta'
[0.215s] Level 1:colcon.colcon_core.package_identification:_identify(src/linorobot2/linorobot2) by extensions ['ros']
[0.215s] Level 1:colcon.colcon_core.package_identification:_identify(src/linorobot2/linorobot2) by extension 'ros'
[0.219s] DEBUG:colcon.colcon_core.package_identification:Package 'src/linorobot2/linorobot2' with type 'ros.ament_cmake' and name 'linorobot2'
[0.219s] Level 1:colcon.colcon_core.package_identification:_identify(src/linorobot2/linorobot2_base) by extensions ['ignore', 'ignore_ament_install']
[0.219s] Level 1:colcon.colcon_core.package_identification:_identify(src/linorobot2/linorobot2_base) by extension 'ignore'
[0.219s] Level 1:colcon.colcon_core.package_identification:_identify(src/linorobot2/linorobot2_base) by extension 'ignore_ament_install'
[0.219s] Level 1:colcon.colcon_core.package_identification:_identify(src/linorobot2/linorobot2_base) by extensions ['colcon_pkg']
[0.219s] Level 1:colcon.colcon_core.package_identification:_identify(src/linorobot2/linorobot2_base) by extension 'colcon_pkg'
[0.219s] Level 1:colcon.colcon_core.package_identification:_identify(src/linorobot2/linorobot2_base) by extensions ['colcon_meta']
[0.219s] Level 1:colcon.colcon_core.package_identification:_identify(src/linorobot2/linorobot2_base) by extension 'colcon_meta'
[0.219s] Level 1:colcon.colcon_core.package_identification:_identify(src/linorobot2/linorobot2_base) by extensions ['ros']
[0.220s] Level 1:colcon.colcon_core.package_identification:_identify(src/linorobot2/linorobot2_base) by extension 'ros'
[0.220s] DEBUG:colcon.colcon_core.package_identification:Package 'src/linorobot2/linorobot2_base' with type 'ros.ament_cmake' and name 'linorobot2_base'
[0.220s] Level 1:colcon.colcon_core.package_identification:_identify(src/linorobot2/linorobot2_bringup) by extensions ['ignore', 'ignore_ament_install']
[0.220s] Level 1:colcon.colcon_core.package_identification:_identify(src/linorobot2/linorobot2_bringup) by extension 'ignore'
[0.220s] Level 1:colcon.colcon_core.package_identification:_identify(src/linorobot2/linorobot2_bringup) by extension 'ignore_ament_install'
[0.220s] Level 1:colcon.colcon_core.package_identification:_identify(src/linorobot2/linorobot2_bringup) by extensions ['colcon_pkg']
[0.220s] Level 1:colcon.colcon_core.package_identification:_identify(src/linorobot2/linorobot2_bringup) by extension 'colcon_pkg'
[0.221s] Level 1:colcon.colcon_core.package_identification:_identify(src/linorobot2/linorobot2_bringup) by extensions ['colcon_meta']
[0.221s] Level 1:colcon.colcon_core.package_identification:_identify(src/linorobot2/linorobot2_bringup) by extension 'colcon_meta'
[0.221s] Level 1:colcon.colcon_core.package_identification:_identify(src/linorobot2/linorobot2_bringup) by extensions ['ros']
[0.221s] Level 1:colcon.colcon_core.package_identification:_identify(src/linorobot2/linorobot2_bringup) by extension 'ros'
[0.221s] DEBUG:colcon.colcon_core.package_identification:Package 'src/linorobot2/linorobot2_bringup' with type 'ros.ament_cmake' and name 'linorobot2_bringup'
[0.222s] Level 1:colcon.colcon_core.package_identification:_identify(src/linorobot2/linorobot2_description) by extensions ['ignore', 'ignore_ament_install']
[0.222s] Level 1:colcon.colcon_core.package_identification:_identify(src/linorobot2/linorobot2_description) by extension 'ignore'
[0.222s] Level 1:colcon.colcon_core.package_identification:_identify(src/linorobot2/linorobot2_description) by extension 'ignore_ament_install'
[0.222s] Level 1:colcon.colcon_core.package_identification:_identify(src/linorobot2/linorobot2_description) by extensions ['colcon_pkg']
[0.222s] Level 1:colcon.colcon_core.package_identification:_identify(src/linorobot2/linorobot2_description) by extension 'colcon_pkg'
[0.222s] Level 1:colcon.colcon_core.package_identification:_identify(src/linorobot2/linorobot2_description) by extensions ['colcon_meta']
[0.222s] Level 1:colcon.colcon_core.package_identification:_identify(src/linorobot2/linorobot2_description) by extension 'colcon_meta'
[0.222s] Level 1:colcon.colcon_core.package_identification:_identify(src/linorobot2/linorobot2_description) by extensions ['ros']
[0.222s] Level 1:colcon.colcon_core.package_identification:_identify(src/linorobot2/linorobot2_description) by extension 'ros'
[0.223s] DEBUG:colcon.colcon_core.package_identification:Package 'src/linorobot2/linorobot2_description' with type 'ros.ament_cmake' and name 'linorobot2_description'
[0.223s] Level 1:colcon.colcon_core.package_identification:_identify(src/linorobot2/linorobot2_gazebo) by extensions ['ignore', 'ignore_ament_install']
[0.223s] Level 1:colcon.colcon_core.package_identification:_identify(src/linorobot2/linorobot2_gazebo) by extension 'ignore'
[0.223s] Level 1:colcon.colcon_core.package_identification:_identify(src/linorobot2/linorobot2_gazebo) by extension 'ignore_ament_install'
[0.223s] Level 1:colcon.colcon_core.package_identification:_identify(src/linorobot2/linorobot2_gazebo) by extensions ['colcon_pkg']
[0.223s] Level 1:colcon.colcon_core.package_identification:_identify(src/linorobot2/linorobot2_gazebo) by extension 'colcon_pkg'
[0.223s] Level 1:colcon.colcon_core.package_identification:_identify(src/linorobot2/linorobot2_gazebo) by extensions ['colcon_meta']
[0.223s] Level 1:colcon.colcon_core.package_identification:_identify(src/linorobot2/linorobot2_gazebo) by extension 'colcon_meta'
[0.223s] Level 1:colcon.colcon_core.package_identification:_identify(src/linorobot2/linorobot2_gazebo) by extensions ['ros']
[0.223s] Level 1:colcon.colcon_core.package_identification:_identify(src/linorobot2/linorobot2_gazebo) by extension 'ros'
[0.224s] DEBUG:colcon.colcon_core.package_identification:Package 'src/linorobot2/linorobot2_gazebo' with type 'ros.ament_cmake' and name 'linorobot2_gazebo'
[0.224s] Level 1:colcon.colcon_core.package_identification:_identify(src/linorobot2/linorobot2_navigation) by extensions ['ignore', 'ignore_ament_install']
[0.224s] Level 1:colcon.colcon_core.package_identification:_identify(src/linorobot2/linorobot2_navigation) by extension 'ignore'
[0.224s] Level 1:colcon.colcon_core.package_identification:_identify(src/linorobot2/linorobot2_navigation) by extension 'ignore_ament_install'
[0.224s] Level 1:colcon.colcon_core.package_identification:_identify(src/linorobot2/linorobot2_navigation) by extensions ['colcon_pkg']
[0.224s] Level 1:colcon.colcon_core.package_identification:_identify(src/linorobot2/linorobot2_navigation) by extension 'colcon_pkg'
[0.224s] Level 1:colcon.colcon_core.package_identification:_identify(src/linorobot2/linorobot2_navigation) by extensions ['colcon_meta']
[0.224s] Level 1:colcon.colcon_core.package_identification:_identify(src/linorobot2/linorobot2_navigation) by extension 'colcon_meta'
[0.224s] Level 1:colcon.colcon_core.package_identification:_identify(src/linorobot2/linorobot2_navigation) by extensions ['ros']
[0.224s] Level 1:colcon.colcon_core.package_identification:_identify(src/linorobot2/linorobot2_navigation) by extension 'ros'
[0.225s] DEBUG:colcon.colcon_core.package_identification:Package 'src/linorobot2/linorobot2_navigation' with type 'ros.ament_cmake' and name 'linorobot2_navigation'
[0.225s] Level 1:colcon.colcon_core.package_identification:_identify(src/linorobot2_viz) by extensions ['ignore', 'ignore_ament_install']
[0.225s] Level 1:colcon.colcon_core.package_identification:_identify(src/linorobot2_viz) by extension 'ignore'
[0.225s] Level 1:colcon.colcon_core.package_identification:_identify(src/linorobot2_viz) by extension 'ignore_ament_install'
[0.225s] Level 1:colcon.colcon_core.package_identification:_identify(src/linorobot2_viz) by extensions ['colcon_pkg']
[0.225s] Level 1:colcon.colcon_core.package_identification:_identify(src/linorobot2_viz) by extension 'colcon_pkg'
[0.225s] Level 1:colcon.colcon_core.package_identification:_identify(src/linorobot2_viz) by extensions ['colcon_meta']
[0.225s] Level 1:colcon.colcon_core.package_identification:_identify(src/linorobot2_viz) by extension 'colcon_meta'
[0.225s] Level 1:colcon.colcon_core.package_identification:_identify(src/linorobot2_viz) by extensions ['ros']
[0.225s] Level 1:colcon.colcon_core.package_identification:_identify(src/linorobot2_viz) by extension 'ros'
[0.226s] DEBUG:colcon.colcon_core.package_identification:Package 'src/linorobot2_viz' with type 'ros.ament_cmake' and name 'linorobot2_viz'
[0.226s] Level 1:colcon.colcon_core.package_identification:_identify(src/robomaster_pkg) by extensions ['ignore', 'ignore_ament_install']
[0.226s] Level 1:colcon.colcon_core.package_identification:_identify(src/robomaster_pkg) by extension 'ignore'
[0.226s] Level 1:colcon.colcon_core.package_identification:_identify(src/robomaster_pkg) by extension 'ignore_ament_install'
[0.226s] Level 1:colcon.colcon_core.package_identification:_identify(src/robomaster_pkg) by extensions ['colcon_pkg']
[0.226s] Level 1:colcon.colcon_core.package_identification:_identify(src/robomaster_pkg) by extension 'colcon_pkg'
[0.226s] Level 1:colcon.colcon_core.package_identification:_identify(src/robomaster_pkg) by extensions ['colcon_meta']
[0.226s] Level 1:colcon.colcon_core.package_identification:_identify(src/robomaster_pkg) by extension 'colcon_meta'
[0.226s] Level 1:colcon.colcon_core.package_identification:_identify(src/robomaster_pkg) by extensions ['ros']
[0.226s] Level 1:colcon.colcon_core.package_identification:_identify(src/robomaster_pkg) by extension 'ros'
[0.227s] DEBUG:colcon.colcon_core.package_identification:Package 'src/robomaster_pkg' with type 'ros.ament_python' and name 'robomaster_pkg'
[0.227s] Level 1:colcon.colcon_core.package_discovery:discover_packages(recursive) using defaults
[0.227s] Level 1:colcon.colcon_core.package_discovery:discover_packages(ignore) discover
[0.227s] Level 1:colcon.colcon_core.package_discovery:discover_packages(ignore) using defaults
[0.227s] Level 1:colcon.colcon_core.package_discovery:discover_packages(path) discover
[0.227s] Level 1:colcon.colcon_core.package_discovery:discover_packages(path) using defaults
[0.243s] Level 1:colcon.colcon_core.package_discovery:discover_packages(prefix_path) check parameters
[0.243s] Level 1:colcon.colcon_core.package_discovery:discover_packages(prefix_path) discover
[0.247s] DEBUG:colcon.colcon_installed_package_information.package_discovery:Found 332 installed packages in /opt/ros/foxy
[0.248s] Level 1:colcon.colcon_core.package_discovery:discover_packages(prefix_path) using defaults
[0.336s] Level 5:colcon.colcon_core.verb:set package 'linorobot2' build argument 'cmake_args' from command line to 'None'
[0.336s] Level 5:colcon.colcon_core.verb:set package 'linorobot2' build argument 'cmake_target' from command line to 'None'
[0.336s] Level 5:colcon.colcon_core.verb:set package 'linorobot2' build argument 'cmake_target_skip_unavailable' from command line to 'False'
[0.336s] Level 5:colcon.colcon_core.verb:set package 'linorobot2' build argument 'cmake_clean_cache' from command line to 'False'
[0.336s] Level 5:colcon.colcon_core.verb:set package 'linorobot2' build argument 'cmake_clean_first' from command line to 'False'
[0.336s] Level 5:colcon.colcon_core.verb:set package 'linorobot2' build argument 'cmake_force_configure' from command line to 'False'
[0.336s] Level 5:colcon.colcon_core.verb:set package 'linorobot2' build argument 'ament_cmake_args' from command line to 'None'
[0.336s] Level 5:colcon.colcon_core.verb:set package 'linorobot2' build argument 'catkin_cmake_args' from command line to 'None'
[0.336s] Level 5:colcon.colcon_core.verb:set package 'linorobot2' build argument 'catkin_skip_building_tests' from command line to 'False'
[0.336s] DEBUG:colcon.colcon_core.verb:Building package 'linorobot2' with the following arguments: {'ament_cmake_args': None, 'build_base': '/home/samet/Desktop/lino2/build/linorobot2', 'catkin_cmake_args': None, 'catkin_skip_building_tests': False, 'cmake_args': None, 'cmake_clean_cache': False, 'cmake_clean_first': False, 'cmake_force_configure': False, 'cmake_target': None, 'cmake_target_skip_unavailable': False, 'install_base': '/home/samet/Desktop/lino2/install/linorobot2', 'merge_install': False, 'path': '/home/samet/Desktop/lino2/src/linorobot2/linorobot2', 'symlink_install': False, 'test_result_base': None}
[0.337s] Level 5:colcon.colcon_core.verb:set package 'linorobot2_base' build argument 'cmake_args' from command line to 'None'
[0.337s] Level 5:colcon.colcon_core.verb:set package 'linorobot2_base' build argument 'cmake_target' from command line to 'None'
[0.337s] Level 5:colcon.colcon_core.verb:set package 'linorobot2_base' build argument 'cmake_target_skip_unavailable' from command line to 'False'
[0.337s] Level 5:colcon.colcon_core.verb:set package 'linorobot2_base' build argument 'cmake_clean_cache' from command line to 'False'
[0.337s] Level 5:colcon.colcon_core.verb:set package 'linorobot2_base' build argument 'cmake_clean_first' from command line to 'False'
[0.337s] Level 5:colcon.colcon_core.verb:set package 'linorobot2_base' build argument 'cmake_force_configure' from command line to 'False'
[0.338s] Level 5:colcon.colcon_core.verb:set package 'linorobot2_base' build argument 'ament_cmake_args' from command line to 'None'
[0.338s] Level 5:colcon.colcon_core.verb:set package 'linorobot2_base' build argument 'catkin_cmake_args' from command line to 'None'
[0.338s] Level 5:colcon.colcon_core.verb:set package 'linorobot2_base' build argument 'catkin_skip_building_tests' from command line to 'False'
[0.338s] DEBUG:colcon.colcon_core.verb:Building package 'linorobot2_base' with the following arguments: {'ament_cmake_args': None, 'build_base': '/home/samet/Desktop/lino2/build/linorobot2_base', 'catkin_cmake_args': None, 'catkin_skip_building_tests': False, 'cmake_args': None, 'cmake_clean_cache': False, 'cmake_clean_first': False, 'cmake_force_configure': False, 'cmake_target': None, 'cmake_target_skip_unavailable': False, 'install_base': '/home/samet/Desktop/lino2/install/linorobot2_base', 'merge_install': False, 'path': '/home/samet/Desktop/lino2/src/linorobot2/linorobot2_base', 'symlink_install': False, 'test_result_base': None}
[0.338s] Level 5:colcon.colcon_core.verb:set package 'linorobot2_bringup' build argument 'cmake_args' from command line to 'None'
[0.338s] Level 5:colcon.colcon_core.verb:set package 'linorobot2_bringup' build argument 'cmake_target' from command line to 'None'
[0.338s] Level 5:colcon.colcon_core.verb:set package 'linorobot2_bringup' build argument 'cmake_target_skip_unavailable' from command line to 'False'
[0.338s] Level 5:colcon.colcon_core.verb:set package 'linorobot2_bringup' build argument 'cmake_clean_cache' from command line to 'False'
[0.338s] Level 5:colcon.colcon_core.verb:set package 'linorobot2_bringup' build argument 'cmake_clean_first' from command line to 'False'
[0.338s] Level 5:colcon.colcon_core.verb:set package 'linorobot2_bringup' build argument 'cmake_force_configure' from command line to 'False'
[0.338s] Level 5:colcon.colcon_core.verb:set package 'linorobot2_bringup' build argument 'ament_cmake_args' from command line to 'None'
[0.338s] Level 5:colcon.colcon_core.verb:set package 'linorobot2_bringup' build argument 'catkin_cmake_args' from command line to 'None'
[0.339s] Level 5:colcon.colcon_core.verb:set package 'linorobot2_bringup' build argument 'catkin_skip_building_tests' from command line to 'False'
[0.339s] DEBUG:colcon.colcon_core.verb:Building package 'linorobot2_bringup' with the following arguments: {'ament_cmake_args': None, 'build_base': '/home/samet/Desktop/lino2/build/linorobot2_bringup', 'catkin_cmake_args': None, 'catkin_skip_building_tests': False, 'cmake_args': None, 'cmake_clean_cache': False, 'cmake_clean_first': False, 'cmake_force_configure': False, 'cmake_target': None, 'cmake_target_skip_unavailable': False, 'install_base': '/home/samet/Desktop/lino2/install/linorobot2_bringup', 'merge_install': False, 'path': '/home/samet/Desktop/lino2/src/linorobot2/linorobot2_bringup', 'symlink_install': False, 'test_result_base': None}
[0.339s] Level 5:colcon.colcon_core.verb:set package 'linorobot2_description' build argument 'cmake_args' from command line to 'None'
[0.339s] Level 5:colcon.colcon_core.verb:set package 'linorobot2_description' build argument 'cmake_target' from command line to 'None'
[0.339s] Level 5:colcon.colcon_core.verb:set package 'linorobot2_description' build argument 'cmake_target_skip_unavailable' from command line to 'False'
[0.339s] Level 5:colcon.colcon_core.verb:set package 'linorobot2_description' build argument 'cmake_clean_cache' from command line to 'False'
[0.339s] Level 5:colcon.colcon_core.verb:set package 'linorobot2_description' build argument 'cmake_clean_first' from command line to 'False'
[0.339s] Level 5:colcon.colcon_core.verb:set package 'linorobot2_description' build argument 'cmake_force_configure' from command line to 'False'
[0.340s] Level 5:colcon.colcon_core.verb:set package 'linorobot2_description' build argument 'ament_cmake_args' from command line to 'None'
[0.340s] Level 5:colcon.colcon_core.verb:set package 'linorobot2_description' build argument 'catkin_cmake_args' from command line to 'None'
[0.340s] Level 5:colcon.colcon_core.verb:set package 'linorobot2_description' build argument 'catkin_skip_building_tests' from command line to 'False'
[0.340s] DEBUG:colcon.colcon_core.verb:Building package 'linorobot2_description' with the following arguments: {'ament_cmake_args': None, 'build_base': '/home/samet/Desktop/lino2/build/linorobot2_description', 'catkin_cmake_args': None, 'catkin_skip_building_tests': False, 'cmake_args': None, 'cmake_clean_cache': False, 'cmake_clean_first': False, 'cmake_force_configure': False, 'cmake_target': None, 'cmake_target_skip_unavailable': False, 'install_base': '/home/samet/Desktop/lino2/install/linorobot2_description', 'merge_install': False, 'path': '/home/samet/Desktop/lino2/src/linorobot2/linorobot2_description', 'symlink_install': False, 'test_result_base': None}
[0.340s] Level 5:colcon.colcon_core.verb:set package 'linorobot2_gazebo' build argument 'cmake_args' from command line to 'None'
[0.340s] Level 5:colcon.colcon_core.verb:set package 'linorobot2_gazebo' build argument 'cmake_target' from command line to 'None'
[0.340s] Level 5:colcon.colcon_core.verb:set package 'linorobot2_gazebo' build argument 'cmake_target_skip_unavailable' from command line to 'False'
[0.340s] Level 5:colcon.colcon_core.verb:set package 'linorobot2_gazebo' build argument 'cmake_clean_cache' from command line to 'False'
[0.340s] Level 5:colcon.colcon_core.verb:set package 'linorobot2_gazebo' build argument 'cmake_clean_first' from command line to 'False'
[0.340s] Level 5:colcon.colcon_core.verb:set package 'linorobot2_gazebo' build argument 'cmake_force_configure' from command line to 'False'
[0.340s] Level 5:colcon.colcon_core.verb:set package 'linorobot2_gazebo' build argument 'ament_cmake_args' from command line to 'None'
[0.340s] Level 5:colcon.colcon_core.verb:set package 'linorobot2_gazebo' build argument 'catkin_cmake_args' from command line to 'None'
[0.340s] Level 5:colcon.colcon_core.verb:set package 'linorobot2_gazebo' build argument 'catkin_skip_building_tests' from command line to 'False'
[0.340s] DEBUG:colcon.colcon_core.verb:Building package 'linorobot2_gazebo' with the following arguments: {'ament_cmake_args': None, 'build_base': '/home/samet/Desktop/lino2/build/linorobot2_gazebo', 'catkin_cmake_args': None, 'catkin_skip_building_tests': False, 'cmake_args': None, 'cmake_clean_cache': False, 'cmake_clean_first': False, 'cmake_force_configure': False, 'cmake_target': None, 'cmake_target_skip_unavailable': False, 'install_base': '/home/samet/Desktop/lino2/install/linorobot2_gazebo', 'merge_install': False, 'path': '/home/samet/Desktop/lino2/src/linorobot2/linorobot2_gazebo', 'symlink_install': False, 'test_result_base': None}
[0.341s] Level 5:colcon.colcon_core.verb:set package 'linorobot2_navigation' build argument 'cmake_args' from command line to 'None'
[0.341s] Level 5:colcon.colcon_core.verb:set package 'linorobot2_navigation' build argument 'cmake_target' from command line to 'None'
[0.341s] Level 5:colcon.colcon_core.verb:set package 'linorobot2_navigation' build argument 'cmake_target_skip_unavailable' from command line to 'False'
[0.341s] Level 5:colcon.colcon_core.verb:set package 'linorobot2_navigation' build argument 'cmake_clean_cache' from command line to 'False'
[0.341s] Level 5:colcon.colcon_core.verb:set package 'linorobot2_navigation' build argument 'cmake_clean_first' from command line to 'False'
[0.341s] Level 5:colcon.colcon_core.verb:set package 'linorobot2_navigation' build argument 'cmake_force_configure' from command line to 'False'
[0.341s] Level 5:colcon.colcon_core.verb:set package 'linorobot2_navigation' build argument 'ament_cmake_args' from command line to 'None'
[0.341s] Level 5:colcon.colcon_core.verb:set package 'linorobot2_navigation' build argument 'catkin_cmake_args' from command line to 'None'
[0.341s] Level 5:colcon.colcon_core.verb:set package 'linorobot2_navigation' build argument 'catkin_skip_building_tests' from command line to 'False'
[0.341s] DEBUG:colcon.colcon_core.verb:Building package 'linorobot2_navigation' with the following arguments: {'ament_cmake_args': None, 'build_base': '/home/samet/Desktop/lino2/build/linorobot2_navigation', 'catkin_cmake_args': None, 'catkin_skip_building_tests': False, 'cmake_args': None, 'cmake_clean_cache': False, 'cmake_clean_first': False, 'cmake_force_configure': False, 'cmake_target': None, 'cmake_target_skip_unavailable': False, 'install_base': '/home/samet/Desktop/lino2/install/linorobot2_navigation', 'merge_install': False, 'path': '/home/samet/Desktop/lino2/src/linorobot2/linorobot2_navigation', 'symlink_install': False, 'test_result_base': None}
[0.342s] Level 5:colcon.colcon_core.verb:set package 'linorobot2_viz' build argument 'cmake_args' from command line to 'None'
[0.342s] Level 5:colcon.colcon_core.verb:set package 'linorobot2_viz' build argument 'cmake_target' from command line to 'None'
[0.342s] Level 5:colcon.colcon_core.verb:set package 'linorobot2_viz' build argument 'cmake_target_skip_unavailable' from command line to 'False'
[0.342s] Level 5:colcon.colcon_core.verb:set package 'linorobot2_viz' build argument 'cmake_clean_cache' from command line to 'False'
[0.342s] Level 5:colcon.colcon_core.verb:set package 'linorobot2_viz' build argument 'cmake_clean_first' from command line to 'False'
[0.342s] Level 5:colcon.colcon_core.verb:set package 'linorobot2_viz' build argument 'cmake_force_configure' from command line to 'False'
[0.342s] Level 5:colcon.colcon_core.verb:set package 'linorobot2_viz' build argument 'ament_cmake_args' from command line to 'None'
[0.342s] Level 5:colcon.colcon_core.verb:set package 'linorobot2_viz' build argument 'catkin_cmake_args' from command line to 'None'
[0.342s] Level 5:colcon.colcon_core.verb:set package 'linorobot2_viz' build argument 'catkin_skip_building_tests' from command line to 'False'
[0.342s] DEBUG:colcon.colcon_core.verb:Building package 'linorobot2_viz' with the following arguments: {'ament_cmake_args': None, 'build_base': '/home/samet/Desktop/lino2/build/linorobot2_viz', 'catkin_cmake_args': None, 'catkin_skip_building_tests': False, 'cmake_args': None, 'cmake_clean_cache': False, 'cmake_clean_first': False, 'cmake_force_configure': False, 'cmake_target': None, 'cmake_target_skip_unavailable': False, 'install_base': '/home/samet/Desktop/lino2/install/linorobot2_viz', 'merge_install': False, 'path': '/home/samet/Desktop/lino2/src/linorobot2_viz', 'symlink_install': False, 'test_result_base': None}
[0.343s] Level 5:colcon.colcon_core.verb:set package 'robomaster_pkg' build argument 'cmake_args' from command line to 'None'
[0.343s] Level 5:colcon.colcon_core.verb:set package 'robomaster_pkg' build argument 'cmake_target' from command line to 'None'
[0.343s] Level 5:colcon.colcon_core.verb:set package 'robomaster_pkg' build argument 'cmake_target_skip_unavailable' from command line to 'False'
[0.343s] Level 5:colcon.colcon_core.verb:set package 'robomaster_pkg' build argument 'cmake_clean_cache' from command line to 'False'
[0.343s] Level 5:colcon.colcon_core.verb:set package 'robomaster_pkg' build argument 'cmake_clean_first' from command line to 'False'
[0.343s] Level 5:colcon.colcon_core.verb:set package 'robomaster_pkg' build argument 'cmake_force_configure' from command line to 'False'
[0.343s] Level 5:colcon.colcon_core.verb:set package 'robomaster_pkg' build argument 'ament_cmake_args' from command line to 'None'
[0.343s] Level 5:colcon.colcon_core.verb:set package 'robomaster_pkg' build argument 'catkin_cmake_args' from command line to 'None'
[0.343s] Level 5:colcon.colcon_core.verb:set package 'robomaster_pkg' build argument 'catkin_skip_building_tests' from command line to 'False'
[0.343s] DEBUG:colcon.colcon_core.verb:Building package 'robomaster_pkg' with the following arguments: {'ament_cmake_args': None, 'build_base': '/home/samet/Desktop/lino2/build/robomaster_pkg', 'catkin_cmake_args': None, 'catkin_skip_building_tests': False, 'cmake_args': None, 'cmake_clean_cache': False, 'cmake_clean_first': False, 'cmake_force_configure': False, 'cmake_target': None, 'cmake_target_skip_unavailable': False, 'install_base': '/home/samet/Desktop/lino2/install/robomaster_pkg', 'merge_install': False, 'path': '/home/samet/Desktop/lino2/src/robomaster_pkg', 'symlink_install': False, 'test_result_base': None}
[0.343s] INFO:colcon.colcon_core.executor:Executing jobs using 'parallel' executor
[0.345s] DEBUG:colcon.colcon_parallel_executor.executor.parallel:run_until_complete
[0.345s] INFO:colcon.colcon_ros.task.ament_cmake.build:Building ROS package in '/home/samet/Desktop/lino2/src/linorobot2/linorobot2' with build type 'ament_cmake'
[0.346s] INFO:colcon.colcon_cmake.task.cmake.build:Building CMake package in '/home/samet/Desktop/lino2/src/linorobot2/linorobot2'
[0.351s] INFO:colcon.colcon_core.plugin_system:Skipping extension 'colcon_core.shell.bat': Not used on non-Windows systems
[0.351s] INFO:colcon.colcon_core.shell:Skip shell extension 'powershell' for command environment: Not usable outside of PowerShell
[0.351s] DEBUG:colcon.colcon_core.shell:Skip shell extension 'dsv' for command environment
[0.355s] INFO:colcon.colcon_ros.task.ament_cmake.build:Building ROS package in '/home/samet/Desktop/lino2/src/linorobot2/linorobot2_base' with build type 'ament_cmake'
[0.356s] INFO:colcon.colcon_cmake.task.cmake.build:Building CMake package in '/home/samet/Desktop/lino2/src/linorobot2/linorobot2_base'
[0.357s] INFO:colcon.colcon_core.shell:Skip shell extension 'powershell' for command environment: Not usable outside of PowerShell
[0.357s] DEBUG:colcon.colcon_core.shell:Skip shell extension 'dsv' for command environment
[0.362s] INFO:colcon.colcon_ros.task.ament_cmake.build:Building ROS package in '/home/samet/Desktop/lino2/src/linorobot2/linorobot2_bringup' with build type 'ament_cmake'
[0.362s] INFO:colcon.colcon_cmake.task.cmake.build:Building CMake package in '/home/samet/Desktop/lino2/src/linorobot2/linorobot2_bringup'
[0.363s] INFO:colcon.colcon_core.shell:Skip shell extension 'powershell' for command environment: Not usable outside of PowerShell
[0.363s] DEBUG:colcon.colcon_core.shell:Skip shell extension 'dsv' for command environment
[0.367s] INFO:colcon.colcon_ros.task.ament_cmake.build:Building ROS package in '/home/samet/Desktop/lino2/src/linorobot2/linorobot2_description' with build type 'ament_cmake'
[0.367s] INFO:colcon.colcon_cmake.task.cmake.build:Building CMake package in '/home/samet/Desktop/lino2/src/linorobot2/linorobot2_description'
[0.368s] INFO:colcon.colcon_core.shell:Skip shell extension 'powershell' for command environment: Not usable outside of PowerShell
[0.368s] DEBUG:colcon.colcon_core.shell:Skip shell extension 'dsv' for command environment
[0.372s] INFO:colcon.colcon_ros.task.ament_cmake.build:Building ROS package in '/home/samet/Desktop/lino2/src/linorobot2/linorobot2_gazebo' with build type 'ament_cmake'
[0.372s] INFO:colcon.colcon_cmake.task.cmake.build:Building CMake package in '/home/samet/Desktop/lino2/src/linorobot2/linorobot2_gazebo'
[0.373s] INFO:colcon.colcon_core.shell:Skip shell extension 'powershell' for command environment: Not usable outside of PowerShell
[0.374s] DEBUG:colcon.colcon_core.shell:Skip shell extension 'dsv' for command environment
[0.378s] INFO:colcon.colcon_ros.task.ament_cmake.build:Building ROS package in '/home/samet/Desktop/lino2/src/linorobot2/linorobot2_navigation' with build type 'ament_cmake'
[0.378s] INFO:colcon.colcon_cmake.task.cmake.build:Building CMake package in '/home/samet/Desktop/lino2/src/linorobot2/linorobot2_navigation'
[0.379s] INFO:colcon.colcon_core.shell:Skip shell extension 'powershell' for command environment: Not usable outside of PowerShell
[0.379s] DEBUG:colcon.colcon_core.shell:Skip shell extension 'dsv' for command environment
[0.383s] INFO:colcon.colcon_ros.task.ament_cmake.build:Building ROS package in '/home/samet/Desktop/lino2/src/linorobot2_viz' with build type 'ament_cmake'
[0.383s] INFO:colcon.colcon_cmake.task.cmake.build:Building CMake package in '/home/samet/Desktop/lino2/src/linorobot2_viz'
[0.384s] INFO:colcon.colcon_core.shell:Skip shell extension 'powershell' for command environment: Not usable outside of PowerShell
[0.384s] DEBUG:colcon.colcon_core.shell:Skip shell extension 'dsv' for command environment
[0.388s] INFO:colcon.colcon_ros.task.ament_python.build:Building ROS package in '/home/samet/Desktop/lino2/src/robomaster_pkg' with build type 'ament_python'
[0.388s] Level 1:colcon.colcon_core.shell:create_environment_hook('robomaster_pkg', 'ament_prefix_path')
[0.389s] INFO:colcon.colcon_core.shell:Creating environment hook '/home/samet/Desktop/lino2/install/robomaster_pkg/share/robomaster_pkg/hook/ament_prefix_path.ps1'
[0.390s] INFO:colcon.colcon_core.shell:Creating environment descriptor '/home/samet/Desktop/lino2/install/robomaster_pkg/share/robomaster_pkg/hook/ament_prefix_path.dsv'
[0.391s] INFO:colcon.colcon_core.shell:Creating environment hook '/home/samet/Desktop/lino2/install/robomaster_pkg/share/robomaster_pkg/hook/ament_prefix_path.sh'
[0.392s] INFO:colcon.colcon_core.shell:Skip shell extension 'powershell' for command environment: Not usable outside of PowerShell
[0.392s] DEBUG:colcon.colcon_core.shell:Skip shell extension 'dsv' for command environment
[0.403s] DEBUG:colcon.colcon_core.event_handler.log_command:Invoking command in '/home/samet/Desktop/lino2/build/linorobot2': CMAKE_PREFIX_PATH=/opt/ros/foxy /usr/bin/cmake --build /home/samet/Desktop/lino2/build/linorobot2 -- -j12 -l12
[0.411s] DEBUG:colcon.colcon_core.event_handler.log_command:Invoking command in '/home/samet/Desktop/lino2/build/linorobot2_base': CMAKE_PREFIX_PATH=/opt/ros/foxy /usr/bin/cmake --build /home/samet/Desktop/lino2/build/linorobot2_base -- -j12 -l12
[0.417s] DEBUG:colcon.colcon_core.event_handler.log_command:Invoking command in '/home/samet/Desktop/lino2/build/linorobot2_bringup': CMAKE_PREFIX_PATH=/opt/ros/foxy /usr/bin/cmake --build /home/samet/Desktop/lino2/build/linorobot2_bringup -- -j12 -l12
[0.423s] DEBUG:colcon.colcon_core.event_handler.log_command:Invoking command in '/home/samet/Desktop/lino2/build/linorobot2_description': CMAKE_PREFIX_PATH=/opt/ros/foxy /usr/bin/cmake --build /home/samet/Desktop/lino2/build/linorobot2_description -- -j12 -l12
[0.427s] DEBUG:colcon.colcon_core.event_handler.log_command:Invoking command in '/home/samet/Desktop/lino2/build/linorobot2_gazebo': CMAKE_PREFIX_PATH=/opt/ros/foxy /usr/bin/cmake --build /home/samet/Desktop/lino2/build/linorobot2_gazebo -- -j12 -l12
[0.432s] DEBUG:colcon.colcon_core.event_handler.log_command:Invoking command in '/home/samet/Desktop/lino2/build/linorobot2_navigation': CMAKE_PREFIX_PATH=/opt/ros/foxy /usr/bin/cmake --build /home/samet/Desktop/lino2/build/linorobot2_navigation -- -j12 -l12
[0.438s] DEBUG:colcon.colcon_core.event_handler.log_command:Invoking command in '/home/samet/Desktop/lino2/build/linorobot2_viz': CMAKE_PREFIX_PATH=/opt/ros/foxy /usr/bin/cmake --build /home/samet/Desktop/lino2/build/linorobot2_viz -- -j12 -l12
[0.628s] INFO:colcon.colcon_core.task.python.build:Building Python package in '/home/samet/Desktop/lino2/src/robomaster_pkg'
[0.628s] INFO:colcon.colcon_core.shell:Skip shell extension 'powershell' for command environment: Not usable outside of PowerShell
[0.629s] DEBUG:colcon.colcon_core.shell:Skip shell extension 'dsv' for command environment
[0.647s] DEBUG:colcon.colcon_core.event_handler.log_command:Invoked command in '/home/samet/Desktop/lino2/build/linorobot2_bringup' returned '0': CMAKE_PREFIX_PATH=/opt/ros/foxy /usr/bin/cmake --build /home/samet/Desktop/lino2/build/linorobot2_bringup -- -j12 -l12
[0.649s] DEBUG:colcon.colcon_core.event_handler.log_command:Invoked command in '/home/samet/Desktop/lino2/build/linorobot2_base' returned '0': CMAKE_PREFIX_PATH=/opt/ros/foxy /usr/bin/cmake --build /home/samet/Desktop/lino2/build/linorobot2_base -- -j12 -l12
[0.651s] DEBUG:colcon.colcon_core.event_handler.log_command:Invoked command in '/home/samet/Desktop/lino2/build/linorobot2_description' returned '0': CMAKE_PREFIX_PATH=/opt/ros/foxy /usr/bin/cmake --build /home/samet/Desktop/lino2/build/linorobot2_description -- -j12 -l12
[0.657s] DEBUG:colcon.colcon_core.event_handler.log_command:Invoked command in '/home/samet/Desktop/lino2/build/linorobot2_gazebo' returned '0': CMAKE_PREFIX_PATH=/opt/ros/foxy /usr/bin/cmake --build /home/samet/Desktop/lino2/build/linorobot2_gazebo -- -j12 -l12
[0.660s] DEBUG:colcon.colcon_core.event_handler.log_command:Invoked command in '/home/samet/Desktop/lino2/build/linorobot2' returned '0': CMAKE_PREFIX_PATH=/opt/ros/foxy /usr/bin/cmake --build /home/samet/Desktop/lino2/build/linorobot2 -- -j12 -l12
[0.665s] DEBUG:colcon.colcon_core.event_handler.log_command:Invoked command in '/home/samet/Desktop/lino2/build/linorobot2_navigation' returned '0': CMAKE_PREFIX_PATH=/opt/ros/foxy /usr/bin/cmake --build /home/samet/Desktop/lino2/build/linorobot2_navigation -- -j12 -l12
[0.667s] DEBUG:colcon.colcon_core.event_handler.log_command:Invoked command in '/home/samet/Desktop/lino2/build/linorobot2_viz' returned '0': CMAKE_PREFIX_PATH=/opt/ros/foxy /usr/bin/cmake --build /home/samet/Desktop/lino2/build/linorobot2_viz -- -j12 -l12
[0.687s] DEBUG:colcon.colcon_core.event_handler.log_command:Invoking command in '/home/samet/Desktop/lino2/build/linorobot2_bringup': CMAKE_PREFIX_PATH=/opt/ros/foxy /usr/bin/cmake --install /home/samet/Desktop/lino2/build/linorobot2_bringup
[0.690s] DEBUG:colcon.colcon_core.event_handler.log_command:Invoking command in '/home/samet/Desktop/lino2/build/linorobot2_base': CMAKE_PREFIX_PATH=/opt/ros/foxy /usr/bin/cmake --install /home/samet/Desktop/lino2/build/linorobot2_base
[0.693s] DEBUG:colcon.colcon_core.event_handler.log_command:Invoking command in '/home/samet/Desktop/lino2/build/linorobot2_description': CMAKE_PREFIX_PATH=/opt/ros/foxy /usr/bin/cmake --install /home/samet/Desktop/lino2/build/linorobot2_description
[0.696s] DEBUG:colcon.colcon_core.event_handler.log_command:Invoking command in '/home/samet/Desktop/lino2/build/linorobot2_gazebo': CMAKE_PREFIX_PATH=/opt/ros/foxy /usr/bin/cmake --install /home/samet/Desktop/lino2/build/linorobot2_gazebo
[0.711s] Level 1:colcon.colcon_core.environment:create_environment_scripts_only(linorobot2_bringup)
[0.715s] DEBUG:colcon.colcon_core.event_handler.log_command:Invoking command in '/home/samet/Desktop/lino2/build/linorobot2_navigation': CMAKE_PREFIX_PATH=/opt/ros/foxy /usr/bin/cmake --install /home/samet/Desktop/lino2/build/linorobot2_navigation
[0.719s] DEBUG:colcon.colcon_core.event_handler.log_command:Invoking command in '/home/samet/Desktop/lino2/build/linorobot2': CMAKE_PREFIX_PATH=/opt/ros/foxy /usr/bin/cmake --install /home/samet/Desktop/lino2/build/linorobot2
[0.721s] DEBUG:colcon.colcon_core.event_handler.log_command:Invoking command in '/home/samet/Desktop/lino2/build/linorobot2_viz': CMAKE_PREFIX_PATH=/opt/ros/foxy /usr/bin/cmake --install /home/samet/Desktop/lino2/build/linorobot2_viz
[0.723s] DEBUG:colcon.colcon_core.event_handler.log_command:Invoked command in '/home/samet/Desktop/lino2/build/linorobot2_bringup' returned '0': CMAKE_PREFIX_PATH=/opt/ros/foxy /usr/bin/cmake --install /home/samet/Desktop/lino2/build/linorobot2_bringup
[0.728s] Level 1:colcon.colcon_core.environment:checking '/home/samet/Desktop/lino2/install/linorobot2_bringup' for CMake module files
[0.728s] Level 1:colcon.colcon_core.environment:checking '/home/samet/Desktop/lino2/install/linorobot2_bringup' for CMake config files
[0.729s] Level 1:colcon.colcon_core.shell:create_environment_hook('linorobot2_bringup', 'cmake_prefix_path')
[0.729s] INFO:colcon.colcon_core.shell:Creating environment hook '/home/samet/Desktop/lino2/install/linorobot2_bringup/share/linorobot2_bringup/hook/cmake_prefix_path.ps1'
[0.730s] INFO:colcon.colcon_core.shell:Creating environment descriptor '/home/samet/Desktop/lino2/install/linorobot2_bringup/share/linorobot2_bringup/hook/cmake_prefix_path.dsv'
[0.731s] INFO:colcon.colcon_core.shell:Creating environment hook '/home/samet/Desktop/lino2/install/linorobot2_bringup/share/linorobot2_bringup/hook/cmake_prefix_path.sh'
[0.731s] Level 1:colcon.colcon_core.environment:checking '/home/samet/Desktop/lino2/install/linorobot2_bringup/bin'
[0.731s] Level 1:colcon.colcon_core.environment:checking '/home/samet/Desktop/lino2/install/linorobot2_bringup/lib/pkgconfig/linorobot2_bringup.pc'
[0.732s] Level 1:colcon.colcon_core.environment:checking '/home/samet/Desktop/lino2/install/linorobot2_bringup/lib/python3.8/site-packages'
[0.732s] INFO:colcon.colcon_core.shell:Creating package script '/home/samet/Desktop/lino2/install/linorobot2_bringup/share/linorobot2_bringup/package.ps1'
[0.736s] INFO:colcon.colcon_core.shell:Creating package descriptor '/home/samet/Desktop/lino2/install/linorobot2_bringup/share/linorobot2_bringup/package.dsv'
[0.737s] INFO:colcon.colcon_core.shell:Creating package script '/home/samet/Desktop/lino2/install/linorobot2_bringup/share/linorobot2_bringup/package.sh'
[0.737s] INFO:colcon.colcon_core.shell:Creating package script '/home/samet/Desktop/lino2/install/linorobot2_bringup/share/linorobot2_bringup/package.bash'
[0.738s] INFO:colcon.colcon_core.shell:Creating package script '/home/samet/Desktop/lino2/install/linorobot2_bringup/share/linorobot2_bringup/package.zsh'
[0.739s] Level 1:colcon.colcon_core.environment:create_file_with_runtime_dependencies(/home/samet/Desktop/lino2/install/linorobot2_bringup/share/colcon-core/packages/linorobot2_bringup)
[0.742s] Level 1:colcon.colcon_core.environment:create_environment_scripts_only(linorobot2_base)
[0.743s] Level 1:colcon.colcon_core.environment:checking '/home/samet/Desktop/lino2/install/linorobot2_base' for CMake module files
[0.744s] DEBUG:colcon.colcon_core.event_handler.log_command:Invoked command in '/home/samet/Desktop/lino2/build/linorobot2_base' returned '0': CMAKE_PREFIX_PATH=/opt/ros/foxy /usr/bin/cmake --install /home/samet/Desktop/lino2/build/linorobot2_base
[0.744s] Level 1:colcon.colcon_core.environment:checking '/home/samet/Desktop/lino2/install/linorobot2_base' for CMake config files
[0.744s] Level 1:colcon.colcon_core.shell:create_environment_hook('linorobot2_base', 'cmake_prefix_path')
[0.745s] INFO:colcon.colcon_core.shell:Creating environment hook '/home/samet/Desktop/lino2/install/linorobot2_base/share/linorobot2_base/hook/cmake_prefix_path.ps1'
[0.745s] INFO:colcon.colcon_core.shell:Creating environment descriptor '/home/samet/Desktop/lino2/install/linorobot2_base/share/linorobot2_base/hook/cmake_prefix_path.dsv'
[0.746s] INFO:colcon.colcon_core.shell:Creating environment hook '/home/samet/Desktop/lino2/install/linorobot2_base/share/linorobot2_base/hook/cmake_prefix_path.sh'
[0.747s] Level 1:colcon.colcon_core.environment:checking '/home/samet/Desktop/lino2/install/linorobot2_base/bin'
[0.747s] Level 1:colcon.colcon_core.environment:checking '/home/samet/Desktop/lino2/install/linorobot2_base/lib/pkgconfig/linorobot2_base.pc'
[0.747s] Level 1:colcon.colcon_core.environment:checking '/home/samet/Desktop/lino2/install/linorobot2_base/lib/python3.8/site-packages'
[0.748s] INFO:colcon.colcon_core.shell:Creating package script '/home/samet/Desktop/lino2/install/linorobot2_base/share/linorobot2_base/package.ps1'
[0.748s] INFO:colcon.colcon_core.shell:Creating package descriptor '/home/samet/Desktop/lino2/install/linorobot2_base/share/linorobot2_base/package.dsv'
[0.748s] INFO:colcon.colcon_core.shell:Creating package script '/home/samet/Desktop/lino2/install/linorobot2_base/share/linorobot2_base/package.sh'
[0.749s] INFO:colcon.colcon_core.shell:Creating package script '/home/samet/Desktop/lino2/install/linorobot2_base/share/linorobot2_base/package.bash'
[0.749s] INFO:colcon.colcon_core.shell:Creating package script '/home/samet/Desktop/lino2/install/linorobot2_base/share/linorobot2_base/package.zsh'
[0.749s] Level 1:colcon.colcon_core.environment:create_file_with_runtime_dependencies(/home/samet/Desktop/lino2/install/linorobot2_base/share/colcon-core/packages/linorobot2_base)
[0.752s] Level 1:colcon.colcon_core.environment:create_environment_scripts_only(linorobot2_description)
[0.754s] Level 1:colcon.colcon_core.environment:checking '/home/samet/Desktop/lino2/install/linorobot2_description' for CMake module files
[0.755s] DEBUG:colcon.colcon_core.event_handler.log_command:Invoked command in '/home/samet/Desktop/lino2/build/linorobot2_description' returned '0': CMAKE_PREFIX_PATH=/opt/ros/foxy /usr/bin/cmake --install /home/samet/Desktop/lino2/build/linorobot2_description
[0.756s] Level 1:colcon.colcon_core.environment:checking '/home/samet/Desktop/lino2/install/linorobot2_description' for CMake config files
[0.756s] Level 1:colcon.colcon_core.shell:create_environment_hook('linorobot2_description', 'cmake_prefix_path')
[0.756s] INFO:colcon.colcon_core.shell:Creating environment hook '/home/samet/Desktop/lino2/install/linorobot2_description/share/linorobot2_description/hook/cmake_prefix_path.ps1'
[0.757s] INFO:colcon.colcon_core.shell:Creating environment descriptor '/home/samet/Desktop/lino2/install/linorobot2_description/share/linorobot2_description/hook/cmake_prefix_path.dsv'
[0.757s] INFO:colcon.colcon_core.shell:Creating environment hook '/home/samet/Desktop/lino2/install/linorobot2_description/share/linorobot2_description/hook/cmake_prefix_path.sh'
[0.758s] Level 1:colcon.colcon_core.environment:checking '/home/samet/Desktop/lino2/install/linorobot2_description/bin'
[0.758s] Level 1:colcon.colcon_core.environment:checking '/home/samet/Desktop/lino2/install/linorobot2_description/lib/pkgconfig/linorobot2_description.pc'
[0.759s] Level 1:colcon.colcon_core.environment:checking '/home/samet/Desktop/lino2/install/linorobot2_description/lib/python3.8/site-packages'
[0.759s] INFO:colcon.colcon_core.shell:Creating package script '/home/samet/Desktop/lino2/install/linorobot2_description/share/linorobot2_description/package.ps1'
[0.759s] INFO:colcon.colcon_core.shell:Creating package descriptor '/home/samet/Desktop/lino2/install/linorobot2_description/share/linorobot2_description/package.dsv'
[0.760s] INFO:colcon.colcon_core.shell:Creating package script '/home/samet/Desktop/lino2/install/linorobot2_description/share/linorobot2_description/package.sh'
[0.760s] INFO:colcon.colcon_core.shell:Creating package script '/home/samet/Desktop/lino2/install/linorobot2_description/share/linorobot2_description/package.bash'
[0.760s] INFO:colcon.colcon_core.shell:Creating package script '/home/samet/Desktop/lino2/install/linorobot2_description/share/linorobot2_description/package.zsh'
[0.761s] Level 1:colcon.colcon_core.environment:create_file_with_runtime_dependencies(/home/samet/Desktop/lino2/install/linorobot2_description/share/colcon-core/packages/linorobot2_description)
[0.764s] Level 1:colcon.colcon_core.environment:create_environment_scripts_only(linorobot2)
[0.764s] Level 1:colcon.colcon_core.environment:checking '/home/samet/Desktop/lino2/install/linorobot2' for CMake module files
[0.765s] DEBUG:colcon.colcon_core.event_handler.log_command:Invoked command in '/home/samet/Desktop/lino2/build/linorobot2' returned '0': CMAKE_PREFIX_PATH=/opt/ros/foxy /usr/bin/cmake --install /home/samet/Desktop/lino2/build/linorobot2
[0.766s] Level 1:colcon.colcon_core.environment:checking '/home/samet/Desktop/lino2/install/linorobot2' for CMake config files
[0.766s] Level 1:colcon.colcon_core.shell:create_environment_hook('linorobot2', 'cmake_prefix_path')
[0.767s] INFO:colcon.colcon_core.shell:Creating environment hook '/home/samet/Desktop/lino2/install/linorobot2/share/linorobot2/hook/cmake_prefix_path.ps1'
[0.767s] INFO:colcon.colcon_core.shell:Creating environment descriptor '/home/samet/Desktop/lino2/install/linorobot2/share/linorobot2/hook/cmake_prefix_path.dsv'
[0.767s] INFO:colcon.colcon_core.shell:Creating environment hook '/home/samet/Desktop/lino2/install/linorobot2/share/linorobot2/hook/cmake_prefix_path.sh'
[0.768s] Level 1:colcon.colcon_core.environment:checking '/home/samet/Desktop/lino2/install/linorobot2/bin'
[0.768s] Level 1:colcon.colcon_core.environment:checking '/home/samet/Desktop/lino2/install/linorobot2/lib/pkgconfig/linorobot2.pc'
[0.768s] Level 1:colcon.colcon_core.environment:checking '/home/samet/Desktop/lino2/install/linorobot2/lib/python3.8/site-packages'
[0.769s] INFO:colcon.colcon_core.shell:Creating package script '/home/samet/Desktop/lino2/install/linorobot2/share/linorobot2/package.ps1'
[0.770s] INFO:colcon.colcon_core.shell:Creating package descriptor '/home/samet/Desktop/lino2/install/linorobot2/share/linorobot2/package.dsv'
[0.770s] INFO:colcon.colcon_core.shell:Creating package script '/home/samet/Desktop/lino2/install/linorobot2/share/linorobot2/package.sh'
[0.770s] INFO:colcon.colcon_core.shell:Creating package script '/home/samet/Desktop/lino2/install/linorobot2/share/linorobot2/package.bash'
[0.771s] INFO:colcon.colcon_core.shell:Creating package script '/home/samet/Desktop/lino2/install/linorobot2/share/linorobot2/package.zsh'
[0.771s] Level 1:colcon.colcon_core.environment:create_file_with_runtime_dependencies(/home/samet/Desktop/lino2/install/linorobot2/share/colcon-core/packages/linorobot2)
[0.773s] Level 1:colcon.colcon_core.environment:create_environment_scripts_only(linorobot2_navigation)
[0.774s] Level 1:colcon.colcon_core.environment:checking '/home/samet/Desktop/lino2/install/linorobot2_navigation' for CMake module files
[0.775s] DEBUG:colcon.colcon_core.event_handler.log_command:Invoked command in '/home/samet/Desktop/lino2/build/linorobot2_navigation' returned '0': CMAKE_PREFIX_PATH=/opt/ros/foxy /usr/bin/cmake --install /home/samet/Desktop/lino2/build/linorobot2_navigation
[0.775s] Level 1:colcon.colcon_core.environment:checking '/home/samet/Desktop/lino2/install/linorobot2_navigation' for CMake config files
[0.775s] Level 1:colcon.colcon_core.shell:create_environment_hook('linorobot2_navigation', 'cmake_prefix_path')
[0.776s] INFO:colcon.colcon_core.shell:Creating environment hook '/home/samet/Desktop/lino2/install/linorobot2_navigation/share/linorobot2_navigation/hook/cmake_prefix_path.ps1'
[0.776s] INFO:colcon.colcon_core.shell:Creating environment descriptor '/home/samet/Desktop/lino2/install/linorobot2_navigation/share/linorobot2_navigation/hook/cmake_prefix_path.dsv'
[0.776s] INFO:colcon.colcon_core.shell:Creating environment hook '/home/samet/Desktop/lino2/install/linorobot2_navigation/share/linorobot2_navigation/hook/cmake_prefix_path.sh'
[0.777s] Level 1:colcon.colcon_core.environment:checking '/home/samet/Desktop/lino2/install/linorobot2_navigation/bin'
[0.777s] Level 1:colcon.colcon_core.environment:checking '/home/samet/Desktop/lino2/install/linorobot2_navigation/lib/pkgconfig/linorobot2_navigation.pc'
[0.777s] Level 1:colcon.colcon_core.environment:checking '/home/samet/Desktop/lino2/install/linorobot2_navigation/lib/python3.8/site-packages'
[0.778s] INFO:colcon.colcon_core.shell:Creating package script '/home/samet/Desktop/lino2/install/linorobot2_navigation/share/linorobot2_navigation/package.ps1'
[0.779s] INFO:colcon.colcon_core.shell:Creating package descriptor '/home/samet/Desktop/lino2/install/linorobot2_navigation/share/linorobot2_navigation/package.dsv'
[0.779s] INFO:colcon.colcon_core.shell:Creating package script '/home/samet/Desktop/lino2/install/linorobot2_navigation/share/linorobot2_navigation/package.sh'
[0.779s] INFO:colcon.colcon_core.shell:Creating package script '/home/samet/Desktop/lino2/install/linorobot2_navigation/share/linorobot2_navigation/package.bash'
[0.779s] INFO:colcon.colcon_core.shell:Creating package script '/home/samet/Desktop/lino2/install/linorobot2_navigation/share/linorobot2_navigation/package.zsh'
[0.780s] Level 1:colcon.colcon_core.environment:create_file_with_runtime_dependencies(/home/samet/Desktop/lino2/install/linorobot2_navigation/share/colcon-core/packages/linorobot2_navigation)
[0.782s] Level 1:colcon.colcon_core.environment:create_environment_scripts_only(linorobot2_gazebo)
[0.783s] Level 1:colcon.colcon_core.environment:checking '/home/samet/Desktop/lino2/install/linorobot2_gazebo' for CMake module files
[0.784s] DEBUG:colcon.colcon_core.event_handler.log_command:Invoked command in '/home/samet/Desktop/lino2/build/linorobot2_gazebo' returned '0': CMAKE_PREFIX_PATH=/opt/ros/foxy /usr/bin/cmake --install /home/samet/Desktop/lino2/build/linorobot2_gazebo
[0.784s] Level 1:colcon.colcon_core.environment:checking '/home/samet/Desktop/lino2/install/linorobot2_gazebo' for CMake config files
[0.784s] Level 1:colcon.colcon_core.shell:create_environment_hook('linorobot2_gazebo', 'cmake_prefix_path')
[0.784s] INFO:colcon.colcon_core.shell:Creating environment hook '/home/samet/Desktop/lino2/install/linorobot2_gazebo/share/linorobot2_gazebo/hook/cmake_prefix_path.ps1'
[0.785s] INFO:colcon.colcon_core.shell:Creating environment descriptor '/home/samet/Desktop/lino2/install/linorobot2_gazebo/share/linorobot2_gazebo/hook/cmake_prefix_path.dsv'
[0.785s] INFO:colcon.colcon_core.shell:Creating environment hook '/home/samet/Desktop/lino2/install/linorobot2_gazebo/share/linorobot2_gazebo/hook/cmake_prefix_path.sh'
[0.786s] Level 1:colcon.colcon_core.environment:checking '/home/samet/Desktop/lino2/install/linorobot2_gazebo/lib'
[0.786s] Level 1:colcon.colcon_core.environment:checking '/home/samet/Desktop/lino2/install/linorobot2_gazebo/bin'
[0.787s] Level 1:colcon.colcon_core.environment:checking '/home/samet/Desktop/lino2/install/linorobot2_gazebo/lib/pkgconfig/linorobot2_gazebo.pc'
[0.787s] Level 1:colcon.colcon_core.environment:checking '/home/samet/Desktop/lino2/install/linorobot2_gazebo/lib/python3.8/site-packages'
[0.787s] Level 1:colcon.colcon_core.shell:create_environment_hook('linorobot2_gazebo', 'pythonpath')
[0.788s] INFO:colcon.colcon_core.shell:Creating environment hook '/home/samet/Desktop/lino2/install/linorobot2_gazebo/share/linorobot2_gazebo/hook/pythonpath.ps1'
[0.788s] INFO:colcon.colcon_core.shell:Creating environment descriptor '/home/samet/Desktop/lino2/install/linorobot2_gazebo/share/linorobot2_gazebo/hook/pythonpath.dsv'
[0.788s] INFO:colcon.colcon_core.shell:Creating environment hook '/home/samet/Desktop/lino2/install/linorobot2_gazebo/share/linorobot2_gazebo/hook/pythonpath.sh'
[0.789s] INFO:colcon.colcon_core.shell:Creating package script '/home/samet/Desktop/lino2/install/linorobot2_gazebo/share/linorobot2_gazebo/package.ps1'
[0.789s] INFO:colcon.colcon_core.shell:Creating package descriptor '/home/samet/Desktop/lino2/install/linorobot2_gazebo/share/linorobot2_gazebo/package.dsv'
[0.790s] INFO:colcon.colcon_core.shell:Creating package script '/home/samet/Desktop/lino2/install/linorobot2_gazebo/share/linorobot2_gazebo/package.sh'
[0.790s] INFO:colcon.colcon_core.shell:Creating package script '/home/samet/Desktop/lino2/install/linorobot2_gazebo/share/linorobot2_gazebo/package.bash'
[0.791s] INFO:colcon.colcon_core.shell:Creating package script '/home/samet/Desktop/lino2/install/linorobot2_gazebo/share/linorobot2_gazebo/package.zsh'
[0.791s] Level 1:colcon.colcon_core.environment:create_file_with_runtime_dependencies(/home/samet/Desktop/lino2/install/linorobot2_gazebo/share/colcon-core/packages/linorobot2_gazebo)
[0.793s] Level 1:colcon.colcon_core.environment:create_environment_scripts_only(linorobot2_viz)
[0.794s] Level 1:colcon.colcon_core.environment:checking '/home/samet/Desktop/lino2/install/linorobot2_viz' for CMake module files
[0.795s] DEBUG:colcon.colcon_core.event_handler.log_command:Invoked command in '/home/samet/Desktop/lino2/build/linorobot2_viz' returned '0': CMAKE_PREFIX_PATH=/opt/ros/foxy /usr/bin/cmake --install /home/samet/Desktop/lino2/build/linorobot2_viz
[0.795s] Level 1:colcon.colcon_core.environment:checking '/home/samet/Desktop/lino2/install/linorobot2_viz' for CMake config files
[0.795s] Level 1:colcon.colcon_core.shell:create_environment_hook('linorobot2_viz', 'cmake_prefix_path')
[0.796s] INFO:colcon.colcon_core.shell:Creating environment hook '/home/samet/Desktop/lino2/install/linorobot2_viz/share/linorobot2_viz/hook/cmake_prefix_path.ps1'
[0.796s] INFO:colcon.colcon_core.shell:Creating environment descriptor '/home/samet/Desktop/lino2/install/linorobot2_viz/share/linorobot2_viz/hook/cmake_prefix_path.dsv'
[0.797s] INFO:colcon.colcon_core.shell:Creating environment hook '/home/samet/Desktop/lino2/install/linorobot2_viz/share/linorobot2_viz/hook/cmake_prefix_path.sh'
[0.797s] Level 1:colcon.colcon_core.environment:checking '/home/samet/Desktop/lino2/install/linorobot2_viz/bin'
[0.798s] Level 1:colcon.colcon_core.environment:checking '/home/samet/Desktop/lino2/install/linorobot2_viz/lib/pkgconfig/linorobot2_viz.pc'
[0.798s] Level 1:colcon.colcon_core.environment:checking '/home/samet/Desktop/lino2/install/linorobot2_viz/lib/python3.8/site-packages'
[0.798s] INFO:colcon.colcon_core.shell:Creating package script '/home/samet/Desktop/lino2/install/linorobot2_viz/share/linorobot2_viz/package.ps1'
[0.799s] INFO:colcon.colcon_core.shell:Creating package descriptor '/home/samet/Desktop/lino2/install/linorobot2_viz/share/linorobot2_viz/package.dsv'
[0.799s] INFO:colcon.colcon_core.shell:Creating package script '/home/samet/Desktop/lino2/install/linorobot2_viz/share/linorobot2_viz/package.sh'
[0.799s] INFO:colcon.colcon_core.shell:Creating package script '/home/samet/Desktop/lino2/install/linorobot2_viz/share/linorobot2_viz/package.bash'
[0.800s] INFO:colcon.colcon_core.shell:Creating package script '/home/samet/Desktop/lino2/install/linorobot2_viz/share/linorobot2_viz/package.zsh'
[0.800s] Level 1:colcon.colcon_core.environment:create_file_with_runtime_dependencies(/home/samet/Desktop/lino2/install/linorobot2_viz/share/colcon-core/packages/linorobot2_viz)
[0.804s] Level 1:colcon.colcon_core.environment:create_environment_scripts_only(linorobot2_bringup)
[0.805s] Level 1:colcon.colcon_core.environment:checking '/home/samet/Desktop/lino2/install/linorobot2_bringup' for CMake module files
[0.806s] Level 1:colcon.colcon_core.environment:checking '/home/samet/Desktop/lino2/install/linorobot2_bringup' for CMake config files
[0.806s] Level 1:colcon.colcon_core.shell:create_environment_hook('linorobot2_bringup', 'cmake_prefix_path')
[0.807s] INFO:colcon.colcon_core.shell:Creating environment hook '/home/samet/Desktop/lino2/install/linorobot2_bringup/share/linorobot2_bringup/hook/cmake_prefix_path.ps1'
[0.807s] INFO:colcon.colcon_core.shell:Creating environment descriptor '/home/samet/Desktop/lino2/install/linorobot2_bringup/share/linorobot2_bringup/hook/cmake_prefix_path.dsv'
[0.807s] INFO:colcon.colcon_core.shell:Creating environment hook '/home/samet/Desktop/lino2/install/linorobot2_bringup/share/linorobot2_bringup/hook/cmake_prefix_path.sh'
[0.808s] Level 1:colcon.colcon_core.environment:checking '/home/samet/Desktop/lino2/install/linorobot2_bringup/bin'
[0.808s] Level 1:colcon.colcon_core.environment:checking '/home/samet/Desktop/lino2/install/linorobot2_bringup/lib/pkgconfig/linorobot2_bringup.pc'
[0.808s] Level 1:colcon.colcon_core.environment:checking '/home/samet/Desktop/lino2/install/linorobot2_bringup/lib/python3.8/site-packages'
[0.809s] INFO:colcon.colcon_core.shell:Creating package script '/home/samet/Desktop/lino2/install/linorobot2_bringup/share/linorobot2_bringup/package.ps1'
[0.810s] INFO:colcon.colcon_core.shell:Creating package descriptor '/home/samet/Desktop/lino2/install/linorobot2_bringup/share/linorobot2_bringup/package.dsv'
[0.810s] INFO:colcon.colcon_core.shell:Creating package script '/home/samet/Desktop/lino2/install/linorobot2_bringup/share/linorobot2_bringup/package.sh'
[0.810s] INFO:colcon.colcon_core.shell:Creating package script '/home/samet/Desktop/lino2/install/linorobot2_bringup/share/linorobot2_bringup/package.bash'
[0.811s] INFO:colcon.colcon_core.shell:Creating package script '/home/samet/Desktop/lino2/install/linorobot2_bringup/share/linorobot2_bringup/package.zsh'
[0.811s] Level 1:colcon.colcon_core.environment:create_file_with_runtime_dependencies(/home/samet/Desktop/lino2/install/linorobot2_bringup/share/colcon-core/packages/linorobot2_bringup)
[0.813s] Level 1:colcon.colcon_core.environment:create_environment_scripts_only(linorobot2_base)
[0.813s] Level 1:colcon.colcon_core.environment:checking '/home/samet/Desktop/lino2/install/linorobot2_base' for CMake module files
[0.814s] Level 1:colcon.colcon_core.environment:checking '/home/samet/Desktop/lino2/install/linorobot2_base' for CMake config files
[0.814s] Level 1:colcon.colcon_core.shell:create_environment_hook('linorobot2_base', 'cmake_prefix_path')
[0.814s] INFO:colcon.colcon_core.shell:Creating environment hook '/home/samet/Desktop/lino2/install/linorobot2_base/share/linorobot2_base/hook/cmake_prefix_path.ps1'
[0.815s] INFO:colcon.colcon_core.shell:Creating environment descriptor '/home/samet/Desktop/lino2/install/linorobot2_base/share/linorobot2_base/hook/cmake_prefix_path.dsv'
[0.815s] INFO:colcon.colcon_core.shell:Creating environment hook '/home/samet/Desktop/lino2/install/linorobot2_base/share/linorobot2_base/hook/cmake_prefix_path.sh'
[0.816s] Level 1:colcon.colcon_core.environment:checking '/home/samet/Desktop/lino2/install/linorobot2_base/bin'
[0.816s] Level 1:colcon.colcon_core.environment:checking '/home/samet/Desktop/lino2/install/linorobot2_base/lib/pkgconfig/linorobot2_base.pc'
[0.816s] Level 1:colcon.colcon_core.environment:checking '/home/samet/Desktop/lino2/install/linorobot2_base/lib/python3.8/site-packages'
[0.816s] INFO:colcon.colcon_core.shell:Creating package script '/home/samet/Desktop/lino2/install/linorobot2_base/share/linorobot2_base/package.ps1'
[0.817s] INFO:colcon.colcon_core.shell:Creating package descriptor '/home/samet/Desktop/lino2/install/linorobot2_base/share/linorobot2_base/package.dsv'
[0.817s] INFO:colcon.colcon_core.shell:Creating package script '/home/samet/Desktop/lino2/install/linorobot2_base/share/linorobot2_base/package.sh'
[0.818s] INFO:colcon.colcon_core.shell:Creating package script '/home/samet/Desktop/lino2/install/linorobot2_base/share/linorobot2_base/package.bash'
[0.819s] INFO:colcon.colcon_core.shell:Creating package script '/home/samet/Desktop/lino2/install/linorobot2_base/share/linorobot2_base/package.zsh'
[0.819s] Level 1:colcon.colcon_core.environment:create_file_with_runtime_dependencies(/home/samet/Desktop/lino2/install/linorobot2_base/share/colcon-core/packages/linorobot2_base)
[0.820s] Level 1:colcon.colcon_core.environment:create_environment_scripts_only(linorobot2_description)
[0.820s] Level 1:colcon.colcon_core.environment:checking '/home/samet/Desktop/lino2/install/linorobot2_description' for CMake module files
[0.821s] Level 1:colcon.colcon_core.environment:checking '/home/samet/Desktop/lino2/install/linorobot2_description' for CMake config files
[0.821s] Level 1:colcon.colcon_core.shell:create_environment_hook('linorobot2_description', 'cmake_prefix_path')
[0.822s] INFO:colcon.colcon_core.shell:Creating environment hook '/home/samet/Desktop/lino2/install/linorobot2_description/share/linorobot2_description/hook/cmake_prefix_path.ps1'
[0.823s] INFO:colcon.colcon_core.shell:Creating environment descriptor '/home/samet/Desktop/lino2/install/linorobot2_description/share/linorobot2_description/hook/cmake_prefix_path.dsv'
[0.823s] INFO:colcon.colcon_core.shell:Creating environment hook '/home/samet/Desktop/lino2/install/linorobot2_description/share/linorobot2_description/hook/cmake_prefix_path.sh'
[0.823s] Level 1:colcon.colcon_core.environment:checking '/home/samet/Desktop/lino2/install/linorobot2_description/bin'
[0.823s] Level 1:colcon.colcon_core.environment:checking '/home/samet/Desktop/lino2/install/linorobot2_description/lib/pkgconfig/linorobot2_description.pc'
[0.824s] Level 1:colcon.colcon_core.environment:checking '/home/samet/Desktop/lino2/install/linorobot2_description/lib/python3.8/site-packages'
[0.824s] INFO:colcon.colcon_core.shell:Creating package script '/home/samet/Desktop/lino2/install/linorobot2_description/share/linorobot2_description/package.ps1'
[0.825s] INFO:colcon.colcon_core.shell:Creating package descriptor '/home/samet/Desktop/lino2/install/linorobot2_description/share/linorobot2_description/package.dsv'
[0.826s] INFO:colcon.colcon_core.shell:Creating package script '/home/samet/Desktop/lino2/install/linorobot2_description/share/linorobot2_description/package.sh'
[0.826s] INFO:colcon.colcon_core.shell:Creating package script '/home/samet/Desktop/lino2/install/linorobot2_description/share/linorobot2_description/package.bash'
[0.826s] INFO:colcon.colcon_core.shell:Creating package script '/home/samet/Desktop/lino2/install/linorobot2_description/share/linorobot2_description/package.zsh'
[0.827s] Level 1:colcon.colcon_core.environment:create_file_with_runtime_dependencies(/home/samet/Desktop/lino2/install/linorobot2_description/share/colcon-core/packages/linorobot2_description)
[0.828s] Level 1:colcon.colcon_core.environment:create_environment_scripts_only(linorobot2)
[0.829s] Level 1:colcon.colcon_core.environment:checking '/home/samet/Desktop/lino2/install/linorobot2' for CMake module files
[0.830s] Level 1:colcon.colcon_core.environment:checking '/home/samet/Desktop/lino2/install/linorobot2' for CMake config files
[0.830s] Level 1:colcon.colcon_core.shell:create_environment_hook('linorobot2', 'cmake_prefix_path')
[0.830s] INFO:colcon.colcon_core.shell:Creating environment hook '/home/samet/Desktop/lino2/install/linorobot2/share/linorobot2/hook/cmake_prefix_path.ps1'
[0.831s] INFO:colcon.colcon_core.shell:Creating environment descriptor '/home/samet/Desktop/lino2/install/linorobot2/share/linorobot2/hook/cmake_prefix_path.dsv'
[0.831s] INFO:colcon.colcon_core.shell:Creating environment hook '/home/samet/Desktop/lino2/install/linorobot2/share/linorobot2/hook/cmake_prefix_path.sh'
[0.831s] Level 1:colcon.colcon_core.environment:checking '/home/samet/Desktop/lino2/install/linorobot2/bin'
[0.831s] Level 1:colcon.colcon_core.environment:checking '/home/samet/Desktop/lino2/install/linorobot2/lib/pkgconfig/linorobot2.pc'
[0.831s] Level 1:colcon.colcon_core.environment:checking '/home/samet/Desktop/lino2/install/linorobot2/lib/python3.8/site-packages'
[0.832s] INFO:colcon.colcon_core.shell:Creating package script '/home/samet/Desktop/lino2/install/linorobot2/share/linorobot2/package.ps1'
[0.832s] INFO:colcon.colcon_core.shell:Creating package descriptor '/home/samet/Desktop/lino2/install/linorobot2/share/linorobot2/package.dsv'
[0.833s] INFO:colcon.colcon_core.shell:Creating package script '/home/samet/Desktop/lino2/install/linorobot2/share/linorobot2/package.sh'
[0.833s] INFO:colcon.colcon_core.shell:Creating package script '/home/samet/Desktop/lino2/install/linorobot2/share/linorobot2/package.bash'
[0.834s] INFO:colcon.colcon_core.shell:Creating package script '/home/samet/Desktop/lino2/install/linorobot2/share/linorobot2/package.zsh'
[0.834s] Level 1:colcon.colcon_core.environment:create_file_with_runtime_dependencies(/home/samet/Desktop/lino2/install/linorobot2/share/colcon-core/packages/linorobot2)
[0.835s] Level 1:colcon.colcon_core.environment:create_environment_scripts_only(linorobot2_navigation)
[0.836s] Level 1:colcon.colcon_core.environment:checking '/home/samet/Desktop/lino2/install/linorobot2_navigation' for CMake module files
[0.836s] Level 1:colcon.colcon_core.environment:checking '/home/samet/Desktop/lino2/install/linorobot2_navigation' for CMake config files
[0.837s] Level 1:colcon.colcon_core.shell:create_environment_hook('linorobot2_navigation', 'cmake_prefix_path')
[0.837s] INFO:colcon.colcon_core.shell:Creating environment hook '/home/samet/Desktop/lino2/install/linorobot2_navigation/share/linorobot2_navigation/hook/cmake_prefix_path.ps1'
[0.838s] INFO:colcon.colcon_core.shell:Creating environment descriptor '/home/samet/Desktop/lino2/install/linorobot2_navigation/share/linorobot2_navigation/hook/cmake_prefix_path.dsv'
[0.838s] INFO:colcon.colcon_core.shell:Creating environment hook '/home/samet/Desktop/lino2/install/linorobot2_navigation/share/linorobot2_navigation/hook/cmake_prefix_path.sh'
[0.838s] Level 1:colcon.colcon_core.environment:checking '/home/samet/Desktop/lino2/install/linorobot2_navigation/bin'
[0.838s] Level 1:colcon.colcon_core.environment:checking '/home/samet/Desktop/lino2/install/linorobot2_navigation/lib/pkgconfig/linorobot2_navigation.pc'
[0.839s] Level 1:colcon.colcon_core.environment:checking '/home/samet/Desktop/lino2/install/linorobot2_navigation/lib/python3.8/site-packages'
[0.839s] INFO:colcon.colcon_core.shell:Creating package script '/home/samet/Desktop/lino2/install/linorobot2_navigation/share/linorobot2_navigation/package.ps1'
[0.840s] INFO:colcon.colcon_core.shell:Creating package descriptor '/home/samet/Desktop/lino2/install/linorobot2_navigation/share/linorobot2_navigation/package.dsv'
[0.840s] INFO:colcon.colcon_core.shell:Creating package script '/home/samet/Desktop/lino2/install/linorobot2_navigation/share/linorobot2_navigation/package.sh'
[0.840s] INFO:colcon.colcon_core.shell:Creating package script '/home/samet/Desktop/lino2/install/linorobot2_navigation/share/linorobot2_navigation/package.bash'
[0.841s] INFO:colcon.colcon_core.shell:Creating package script '/home/samet/Desktop/lino2/install/linorobot2_navigation/share/linorobot2_navigation/package.zsh'
[0.841s] Level 1:colcon.colcon_core.environment:create_file_with_runtime_dependencies(/home/samet/Desktop/lino2/install/linorobot2_navigation/share/colcon-core/packages/linorobot2_navigation)
[0.842s] Level 1:colcon.colcon_core.environment:create_environment_scripts_only(linorobot2_gazebo)
[0.843s] Level 1:colcon.colcon_core.environment:checking '/home/samet/Desktop/lino2/install/linorobot2_gazebo' for CMake module files
[0.843s] Level 1:colcon.colcon_core.environment:checking '/home/samet/Desktop/lino2/install/linorobot2_gazebo' for CMake config files
[0.844s] Level 1:colcon.colcon_core.shell:create_environment_hook('linorobot2_gazebo', 'cmake_prefix_path')
[0.844s] INFO:colcon.colcon_core.shell:Creating environment hook '/home/samet/Desktop/lino2/install/linorobot2_gazebo/share/linorobot2_gazebo/hook/cmake_prefix_path.ps1'
[0.844s] INFO:colcon.colcon_core.shell:Creating environment descriptor '/home/samet/Desktop/lino2/install/linorobot2_gazebo/share/linorobot2_gazebo/hook/cmake_prefix_path.dsv'
[0.845s] INFO:colcon.colcon_core.shell:Creating environment hook '/home/samet/Desktop/lino2/install/linorobot2_gazebo/share/linorobot2_gazebo/hook/cmake_prefix_path.sh'
[0.845s] Level 1:colcon.colcon_core.environment:checking '/home/samet/Desktop/lino2/install/linorobot2_gazebo/lib'
[0.845s] Level 1:colcon.colcon_core.environment:checking '/home/samet/Desktop/lino2/install/linorobot2_gazebo/bin'
[0.845s] Level 1:colcon.colcon_core.environment:checking '/home/samet/Desktop/lino2/install/linorobot2_gazebo/lib/pkgconfig/linorobot2_gazebo.pc'
[0.845s] Level 1:colcon.colcon_core.environment:checking '/home/samet/Desktop/lino2/install/linorobot2_gazebo/lib/python3.8/site-packages'
[0.846s] Level 1:colcon.colcon_core.shell:create_environment_hook('linorobot2_gazebo', 'pythonpath')
[0.846s] INFO:colcon.colcon_core.shell:Creating environment hook '/home/samet/Desktop/lino2/install/linorobot2_gazebo/share/linorobot2_gazebo/hook/pythonpath.ps1'
[0.847s] INFO:colcon.colcon_core.shell:Creating environment descriptor '/home/samet/Desktop/lino2/install/linorobot2_gazebo/share/linorobot2_gazebo/hook/pythonpath.dsv'
[0.847s] INFO:colcon.colcon_core.shell:Creating environment hook '/home/samet/Desktop/lino2/install/linorobot2_gazebo/share/linorobot2_gazebo/hook/pythonpath.sh'
[0.847s] INFO:colcon.colcon_core.shell:Creating package script '/home/samet/Desktop/lino2/install/linorobot2_gazebo/share/linorobot2_gazebo/package.ps1'
[0.848s] INFO:colcon.colcon_core.shell:Creating package descriptor '/home/samet/Desktop/lino2/install/linorobot2_gazebo/share/linorobot2_gazebo/package.dsv'
[0.848s] INFO:colcon.colcon_core.shell:Creating package script '/home/samet/Desktop/lino2/install/linorobot2_gazebo/share/linorobot2_gazebo/package.sh'
[0.848s] INFO:colcon.colcon_core.shell:Creating package script '/home/samet/Desktop/lino2/install/linorobot2_gazebo/share/linorobot2_gazebo/package.bash'
[0.849s] INFO:colcon.colcon_core.shell:Creating package script '/home/samet/Desktop/lino2/install/linorobot2_gazebo/share/linorobot2_gazebo/package.zsh'
[0.849s] Level 1:colcon.colcon_core.environment:create_file_with_runtime_dependencies(/home/samet/Desktop/lino2/install/linorobot2_gazebo/share/colcon-core/packages/linorobot2_gazebo)
[0.850s] Level 1:colcon.colcon_core.environment:create_environment_scripts_only(linorobot2_viz)
[0.850s] Level 1:colcon.colcon_core.environment:checking '/home/samet/Desktop/lino2/install/linorobot2_viz' for CMake module files
[0.851s] Level 1:colcon.colcon_core.environment:checking '/home/samet/Desktop/lino2/install/linorobot2_viz' for CMake config files
[0.851s] Level 1:colcon.colcon_core.shell:create_environment_hook('linorobot2_viz', 'cmake_prefix_path')
[0.852s] INFO:colcon.colcon_core.shell:Creating environment hook '/home/samet/Desktop/lino2/install/linorobot2_viz/share/linorobot2_viz/hook/cmake_prefix_path.ps1'
[0.852s] INFO:colcon.colcon_core.shell:Creating environment descriptor '/home/samet/Desktop/lino2/install/linorobot2_viz/share/linorobot2_viz/hook/cmake_prefix_path.dsv'
[0.853s] INFO:colcon.colcon_core.shell:Creating environment hook '/home/samet/Desktop/lino2/install/linorobot2_viz/share/linorobot2_viz/hook/cmake_prefix_path.sh'
[0.853s] Level 1:colcon.colcon_core.environment:checking '/home/samet/Desktop/lino2/install/linorobot2_viz/bin'
[0.853s] Level 1:colcon.colcon_core.environment:checking '/home/samet/Desktop/lino2/install/linorobot2_viz/lib/pkgconfig/linorobot2_viz.pc'
[0.853s] Level 1:colcon.colcon_core.environment:checking '/home/samet/Desktop/lino2/install/linorobot2_viz/lib/python3.8/site-packages'
[0.854s] INFO:colcon.colcon_core.shell:Creating package script '/home/samet/Desktop/lino2/install/linorobot2_viz/share/linorobot2_viz/package.ps1'
[0.855s] INFO:colcon.colcon_core.shell:Creating package descriptor '/home/samet/Desktop/lino2/install/linorobot2_viz/share/linorobot2_viz/package.dsv'
[0.855s] INFO:colcon.colcon_core.shell:Creating package script '/home/samet/Desktop/lino2/install/linorobot2_viz/share/linorobot2_viz/package.sh'
[0.855s] INFO:colcon.colcon_core.shell:Creating package script '/home/samet/Desktop/lino2/install/linorobot2_viz/share/linorobot2_viz/package.bash'
[0.855s] INFO:colcon.colcon_core.shell:Creating package script '/home/samet/Desktop/lino2/install/linorobot2_viz/share/linorobot2_viz/package.zsh'
[0.856s] Level 1:colcon.colcon_core.environment:create_file_with_runtime_dependencies(/home/samet/Desktop/lino2/install/linorobot2_viz/share/colcon-core/packages/linorobot2_viz)
[1.086s] DEBUG:colcon.colcon_core.event_handler.log_command:Invoking command in '/home/samet/Desktop/lino2/src/robomaster_pkg': PYTHONPATH=/home/samet/Desktop/lino2/install/robomaster_pkg/lib/python3.8/site-packages:${PYTHONPATH} /usr/bin/python3 setup.py egg_info --egg-base ../../build/robomaster_pkg build --build-base /home/samet/Desktop/lino2/build/robomaster_pkg/build install --prefix /home/samet/Desktop/lino2/install/robomaster_pkg --record /home/samet/Desktop/lino2/build/robomaster_pkg/install.log --single-version-externally-managed
[1.328s] Level 1:colcon.colcon_core.environment:checking '/home/samet/Desktop/lino2/install/robomaster_pkg' for CMake module files
[1.330s] DEBUG:colcon.colcon_core.event_handler.log_command:Invoked command in '/home/samet/Desktop/lino2/src/robomaster_pkg' returned '0': PYTHONPATH=/home/samet/Desktop/lino2/install/robomaster_pkg/lib/python3.8/site-packages:${PYTHONPATH} /usr/bin/python3 setup.py egg_info --egg-base ../../build/robomaster_pkg build --build-base /home/samet/Desktop/lino2/build/robomaster_pkg/build install --prefix /home/samet/Desktop/lino2/install/robomaster_pkg --record /home/samet/Desktop/lino2/build/robomaster_pkg/install.log --single-version-externally-managed
[1.331s] Level 1:colcon.colcon_core.environment:checking '/home/samet/Desktop/lino2/install/robomaster_pkg' for CMake config files
[1.332s] Level 1:colcon.colcon_core.environment:checking '/home/samet/Desktop/lino2/install/robomaster_pkg/lib'
[1.332s] Level 1:colcon.colcon_core.environment:checking '/home/samet/Desktop/lino2/install/robomaster_pkg/bin'
[1.332s] Level 1:colcon.colcon_core.environment:checking '/home/samet/Desktop/lino2/install/robomaster_pkg/lib/pkgconfig/robomaster_pkg.pc'
[1.333s] Level 1:colcon.colcon_core.environment:checking '/home/samet/Desktop/lino2/install/robomaster_pkg/lib/python3.8/site-packages'
[1.333s] Level 1:colcon.colcon_core.shell:create_environment_hook('robomaster_pkg', 'pythonpath')
[1.334s] INFO:colcon.colcon_core.shell:Creating environment hook '/home/samet/Desktop/lino2/install/robomaster_pkg/share/robomaster_pkg/hook/pythonpath.ps1'
[1.335s] INFO:colcon.colcon_core.shell:Creating environment descriptor '/home/samet/Desktop/lino2/install/robomaster_pkg/share/robomaster_pkg/hook/pythonpath.dsv'
[1.335s] INFO:colcon.colcon_core.shell:Creating environment hook '/home/samet/Desktop/lino2/install/robomaster_pkg/share/robomaster_pkg/hook/pythonpath.sh'
[1.336s] Level 1:colcon.colcon_core.environment:create_environment_scripts_only(robomaster_pkg)
[1.337s] INFO:colcon.colcon_core.shell:Creating package script '/home/samet/Desktop/lino2/install/robomaster_pkg/share/robomaster_pkg/package.ps1'
[1.338s] INFO:colcon.colcon_core.shell:Creating package descriptor '/home/samet/Desktop/lino2/install/robomaster_pkg/share/robomaster_pkg/package.dsv'
[1.338s] INFO:colcon.colcon_core.shell:Creating package script '/home/samet/Desktop/lino2/install/robomaster_pkg/share/robomaster_pkg/package.sh'
[1.339s] INFO:colcon.colcon_core.shell:Creating package script '/home/samet/Desktop/lino2/install/robomaster_pkg/share/robomaster_pkg/package.bash'
[1.339s] INFO:colcon.colcon_core.shell:Creating package script '/home/samet/Desktop/lino2/install/robomaster_pkg/share/robomaster_pkg/package.zsh'
[1.339s] Level 1:colcon.colcon_core.environment:create_file_with_runtime_dependencies(/home/samet/Desktop/lino2/install/robomaster_pkg/share/colcon-core/packages/robomaster_pkg)
[1.340s] DEBUG:colcon.colcon_parallel_executor.executor.parallel:closing loop
[1.340s] DEBUG:colcon.colcon_parallel_executor.executor.parallel:loop closed
[1.340s] DEBUG:colcon.colcon_parallel_executor.executor.parallel:run_until_complete finished with '0'
[1.340s] DEBUG:colcon.colcon_core.event_reactor:joining thread
[1.348s] INFO:colcon.colcon_core.plugin_system:Skipping extension 'colcon_notification.desktop_notification.terminal_notifier': Not used on non-Darwin systems
[1.348s] INFO:colcon.colcon_core.plugin_system:Skipping extension 'colcon_notification.desktop_notification.win32': Not used on non-Windows systems
[1.349s] INFO:colcon.colcon_notification.desktop_notification:Sending desktop notification using 'notify2'
[1.368s] DEBUG:colcon.colcon_core.event_reactor:joined thread
[1.369s] INFO:colcon.colcon_core.shell:Creating prefix script '/home/samet/Desktop/lino2/install/local_setup.ps1'
[1.370s] INFO:colcon.colcon_core.shell:Creating prefix util module '/home/samet/Desktop/lino2/install/_local_setup_util_ps1.py'
[1.371s] INFO:colcon.colcon_core.shell:Creating prefix chain script '/home/samet/Desktop/lino2/install/setup.ps1'
[1.372s] INFO:colcon.colcon_core.shell:Creating prefix script '/home/samet/Desktop/lino2/install/local_setup.sh'
[1.373s] INFO:colcon.colcon_core.shell:Creating prefix util module '/home/samet/Desktop/lino2/install/_local_setup_util_sh.py'
[1.374s] INFO:colcon.colcon_core.shell:Creating prefix chain script '/home/samet/Desktop/lino2/install/setup.sh'
[1.377s] INFO:colcon.colcon_core.shell:Creating prefix script '/home/samet/Desktop/lino2/install/local_setup.bash'
[1.378s] INFO:colcon.colcon_core.shell:Creating prefix chain script '/home/samet/Desktop/lino2/install/setup.bash'
[1.379s] INFO:colcon.colcon_core.shell:Creating prefix script '/home/samet/Desktop/lino2/install/local_setup.zsh'
[1.380s] INFO:colcon.colcon_core.shell:Creating prefix chain script '/home/samet/Desktop/lino2/install/setup.zsh'
