-- The C compiler identification is GNU 9.4.0
-- The CXX compiler identification is GNU 9.4.0
-- Check for working C compiler: /usr/bin/cc
-- Check for working C compiler: /usr/bin/cc -- works
-- Detecting C compiler ABI info
-- Detecting C compiler ABI info - done
-- Detecting C compile features
-- Detecting C compile features - done
-- Check for working CXX compiler: /usr/bin/c++
-- Check for working CXX compiler: /usr/bin/c++ -- works
-- Detecting CXX compiler ABI info
-- Detecting CXX compiler ABI info - done
-- Detecting CXX compile features
-- Detecting CXX compile features - done
-- Found ament_cmake: 0.9.9 (/opt/ros/foxy/share/ament_cmake/cmake)
-- Found PythonInterp: /usr/bin/python3 (found suitable version "3.8.10", minimum required is "3") 
-- Using PYTHON_EXECUTABLE: /usr/bin/python3
-- Found urdf: 2.4.0 (/opt/ros/foxy/share/urdf/cmake)
-- Configuring done
-- Generating done
-- Build files have been written to: /home/samet/Desktop/lino2/build/linorobot2_description
-- Install configuration: ""
-- Installing: /home/samet/Desktop/lino2/install/linorobot2_description/share/linorobot2_description/launch
-- Installing: /home/samet/Desktop/lino2/install/linorobot2_description/share/linorobot2_description/launch/description.launch.py
-- Installing: /home/samet/Desktop/lino2/install/linorobot2_description/share/linorobot2_description/urdf
-- Installing: /home/samet/Desktop/lino2/install/linorobot2_description/share/linorobot2_description/urdf/mecanum_properties.urdf.xacro
-- Installing: /home/samet/Desktop/lino2/install/linorobot2_description/share/linorobot2_description/urdf/sensors
-- Installing: /home/samet/Desktop/lino2/install/linorobot2_description/share/linorobot2_description/urdf/sensors/depth_sensor.urdf.xacro
-- Installing: /home/samet/Desktop/lino2/install/linorobot2_description/share/linorobot2_description/urdf/sensors/imu.urdf.xacro
-- Installing: /home/samet/Desktop/lino2/install/linorobot2_description/share/linorobot2_description/urdf/sensors/laser.urdf.xacro
-- Installing: /home/samet/Desktop/lino2/install/linorobot2_description/share/linorobot2_description/urdf/sensors/generic_laser.urdf.xacro
-- Installing: /home/samet/Desktop/lino2/install/linorobot2_description/share/linorobot2_description/urdf/robots
-- Installing: /home/samet/Desktop/lino2/install/linorobot2_description/share/linorobot2_description/urdf/robots/2wd.urdf.xacro
-- Installing: /home/samet/Desktop/lino2/install/linorobot2_description/share/linorobot2_description/urdf/robots/mecanum.urdf.xacro
-- Installing: /home/samet/Desktop/lino2/install/linorobot2_description/share/linorobot2_description/urdf/robots/4wd.urdf.xacro
-- Installing: /home/samet/Desktop/lino2/install/linorobot2_description/share/linorobot2_description/urdf/robots/square.urdf.xacro
-- Installing: /home/samet/Desktop/lino2/install/linorobot2_description/share/linorobot2_description/urdf/controllers
-- Installing: /home/samet/Desktop/lino2/install/linorobot2_description/share/linorobot2_description/urdf/controllers/omni_drive.urdf.xacro
-- Installing: /home/samet/Desktop/lino2/install/linorobot2_description/share/linorobot2_description/urdf/controllers/diff_drive.urdf.xacro
-- Installing: /home/samet/Desktop/lino2/install/linorobot2_description/share/linorobot2_description/urdf/controllers/skid_steer.urdf.xacro
-- Installing: /home/samet/Desktop/lino2/install/linorobot2_description/share/linorobot2_description/urdf/2wd_properties.urdf.xacro
-- Installing: /home/samet/Desktop/lino2/install/linorobot2_description/share/linorobot2_description/urdf/4wd_properties.urdf.xacro
-- Installing: /home/samet/Desktop/lino2/install/linorobot2_description/share/linorobot2_description/urdf/mech
-- Installing: /home/samet/Desktop/lino2/install/linorobot2_description/share/linorobot2_description/urdf/mech/base.urdf.xacro
-- Installing: /home/samet/Desktop/lino2/install/linorobot2_description/share/linorobot2_description/urdf/mech/mecanum_wheel2.urdf.xacro
-- Installing: /home/samet/Desktop/lino2/install/linorobot2_description/share/linorobot2_description/urdf/mech/wheel.urdf.xacro
-- Installing: /home/samet/Desktop/lino2/install/linorobot2_description/share/linorobot2_description/urdf/mech/mecanum_wheel.urdf.xacro
-- Installing: /home/samet/Desktop/lino2/install/linorobot2_description/share/linorobot2_description/urdf/mech/caster_wheel.urdf.xacro
-- Installing: /home/samet/Desktop/lino2/install/linorobot2_description/share/linorobot2_description/rviz
-- Installing: /home/samet/Desktop/lino2/install/linorobot2_description/share/linorobot2_description/rviz/description.rviz
-- Installing: /home/samet/Desktop/lino2/install/linorobot2_description/share/ament_index/resource_index/package_run_dependencies/linorobot2_description
-- Installing: /home/samet/Desktop/lino2/install/linorobot2_description/share/ament_index/resource_index/parent_prefix_path/linorobot2_description
-- Installing: /home/samet/Desktop/lino2/install/linorobot2_description/share/linorobot2_description/environment/ament_prefix_path.sh
-- Installing: /home/samet/Desktop/lino2/install/linorobot2_description/share/linorobot2_description/environment/ament_prefix_path.dsv
-- Installing: /home/samet/Desktop/lino2/install/linorobot2_description/share/linorobot2_description/environment/path.sh
-- Installing: /home/samet/Desktop/lino2/install/linorobot2_description/share/linorobot2_description/environment/path.dsv
-- Installing: /home/samet/Desktop/lino2/install/linorobot2_description/share/linorobot2_description/local_setup.bash
-- Installing: /home/samet/Desktop/lino2/install/linorobot2_description/share/linorobot2_description/local_setup.sh
-- Installing: /home/samet/Desktop/lino2/install/linorobot2_description/share/linorobot2_description/local_setup.zsh
-- Installing: /home/samet/Desktop/lino2/install/linorobot2_description/share/linorobot2_description/local_setup.dsv
-- Installing: /home/samet/Desktop/lino2/install/linorobot2_description/share/linorobot2_description/package.dsv
-- Installing: /home/samet/Desktop/lino2/install/linorobot2_description/share/ament_index/resource_index/packages/linorobot2_description
-- Installing: /home/samet/Desktop/lino2/install/linorobot2_description/share/linorobot2_description/cmake/linorobot2_descriptionConfig.cmake
-- Installing: /home/samet/Desktop/lino2/install/linorobot2_description/share/linorobot2_description/cmake/linorobot2_descriptionConfig-version.cmake
-- Installing: /home/samet/Desktop/lino2/install/linorobot2_description/share/linorobot2_description/package.xml
