running egg_info
writing ../../build/robomaster_pkg/robomaster_pkg.egg-info/PKG-INFO
writing dependency_links to ../../build/robomaster_pkg/robomaster_pkg.egg-info/dependency_links.txt
writing entry points to ../../build/robomaster_pkg/robomaster_pkg.egg-info/entry_points.txt
writing requirements to ../../build/robomaster_pkg/robomaster_pkg.egg-info/requires.txt
writing top-level names to ../../build/robomaster_pkg/robomaster_pkg.egg-info/top_level.txt
reading manifest file '../../build/robomaster_pkg/robomaster_pkg.egg-info/SOURCES.txt'
writing manifest file '../../build/robomaster_pkg/robomaster_pkg.egg-info/SOURCES.txt'
running build
running build_py
running install
running install_lib
running install_data
running install_egg_info
removing '/home/samet/Desktop/lino2/install/robomaster_pkg/lib/python3.8/site-packages/robomaster_pkg-0.0.0-py3.8.egg-info' (and everything under it)
Copying ../../build/robomaster_pkg/robomaster_pkg.egg-info to /home/samet/Desktop/lino2/install/robomaster_pkg/lib/python3.8/site-packages/robomaster_pkg-0.0.0-py3.8.egg-info
running install_scripts
Installing sdkController script to /home/samet/Desktop/lino2/install/robomaster_pkg/lib/robomaster_pkg
Installing simodom script to /home/samet/Desktop/lino2/install/robomaster_pkg/lib/robomaster_pkg
writing list of installed files to '/home/samet/Desktop/lino2/build/robomaster_pkg/install.log'
