[0.107s] DEBUG:colcon:Command line arguments: ['/usr/bin/colcon', 'build']
[0.107s] DEBUG:colcon:Parsed command line arguments: Namespace(allow_overriding=[], ament_cmake_args=None, base_paths=['.'], build_base='build', catkin_cmake_args=None, catkin_skip_building_tests=False, cmake_args=None, cmake_clean_cache=False, cmake_clean_first=False, cmake_force_configure=False, cmake_target=None, cmake_target_skip_unavailable=False, continue_on_error=False, event_handlers=None, executor='parallel', ignore_user_meta=False, install_base='install', log_base=None, log_level=None, main=<bound method BuildVerb.main of <colcon_core.verb.build.BuildVerb object at 0x7f68e1848130>>, merge_install=False, metas=['./colcon.meta'], packages_above=None, packages_above_and_dependencies=None, packages_above_depth=None, packages_end=None, packages_ignore=None, packages_ignore_regex=None, packages_select=None, packages_select_build_failed=False, packages_select_by_dep=None, packages_select_regex=None, packages_select_test_failures=False, packages_skip=None, packages_skip_build_finished=False, packages_skip_by_dep=None, packages_skip_regex=None, packages_skip_test_passed=False, packages_skip_up_to=None, packages_start=None, packages_up_to=None, packages_up_to_regex=None, parallel_workers=12, paths=None, symlink_install=False, test_result_base=None, verb_extension=<colcon_core.verb.build.BuildVerb object at 0x7f68e1848130>, verb_name='build', verb_parser=<colcon_defaults.argument_parser.defaults.DefaultArgumentsDecorator object at 0x7f68e1848670>)
[0.132s] Level 1:colcon.colcon_core.package_discovery:discover_packages(colcon_meta) check parameters
[0.132s] Level 1:colcon.colcon_core.package_discovery:discover_packages(recursive) check parameters
[0.132s] Level 1:colcon.colcon_core.package_discovery:discover_packages(ignore) check parameters
[0.132s] Level 1:colcon.colcon_core.package_discovery:discover_packages(path) check parameters
[0.132s] Level 1:colcon.colcon_core.package_discovery:discover_packages(colcon_meta) discover
[0.132s] Level 1:colcon.colcon_core.package_discovery:discover_packages(recursive) discover
[0.133s] INFO:colcon.colcon_core.package_discovery:Crawling recursively for packages in '/home/samet/Desktop/lino2'
[0.133s] Level 1:colcon.colcon_core.package_identification:_identify(.) by extensions ['ignore', 'ignore_ament_install']
[0.133s] Level 1:colcon.colcon_core.package_identification:_identify(.) by extension 'ignore'
[0.133s] Level 1:colcon.colcon_core.package_identification:_identify(.) by extension 'ignore_ament_install'
[0.133s] Level 1:colcon.colcon_core.package_identification:_identify(.) by extensions ['colcon_pkg']
[0.133s] Level 1:colcon.colcon_core.package_identification:_identify(.) by extension 'colcon_pkg'
[0.133s] Level 1:colcon.colcon_core.package_identification:_identify(.) by extensions ['colcon_meta']
[0.133s] Level 1:colcon.colcon_core.package_identification:_identify(.) by extension 'colcon_meta'
[0.133s] Level 1:colcon.colcon_core.package_identification:_identify(.) by extensions ['ros']
[0.133s] Level 1:colcon.colcon_core.package_identification:_identify(.) by extension 'ros'
[0.142s] Level 1:colcon.colcon_core.package_identification:_identify(.) by extensions ['cmake', 'python']
[0.142s] Level 1:colcon.colcon_core.package_identification:_identify(.) by extension 'cmake'
[0.142s] Level 1:colcon.colcon_core.package_identification:_identify(.) by extension 'python'
[0.142s] Level 1:colcon.colcon_core.package_identification:_identify(.) by extensions ['python_setup_py']
[0.142s] Level 1:colcon.colcon_core.package_identification:_identify(.) by extension 'python_setup_py'
[0.142s] Level 1:colcon.colcon_core.package_identification:_identify(build) by extensions ['ignore', 'ignore_ament_install']
[0.143s] Level 1:colcon.colcon_core.package_identification:_identify(build) by extension 'ignore'
[0.143s] Level 1:colcon.colcon_core.package_identification:_identify(build) ignored
[0.143s] Level 1:colcon.colcon_core.package_identification:_identify(install) by extensions ['ignore', 'ignore_ament_install']
[0.143s] Level 1:colcon.colcon_core.package_identification:_identify(install) by extension 'ignore'
[0.143s] Level 1:colcon.colcon_core.package_identification:_identify(install) ignored
[0.143s] Level 1:colcon.colcon_core.package_identification:_identify(log) by extensions ['ignore', 'ignore_ament_install']
[0.144s] Level 1:colcon.colcon_core.package_identification:_identify(log) by extension 'ignore'
[0.144s] Level 1:colcon.colcon_core.package_identification:_identify(log) ignored
[0.144s] Level 1:colcon.colcon_core.package_identification:_identify(src) by extensions ['ignore', 'ignore_ament_install']
[0.144s] Level 1:colcon.colcon_core.package_identification:_identify(src) by extension 'ignore'
[0.144s] Level 1:colcon.colcon_core.package_identification:_identify(src) by extension 'ignore_ament_install'
[0.144s] Level 1:colcon.colcon_core.package_identification:_identify(src) by extensions ['colcon_pkg']
[0.144s] Level 1:colcon.colcon_core.package_identification:_identify(src) by extension 'colcon_pkg'
[0.144s] Level 1:colcon.colcon_core.package_identification:_identify(src) by extensions ['colcon_meta']
[0.144s] Level 1:colcon.colcon_core.package_identification:_identify(src) by extension 'colcon_meta'
[0.144s] Level 1:colcon.colcon_core.package_identification:_identify(src) by extensions ['ros']
[0.144s] Level 1:colcon.colcon_core.package_identification:_identify(src) by extension 'ros'
[0.144s] Level 1:colcon.colcon_core.package_identification:_identify(src) by extensions ['cmake', 'python']
[0.144s] Level 1:colcon.colcon_core.package_identification:_identify(src) by extension 'cmake'
[0.144s] Level 1:colcon.colcon_core.package_identification:_identify(src) by extension 'python'
[0.144s] Level 1:colcon.colcon_core.package_identification:_identify(src) by extensions ['python_setup_py']
[0.144s] Level 1:colcon.colcon_core.package_identification:_identify(src) by extension 'python_setup_py'
[0.144s] Level 1:colcon.colcon_core.package_identification:_identify(src/linorobot2) by extensions ['ignore', 'ignore_ament_install']
[0.144s] Level 1:colcon.colcon_core.package_identification:_identify(src/linorobot2) by extension 'ignore'
[0.144s] Level 1:colcon.colcon_core.package_identification:_identify(src/linorobot2) by extension 'ignore_ament_install'
[0.144s] Level 1:colcon.colcon_core.package_identification:_identify(src/linorobot2) by extensions ['colcon_pkg']
[0.145s] Level 1:colcon.colcon_core.package_identification:_identify(src/linorobot2) by extension 'colcon_pkg'
[0.145s] Level 1:colcon.colcon_core.package_identification:_identify(src/linorobot2) by extensions ['colcon_meta']
[0.145s] Level 1:colcon.colcon_core.package_identification:_identify(src/linorobot2) by extension 'colcon_meta'
[0.145s] Level 1:colcon.colcon_core.package_identification:_identify(src/linorobot2) by extensions ['ros']
[0.145s] Level 1:colcon.colcon_core.package_identification:_identify(src/linorobot2) by extension 'ros'
[0.145s] Level 1:colcon.colcon_core.package_identification:_identify(src/linorobot2) by extensions ['cmake', 'python']
[0.145s] Level 1:colcon.colcon_core.package_identification:_identify(src/linorobot2) by extension 'cmake'
[0.145s] Level 1:colcon.colcon_core.package_identification:_identify(src/linorobot2) by extension 'python'
[0.145s] Level 1:colcon.colcon_core.package_identification:_identify(src/linorobot2) by extensions ['python_setup_py']
[0.145s] Level 1:colcon.colcon_core.package_identification:_identify(src/linorobot2) by extension 'python_setup_py'
[0.145s] Level 1:colcon.colcon_core.package_identification:_identify(src/linorobot2/docs) by extensions ['ignore', 'ignore_ament_install']
[0.145s] Level 1:colcon.colcon_core.package_identification:_identify(src/linorobot2/docs) by extension 'ignore'
[0.145s] Level 1:colcon.colcon_core.package_identification:_identify(src/linorobot2/docs) by extension 'ignore_ament_install'
[0.145s] Level 1:colcon.colcon_core.package_identification:_identify(src/linorobot2/docs) by extensions ['colcon_pkg']
[0.145s] Level 1:colcon.colcon_core.package_identification:_identify(src/linorobot2/docs) by extension 'colcon_pkg'
[0.145s] Level 1:colcon.colcon_core.package_identification:_identify(src/linorobot2/docs) by extensions ['colcon_meta']
[0.145s] Level 1:colcon.colcon_core.package_identification:_identify(src/linorobot2/docs) by extension 'colcon_meta'
[0.145s] Level 1:colcon.colcon_core.package_identification:_identify(src/linorobot2/docs) by extensions ['ros']
[0.145s] Level 1:colcon.colcon_core.package_identification:_identify(src/linorobot2/docs) by extension 'ros'
[0.145s] Level 1:colcon.colcon_core.package_identification:_identify(src/linorobot2/docs) by extensions ['cmake', 'python']
[0.145s] Level 1:colcon.colcon_core.package_identification:_identify(src/linorobot2/docs) by extension 'cmake'
[0.145s] Level 1:colcon.colcon_core.package_identification:_identify(src/linorobot2/docs) by extension 'python'
[0.145s] Level 1:colcon.colcon_core.package_identification:_identify(src/linorobot2/docs) by extensions ['python_setup_py']
[0.145s] Level 1:colcon.colcon_core.package_identification:_identify(src/linorobot2/docs) by extension 'python_setup_py'
[0.145s] Level 1:colcon.colcon_core.package_identification:_identify(src/linorobot2/linorobot2) by extensions ['ignore', 'ignore_ament_install']
[0.145s] Level 1:colcon.colcon_core.package_identification:_identify(src/linorobot2/linorobot2) by extension 'ignore'
[0.146s] Level 1:colcon.colcon_core.package_identification:_identify(src/linorobot2/linorobot2) by extension 'ignore_ament_install'
[0.146s] Level 1:colcon.colcon_core.package_identification:_identify(src/linorobot2/linorobot2) by extensions ['colcon_pkg']
[0.146s] Level 1:colcon.colcon_core.package_identification:_identify(src/linorobot2/linorobot2) by extension 'colcon_pkg'
[0.146s] Level 1:colcon.colcon_core.package_identification:_identify(src/linorobot2/linorobot2) by extensions ['colcon_meta']
[0.146s] Level 1:colcon.colcon_core.package_identification:_identify(src/linorobot2/linorobot2) by extension 'colcon_meta'
[0.146s] Level 1:colcon.colcon_core.package_identification:_identify(src/linorobot2/linorobot2) by extensions ['ros']
[0.146s] Level 1:colcon.colcon_core.package_identification:_identify(src/linorobot2/linorobot2) by extension 'ros'
[0.148s] DEBUG:colcon.colcon_core.package_identification:Package 'src/linorobot2/linorobot2' with type 'ros.ament_cmake' and name 'linorobot2'
[0.148s] Level 1:colcon.colcon_core.package_identification:_identify(src/linorobot2/linorobot2_base) by extensions ['ignore', 'ignore_ament_install']
[0.148s] Level 1:colcon.colcon_core.package_identification:_identify(src/linorobot2/linorobot2_base) by extension 'ignore'
[0.148s] Level 1:colcon.colcon_core.package_identification:_identify(src/linorobot2/linorobot2_base) by extension 'ignore_ament_install'
[0.148s] Level 1:colcon.colcon_core.package_identification:_identify(src/linorobot2/linorobot2_base) by extensions ['colcon_pkg']
[0.148s] Level 1:colcon.colcon_core.package_identification:_identify(src/linorobot2/linorobot2_base) by extension 'colcon_pkg'
[0.148s] Level 1:colcon.colcon_core.package_identification:_identify(src/linorobot2/linorobot2_base) by extensions ['colcon_meta']
[0.149s] Level 1:colcon.colcon_core.package_identification:_identify(src/linorobot2/linorobot2_base) by extension 'colcon_meta'
[0.149s] Level 1:colcon.colcon_core.package_identification:_identify(src/linorobot2/linorobot2_base) by extensions ['ros']
[0.149s] Level 1:colcon.colcon_core.package_identification:_identify(src/linorobot2/linorobot2_base) by extension 'ros'
[0.149s] DEBUG:colcon.colcon_core.package_identification:Package 'src/linorobot2/linorobot2_base' with type 'ros.ament_cmake' and name 'linorobot2_base'
[0.149s] Level 1:colcon.colcon_core.package_identification:_identify(src/linorobot2/linorobot2_bringup) by extensions ['ignore', 'ignore_ament_install']
[0.149s] Level 1:colcon.colcon_core.package_identification:_identify(src/linorobot2/linorobot2_bringup) by extension 'ignore'
[0.149s] Level 1:colcon.colcon_core.package_identification:_identify(src/linorobot2/linorobot2_bringup) by extension 'ignore_ament_install'
[0.149s] Level 1:colcon.colcon_core.package_identification:_identify(src/linorobot2/linorobot2_bringup) by extensions ['colcon_pkg']
[0.149s] Level 1:colcon.colcon_core.package_identification:_identify(src/linorobot2/linorobot2_bringup) by extension 'colcon_pkg'
[0.150s] Level 1:colcon.colcon_core.package_identification:_identify(src/linorobot2/linorobot2_bringup) by extensions ['colcon_meta']
[0.150s] Level 1:colcon.colcon_core.package_identification:_identify(src/linorobot2/linorobot2_bringup) by extension 'colcon_meta'
[0.150s] Level 1:colcon.colcon_core.package_identification:_identify(src/linorobot2/linorobot2_bringup) by extensions ['ros']
[0.150s] Level 1:colcon.colcon_core.package_identification:_identify(src/linorobot2/linorobot2_bringup) by extension 'ros'
[0.150s] DEBUG:colcon.colcon_core.package_identification:Package 'src/linorobot2/linorobot2_bringup' with type 'ros.ament_cmake' and name 'linorobot2_bringup'
[0.151s] Level 1:colcon.colcon_core.package_identification:_identify(src/linorobot2/linorobot2_description) by extensions ['ignore', 'ignore_ament_install']
[0.151s] Level 1:colcon.colcon_core.package_identification:_identify(src/linorobot2/linorobot2_description) by extension 'ignore'
[0.151s] Level 1:colcon.colcon_core.package_identification:_identify(src/linorobot2/linorobot2_description) by extension 'ignore_ament_install'
[0.151s] Level 1:colcon.colcon_core.package_identification:_identify(src/linorobot2/linorobot2_description) by extensions ['colcon_pkg']
[0.151s] Level 1:colcon.colcon_core.package_identification:_identify(src/linorobot2/linorobot2_description) by extension 'colcon_pkg'
[0.151s] Level 1:colcon.colcon_core.package_identification:_identify(src/linorobot2/linorobot2_description) by extensions ['colcon_meta']
[0.151s] Level 1:colcon.colcon_core.package_identification:_identify(src/linorobot2/linorobot2_description) by extension 'colcon_meta'
[0.151s] Level 1:colcon.colcon_core.package_identification:_identify(src/linorobot2/linorobot2_description) by extensions ['ros']
[0.151s] Level 1:colcon.colcon_core.package_identification:_identify(src/linorobot2/linorobot2_description) by extension 'ros'
[0.152s] DEBUG:colcon.colcon_core.package_identification:Package 'src/linorobot2/linorobot2_description' with type 'ros.ament_cmake' and name 'linorobot2_description'
[0.152s] Level 1:colcon.colcon_core.package_identification:_identify(src/linorobot2/linorobot2_gazebo) by extensions ['ignore', 'ignore_ament_install']
[0.152s] Level 1:colcon.colcon_core.package_identification:_identify(src/linorobot2/linorobot2_gazebo) by extension 'ignore'
[0.152s] Level 1:colcon.colcon_core.package_identification:_identify(src/linorobot2/linorobot2_gazebo) by extension 'ignore_ament_install'
[0.152s] Level 1:colcon.colcon_core.package_identification:_identify(src/linorobot2/linorobot2_gazebo) by extensions ['colcon_pkg']
[0.152s] Level 1:colcon.colcon_core.package_identification:_identify(src/linorobot2/linorobot2_gazebo) by extension 'colcon_pkg'
[0.152s] Level 1:colcon.colcon_core.package_identification:_identify(src/linorobot2/linorobot2_gazebo) by extensions ['colcon_meta']
[0.152s] Level 1:colcon.colcon_core.package_identification:_identify(src/linorobot2/linorobot2_gazebo) by extension 'colcon_meta'
[0.153s] Level 1:colcon.colcon_core.package_identification:_identify(src/linorobot2/linorobot2_gazebo) by extensions ['ros']
[0.153s] Level 1:colcon.colcon_core.package_identification:_identify(src/linorobot2/linorobot2_gazebo) by extension 'ros'
[0.153s] DEBUG:colcon.colcon_core.package_identification:Package 'src/linorobot2/linorobot2_gazebo' with type 'ros.ament_cmake' and name 'linorobot2_gazebo'
[0.153s] Level 1:colcon.colcon_core.package_identification:_identify(src/linorobot2/linorobot2_navigation) by extensions ['ignore', 'ignore_ament_install']
[0.153s] Level 1:colcon.colcon_core.package_identification:_identify(src/linorobot2/linorobot2_navigation) by extension 'ignore'
[0.153s] Level 1:colcon.colcon_core.package_identification:_identify(src/linorobot2/linorobot2_navigation) by extension 'ignore_ament_install'
[0.153s] Level 1:colcon.colcon_core.package_identification:_identify(src/linorobot2/linorobot2_navigation) by extensions ['colcon_pkg']
[0.153s] Level 1:colcon.colcon_core.package_identification:_identify(src/linorobot2/linorobot2_navigation) by extension 'colcon_pkg'
[0.153s] Level 1:colcon.colcon_core.package_identification:_identify(src/linorobot2/linorobot2_navigation) by extensions ['colcon_meta']
[0.153s] Level 1:colcon.colcon_core.package_identification:_identify(src/linorobot2/linorobot2_navigation) by extension 'colcon_meta'
[0.153s] Level 1:colcon.colcon_core.package_identification:_identify(src/linorobot2/linorobot2_navigation) by extensions ['ros']
[0.153s] Level 1:colcon.colcon_core.package_identification:_identify(src/linorobot2/linorobot2_navigation) by extension 'ros'
[0.154s] DEBUG:colcon.colcon_core.package_identification:Package 'src/linorobot2/linorobot2_navigation' with type 'ros.ament_cmake' and name 'linorobot2_navigation'
[0.154s] Level 1:colcon.colcon_core.package_identification:_identify(src/linorobot2_viz) by extensions ['ignore', 'ignore_ament_install']
[0.154s] Level 1:colcon.colcon_core.package_identification:_identify(src/linorobot2_viz) by extension 'ignore'
[0.154s] Level 1:colcon.colcon_core.package_identification:_identify(src/linorobot2_viz) by extension 'ignore_ament_install'
[0.154s] Level 1:colcon.colcon_core.package_identification:_identify(src/linorobot2_viz) by extensions ['colcon_pkg']
[0.155s] Level 1:colcon.colcon_core.package_identification:_identify(src/linorobot2_viz) by extension 'colcon_pkg'
[0.155s] Level 1:colcon.colcon_core.package_identification:_identify(src/linorobot2_viz) by extensions ['colcon_meta']
[0.155s] Level 1:colcon.colcon_core.package_identification:_identify(src/linorobot2_viz) by extension 'colcon_meta'
[0.155s] Level 1:colcon.colcon_core.package_identification:_identify(src/linorobot2_viz) by extensions ['ros']
[0.155s] Level 1:colcon.colcon_core.package_identification:_identify(src/linorobot2_viz) by extension 'ros'
[0.155s] DEBUG:colcon.colcon_core.package_identification:Package 'src/linorobot2_viz' with type 'ros.ament_cmake' and name 'linorobot2_viz'
[0.155s] Level 1:colcon.colcon_core.package_identification:_identify(src/robomaster_pkg) by extensions ['ignore', 'ignore_ament_install']
[0.155s] Level 1:colcon.colcon_core.package_identification:_identify(src/robomaster_pkg) by extension 'ignore'
[0.155s] Level 1:colcon.colcon_core.package_identification:_identify(src/robomaster_pkg) by extension 'ignore_ament_install'
[0.155s] Level 1:colcon.colcon_core.package_identification:_identify(src/robomaster_pkg) by extensions ['colcon_pkg']
[0.156s] Level 1:colcon.colcon_core.package_identification:_identify(src/robomaster_pkg) by extension 'colcon_pkg'
[0.156s] Level 1:colcon.colcon_core.package_identification:_identify(src/robomaster_pkg) by extensions ['colcon_meta']
[0.156s] Level 1:colcon.colcon_core.package_identification:_identify(src/robomaster_pkg) by extension 'colcon_meta'
[0.156s] Level 1:colcon.colcon_core.package_identification:_identify(src/robomaster_pkg) by extensions ['ros']
[0.156s] Level 1:colcon.colcon_core.package_identification:_identify(src/robomaster_pkg) by extension 'ros'
[0.156s] DEBUG:colcon.colcon_core.package_identification:Package 'src/robomaster_pkg' with type 'ros.ament_python' and name 'robomaster_pkg'
[0.156s] Level 1:colcon.colcon_core.package_discovery:discover_packages(recursive) using defaults
[0.156s] Level 1:colcon.colcon_core.package_discovery:discover_packages(ignore) discover
[0.156s] Level 1:colcon.colcon_core.package_discovery:discover_packages(ignore) using defaults
[0.156s] Level 1:colcon.colcon_core.package_discovery:discover_packages(path) discover
[0.156s] Level 1:colcon.colcon_core.package_discovery:discover_packages(path) using defaults
[0.170s] Level 1:colcon.colcon_core.package_discovery:discover_packages(prefix_path) check parameters
[0.171s] Level 1:colcon.colcon_core.package_discovery:discover_packages(prefix_path) discover
[0.173s] DEBUG:colcon.colcon_installed_package_information.package_discovery:Found 332 installed packages in /opt/ros/foxy
[0.175s] Level 1:colcon.colcon_core.package_discovery:discover_packages(prefix_path) using defaults
[0.242s] Level 5:colcon.colcon_core.verb:set package 'linorobot2' build argument 'cmake_args' from command line to 'None'
[0.242s] Level 5:colcon.colcon_core.verb:set package 'linorobot2' build argument 'cmake_target' from command line to 'None'
[0.242s] Level 5:colcon.colcon_core.verb:set package 'linorobot2' build argument 'cmake_target_skip_unavailable' from command line to 'False'
[0.242s] Level 5:colcon.colcon_core.verb:set package 'linorobot2' build argument 'cmake_clean_cache' from command line to 'False'
[0.242s] Level 5:colcon.colcon_core.verb:set package 'linorobot2' build argument 'cmake_clean_first' from command line to 'False'
[0.242s] Level 5:colcon.colcon_core.verb:set package 'linorobot2' build argument 'cmake_force_configure' from command line to 'False'
[0.242s] Level 5:colcon.colcon_core.verb:set package 'linorobot2' build argument 'ament_cmake_args' from command line to 'None'
[0.242s] Level 5:colcon.colcon_core.verb:set package 'linorobot2' build argument 'catkin_cmake_args' from command line to 'None'
[0.242s] Level 5:colcon.colcon_core.verb:set package 'linorobot2' build argument 'catkin_skip_building_tests' from command line to 'False'
[0.242s] DEBUG:colcon.colcon_core.verb:Building package 'linorobot2' with the following arguments: {'ament_cmake_args': None, 'build_base': '/home/samet/Desktop/lino2/build/linorobot2', 'catkin_cmake_args': None, 'catkin_skip_building_tests': False, 'cmake_args': None, 'cmake_clean_cache': False, 'cmake_clean_first': False, 'cmake_force_configure': False, 'cmake_target': None, 'cmake_target_skip_unavailable': False, 'install_base': '/home/samet/Desktop/lino2/install/linorobot2', 'merge_install': False, 'path': '/home/samet/Desktop/lino2/src/linorobot2/linorobot2', 'symlink_install': False, 'test_result_base': None}
[0.243s] Level 5:colcon.colcon_core.verb:set package 'linorobot2_base' build argument 'cmake_args' from command line to 'None'
[0.243s] Level 5:colcon.colcon_core.verb:set package 'linorobot2_base' build argument 'cmake_target' from command line to 'None'
[0.243s] Level 5:colcon.colcon_core.verb:set package 'linorobot2_base' build argument 'cmake_target_skip_unavailable' from command line to 'False'
[0.243s] Level 5:colcon.colcon_core.verb:set package 'linorobot2_base' build argument 'cmake_clean_cache' from command line to 'False'
[0.243s] Level 5:colcon.colcon_core.verb:set package 'linorobot2_base' build argument 'cmake_clean_first' from command line to 'False'
[0.243s] Level 5:colcon.colcon_core.verb:set package 'linorobot2_base' build argument 'cmake_force_configure' from command line to 'False'
[0.243s] Level 5:colcon.colcon_core.verb:set package 'linorobot2_base' build argument 'ament_cmake_args' from command line to 'None'
[0.243s] Level 5:colcon.colcon_core.verb:set package 'linorobot2_base' build argument 'catkin_cmake_args' from command line to 'None'
[0.243s] Level 5:colcon.colcon_core.verb:set package 'linorobot2_base' build argument 'catkin_skip_building_tests' from command line to 'False'
[0.243s] DEBUG:colcon.colcon_core.verb:Building package 'linorobot2_base' with the following arguments: {'ament_cmake_args': None, 'build_base': '/home/samet/Desktop/lino2/build/linorobot2_base', 'catkin_cmake_args': None, 'catkin_skip_building_tests': False, 'cmake_args': None, 'cmake_clean_cache': False, 'cmake_clean_first': False, 'cmake_force_configure': False, 'cmake_target': None, 'cmake_target_skip_unavailable': False, 'install_base': '/home/samet/Desktop/lino2/install/linorobot2_base', 'merge_install': False, 'path': '/home/samet/Desktop/lino2/src/linorobot2/linorobot2_base', 'symlink_install': False, 'test_result_base': None}
[0.244s] Level 5:colcon.colcon_core.verb:set package 'linorobot2_bringup' build argument 'cmake_args' from command line to 'None'
[0.244s] Level 5:colcon.colcon_core.verb:set package 'linorobot2_bringup' build argument 'cmake_target' from command line to 'None'
[0.244s] Level 5:colcon.colcon_core.verb:set package 'linorobot2_bringup' build argument 'cmake_target_skip_unavailable' from command line to 'False'
[0.244s] Level 5:colcon.colcon_core.verb:set package 'linorobot2_bringup' build argument 'cmake_clean_cache' from command line to 'False'
[0.244s] Level 5:colcon.colcon_core.verb:set package 'linorobot2_bringup' build argument 'cmake_clean_first' from command line to 'False'
[0.244s] Level 5:colcon.colcon_core.verb:set package 'linorobot2_bringup' build argument 'cmake_force_configure' from command line to 'False'
[0.244s] Level 5:colcon.colcon_core.verb:set package 'linorobot2_bringup' build argument 'ament_cmake_args' from command line to 'None'
[0.244s] Level 5:colcon.colcon_core.verb:set package 'linorobot2_bringup' build argument 'catkin_cmake_args' from command line to 'None'
[0.244s] Level 5:colcon.colcon_core.verb:set package 'linorobot2_bringup' build argument 'catkin_skip_building_tests' from command line to 'False'
[0.244s] DEBUG:colcon.colcon_core.verb:Building package 'linorobot2_bringup' with the following arguments: {'ament_cmake_args': None, 'build_base': '/home/samet/Desktop/lino2/build/linorobot2_bringup', 'catkin_cmake_args': None, 'catkin_skip_building_tests': False, 'cmake_args': None, 'cmake_clean_cache': False, 'cmake_clean_first': False, 'cmake_force_configure': False, 'cmake_target': None, 'cmake_target_skip_unavailable': False, 'install_base': '/home/samet/Desktop/lino2/install/linorobot2_bringup', 'merge_install': False, 'path': '/home/samet/Desktop/lino2/src/linorobot2/linorobot2_bringup', 'symlink_install': False, 'test_result_base': None}
[0.245s] Level 5:colcon.colcon_core.verb:set package 'linorobot2_description' build argument 'cmake_args' from command line to 'None'
[0.245s] Level 5:colcon.colcon_core.verb:set package 'linorobot2_description' build argument 'cmake_target' from command line to 'None'
[0.245s] Level 5:colcon.colcon_core.verb:set package 'linorobot2_description' build argument 'cmake_target_skip_unavailable' from command line to 'False'
[0.245s] Level 5:colcon.colcon_core.verb:set package 'linorobot2_description' build argument 'cmake_clean_cache' from command line to 'False'
[0.245s] Level 5:colcon.colcon_core.verb:set package 'linorobot2_description' build argument 'cmake_clean_first' from command line to 'False'
[0.245s] Level 5:colcon.colcon_core.verb:set package 'linorobot2_description' build argument 'cmake_force_configure' from command line to 'False'
[0.245s] Level 5:colcon.colcon_core.verb:set package 'linorobot2_description' build argument 'ament_cmake_args' from command line to 'None'
[0.245s] Level 5:colcon.colcon_core.verb:set package 'linorobot2_description' build argument 'catkin_cmake_args' from command line to 'None'
[0.245s] Level 5:colcon.colcon_core.verb:set package 'linorobot2_description' build argument 'catkin_skip_building_tests' from command line to 'False'
[0.245s] DEBUG:colcon.colcon_core.verb:Building package 'linorobot2_description' with the following arguments: {'ament_cmake_args': None, 'build_base': '/home/samet/Desktop/lino2/build/linorobot2_description', 'catkin_cmake_args': None, 'catkin_skip_building_tests': False, 'cmake_args': None, 'cmake_clean_cache': False, 'cmake_clean_first': False, 'cmake_force_configure': False, 'cmake_target': None, 'cmake_target_skip_unavailable': False, 'install_base': '/home/samet/Desktop/lino2/install/linorobot2_description', 'merge_install': False, 'path': '/home/samet/Desktop/lino2/src/linorobot2/linorobot2_description', 'symlink_install': False, 'test_result_base': None}
[0.246s] Level 5:colcon.colcon_core.verb:set package 'linorobot2_gazebo' build argument 'cmake_args' from command line to 'None'
[0.246s] Level 5:colcon.colcon_core.verb:set package 'linorobot2_gazebo' build argument 'cmake_target' from command line to 'None'
[0.246s] Level 5:colcon.colcon_core.verb:set package 'linorobot2_gazebo' build argument 'cmake_target_skip_unavailable' from command line to 'False'
[0.246s] Level 5:colcon.colcon_core.verb:set package 'linorobot2_gazebo' build argument 'cmake_clean_cache' from command line to 'False'
[0.246s] Level 5:colcon.colcon_core.verb:set package 'linorobot2_gazebo' build argument 'cmake_clean_first' from command line to 'False'
[0.246s] Level 5:colcon.colcon_core.verb:set package 'linorobot2_gazebo' build argument 'cmake_force_configure' from command line to 'False'
[0.246s] Level 5:colcon.colcon_core.verb:set package 'linorobot2_gazebo' build argument 'ament_cmake_args' from command line to 'None'
[0.246s] Level 5:colcon.colcon_core.verb:set package 'linorobot2_gazebo' build argument 'catkin_cmake_args' from command line to 'None'
[0.246s] Level 5:colcon.colcon_core.verb:set package 'linorobot2_gazebo' build argument 'catkin_skip_building_tests' from command line to 'False'
[0.246s] DEBUG:colcon.colcon_core.verb:Building package 'linorobot2_gazebo' with the following arguments: {'ament_cmake_args': None, 'build_base': '/home/samet/Desktop/lino2/build/linorobot2_gazebo', 'catkin_cmake_args': None, 'catkin_skip_building_tests': False, 'cmake_args': None, 'cmake_clean_cache': False, 'cmake_clean_first': False, 'cmake_force_configure': False, 'cmake_target': None, 'cmake_target_skip_unavailable': False, 'install_base': '/home/samet/Desktop/lino2/install/linorobot2_gazebo', 'merge_install': False, 'path': '/home/samet/Desktop/lino2/src/linorobot2/linorobot2_gazebo', 'symlink_install': False, 'test_result_base': None}
[0.247s] Level 5:colcon.colcon_core.verb:set package 'linorobot2_navigation' build argument 'cmake_args' from command line to 'None'
[0.247s] Level 5:colcon.colcon_core.verb:set package 'linorobot2_navigation' build argument 'cmake_target' from command line to 'None'
[0.247s] Level 5:colcon.colcon_core.verb:set package 'linorobot2_navigation' build argument 'cmake_target_skip_unavailable' from command line to 'False'
[0.247s] Level 5:colcon.colcon_core.verb:set package 'linorobot2_navigation' build argument 'cmake_clean_cache' from command line to 'False'
[0.247s] Level 5:colcon.colcon_core.verb:set package 'linorobot2_navigation' build argument 'cmake_clean_first' from command line to 'False'
[0.247s] Level 5:colcon.colcon_core.verb:set package 'linorobot2_navigation' build argument 'cmake_force_configure' from command line to 'False'
[0.247s] Level 5:colcon.colcon_core.verb:set package 'linorobot2_navigation' build argument 'ament_cmake_args' from command line to 'None'
[0.247s] Level 5:colcon.colcon_core.verb:set package 'linorobot2_navigation' build argument 'catkin_cmake_args' from command line to 'None'
[0.247s] Level 5:colcon.colcon_core.verb:set package 'linorobot2_navigation' build argument 'catkin_skip_building_tests' from command line to 'False'
[0.247s] DEBUG:colcon.colcon_core.verb:Building package 'linorobot2_navigation' with the following arguments: {'ament_cmake_args': None, 'build_base': '/home/samet/Desktop/lino2/build/linorobot2_navigation', 'catkin_cmake_args': None, 'catkin_skip_building_tests': False, 'cmake_args': None, 'cmake_clean_cache': False, 'cmake_clean_first': False, 'cmake_force_configure': False, 'cmake_target': None, 'cmake_target_skip_unavailable': False, 'install_base': '/home/samet/Desktop/lino2/install/linorobot2_navigation', 'merge_install': False, 'path': '/home/samet/Desktop/lino2/src/linorobot2/linorobot2_navigation', 'symlink_install': False, 'test_result_base': None}
[0.248s] Level 5:colcon.colcon_core.verb:set package 'linorobot2_viz' build argument 'cmake_args' from command line to 'None'
[0.248s] Level 5:colcon.colcon_core.verb:set package 'linorobot2_viz' build argument 'cmake_target' from command line to 'None'
[0.248s] Level 5:colcon.colcon_core.verb:set package 'linorobot2_viz' build argument 'cmake_target_skip_unavailable' from command line to 'False'
[0.248s] Level 5:colcon.colcon_core.verb:set package 'linorobot2_viz' build argument 'cmake_clean_cache' from command line to 'False'
[0.248s] Level 5:colcon.colcon_core.verb:set package 'linorobot2_viz' build argument 'cmake_clean_first' from command line to 'False'
[0.248s] Level 5:colcon.colcon_core.verb:set package 'linorobot2_viz' build argument 'cmake_force_configure' from command line to 'False'
[0.248s] Level 5:colcon.colcon_core.verb:set package 'linorobot2_viz' build argument 'ament_cmake_args' from command line to 'None'
[0.248s] Level 5:colcon.colcon_core.verb:set package 'linorobot2_viz' build argument 'catkin_cmake_args' from command line to 'None'
[0.248s] Level 5:colcon.colcon_core.verb:set package 'linorobot2_viz' build argument 'catkin_skip_building_tests' from command line to 'False'
[0.248s] DEBUG:colcon.colcon_core.verb:Building package 'linorobot2_viz' with the following arguments: {'ament_cmake_args': None, 'build_base': '/home/samet/Desktop/lino2/build/linorobot2_viz', 'catkin_cmake_args': None, 'catkin_skip_building_tests': False, 'cmake_args': None, 'cmake_clean_cache': False, 'cmake_clean_first': False, 'cmake_force_configure': False, 'cmake_target': None, 'cmake_target_skip_unavailable': False, 'install_base': '/home/samet/Desktop/lino2/install/linorobot2_viz', 'merge_install': False, 'path': '/home/samet/Desktop/lino2/src/linorobot2_viz', 'symlink_install': False, 'test_result_base': None}
[0.248s] Level 5:colcon.colcon_core.verb:set package 'robomaster_pkg' build argument 'cmake_args' from command line to 'None'
[0.248s] Level 5:colcon.colcon_core.verb:set package 'robomaster_pkg' build argument 'cmake_target' from command line to 'None'
[0.248s] Level 5:colcon.colcon_core.verb:set package 'robomaster_pkg' build argument 'cmake_target_skip_unavailable' from command line to 'False'
[0.248s] Level 5:colcon.colcon_core.verb:set package 'robomaster_pkg' build argument 'cmake_clean_cache' from command line to 'False'
[0.248s] Level 5:colcon.colcon_core.verb:set package 'robomaster_pkg' build argument 'cmake_clean_first' from command line to 'False'
[0.248s] Level 5:colcon.colcon_core.verb:set package 'robomaster_pkg' build argument 'cmake_force_configure' from command line to 'False'
[0.248s] Level 5:colcon.colcon_core.verb:set package 'robomaster_pkg' build argument 'ament_cmake_args' from command line to 'None'
[0.248s] Level 5:colcon.colcon_core.verb:set package 'robomaster_pkg' build argument 'catkin_cmake_args' from command line to 'None'
[0.249s] Level 5:colcon.colcon_core.verb:set package 'robomaster_pkg' build argument 'catkin_skip_building_tests' from command line to 'False'
[0.249s] DEBUG:colcon.colcon_core.verb:Building package 'robomaster_pkg' with the following arguments: {'ament_cmake_args': None, 'build_base': '/home/samet/Desktop/lino2/build/robomaster_pkg', 'catkin_cmake_args': None, 'catkin_skip_building_tests': False, 'cmake_args': None, 'cmake_clean_cache': False, 'cmake_clean_first': False, 'cmake_force_configure': False, 'cmake_target': None, 'cmake_target_skip_unavailable': False, 'install_base': '/home/samet/Desktop/lino2/install/robomaster_pkg', 'merge_install': False, 'path': '/home/samet/Desktop/lino2/src/robomaster_pkg', 'symlink_install': False, 'test_result_base': None}
[0.249s] INFO:colcon.colcon_core.executor:Executing jobs using 'parallel' executor
[0.251s] DEBUG:colcon.colcon_parallel_executor.executor.parallel:run_until_complete
[0.251s] INFO:colcon.colcon_ros.task.ament_cmake.build:Building ROS package in '/home/samet/Desktop/lino2/src/linorobot2/linorobot2' with build type 'ament_cmake'
[0.252s] INFO:colcon.colcon_cmake.task.cmake.build:Building CMake package in '/home/samet/Desktop/lino2/src/linorobot2/linorobot2'
[0.255s] INFO:colcon.colcon_core.plugin_system:Skipping extension 'colcon_core.shell.bat': Not used on non-Windows systems
[0.255s] INFO:colcon.colcon_core.shell:Skip shell extension 'powershell' for command environment: Not usable outside of PowerShell
[0.255s] DEBUG:colcon.colcon_core.shell:Skip shell extension 'dsv' for command environment
[0.259s] INFO:colcon.colcon_ros.task.ament_cmake.build:Building ROS package in '/home/samet/Desktop/lino2/src/linorobot2/linorobot2_base' with build type 'ament_cmake'
[0.260s] INFO:colcon.colcon_cmake.task.cmake.build:Building CMake package in '/home/samet/Desktop/lino2/src/linorobot2/linorobot2_base'
[0.260s] INFO:colcon.colcon_core.shell:Skip shell extension 'powershell' for command environment: Not usable outside of PowerShell
[0.260s] DEBUG:colcon.colcon_core.shell:Skip shell extension 'dsv' for command environment
[0.266s] INFO:colcon.colcon_ros.task.ament_cmake.build:Building ROS package in '/home/samet/Desktop/lino2/src/linorobot2/linorobot2_bringup' with build type 'ament_cmake'
[0.266s] INFO:colcon.colcon_cmake.task.cmake.build:Building CMake package in '/home/samet/Desktop/lino2/src/linorobot2/linorobot2_bringup'
[0.267s] INFO:colcon.colcon_core.shell:Skip shell extension 'powershell' for command environment: Not usable outside of PowerShell
[0.268s] DEBUG:colcon.colcon_core.shell:Skip shell extension 'dsv' for command environment
[0.272s] INFO:colcon.colcon_ros.task.ament_cmake.build:Building ROS package in '/home/samet/Desktop/lino2/src/linorobot2/linorobot2_description' with build type 'ament_cmake'
[0.272s] INFO:colcon.colcon_cmake.task.cmake.build:Building CMake package in '/home/samet/Desktop/lino2/src/linorobot2/linorobot2_description'
[0.273s] INFO:colcon.colcon_core.shell:Skip shell extension 'powershell' for command environment: Not usable outside of PowerShell
[0.273s] DEBUG:colcon.colcon_core.shell:Skip shell extension 'dsv' for command environment
[0.277s] INFO:colcon.colcon_ros.task.ament_cmake.build:Building ROS package in '/home/samet/Desktop/lino2/src/linorobot2/linorobot2_gazebo' with build type 'ament_cmake'
[0.277s] INFO:colcon.colcon_cmake.task.cmake.build:Building CMake package in '/home/samet/Desktop/lino2/src/linorobot2/linorobot2_gazebo'
[0.277s] INFO:colcon.colcon_core.shell:Skip shell extension 'powershell' for command environment: Not usable outside of PowerShell
[0.278s] DEBUG:colcon.colcon_core.shell:Skip shell extension 'dsv' for command environment
[0.282s] INFO:colcon.colcon_ros.task.ament_cmake.build:Building ROS package in '/home/samet/Desktop/lino2/src/linorobot2/linorobot2_navigation' with build type 'ament_cmake'
[0.282s] INFO:colcon.colcon_cmake.task.cmake.build:Building CMake package in '/home/samet/Desktop/lino2/src/linorobot2/linorobot2_navigation'
[0.283s] INFO:colcon.colcon_core.shell:Skip shell extension 'powershell' for command environment: Not usable outside of PowerShell
[0.284s] DEBUG:colcon.colcon_core.shell:Skip shell extension 'dsv' for command environment
[0.289s] INFO:colcon.colcon_ros.task.ament_cmake.build:Building ROS package in '/home/samet/Desktop/lino2/src/linorobot2_viz' with build type 'ament_cmake'
[0.289s] INFO:colcon.colcon_cmake.task.cmake.build:Building CMake package in '/home/samet/Desktop/lino2/src/linorobot2_viz'
[0.291s] INFO:colcon.colcon_core.shell:Skip shell extension 'powershell' for command environment: Not usable outside of PowerShell
[0.291s] DEBUG:colcon.colcon_core.shell:Skip shell extension 'dsv' for command environment
[0.295s] INFO:colcon.colcon_ros.task.ament_python.build:Building ROS package in '/home/samet/Desktop/lino2/src/robomaster_pkg' with build type 'ament_python'
[0.295s] Level 1:colcon.colcon_core.shell:create_environment_hook('robomaster_pkg', 'ament_prefix_path')
[0.296s] INFO:colcon.colcon_core.shell:Creating environment hook '/home/samet/Desktop/lino2/install/robomaster_pkg/share/robomaster_pkg/hook/ament_prefix_path.ps1'
[0.297s] INFO:colcon.colcon_core.shell:Creating environment descriptor '/home/samet/Desktop/lino2/install/robomaster_pkg/share/robomaster_pkg/hook/ament_prefix_path.dsv'
[0.297s] INFO:colcon.colcon_core.shell:Creating environment hook '/home/samet/Desktop/lino2/install/robomaster_pkg/share/robomaster_pkg/hook/ament_prefix_path.sh'
[0.298s] INFO:colcon.colcon_core.shell:Skip shell extension 'powershell' for command environment: Not usable outside of PowerShell
[0.299s] DEBUG:colcon.colcon_core.shell:Skip shell extension 'dsv' for command environment
[0.309s] DEBUG:colcon.colcon_core.event_handler.log_command:Invoking command in '/home/samet/Desktop/lino2/build/linorobot2': CMAKE_PREFIX_PATH=/opt/ros/foxy /usr/bin/cmake --build /home/samet/Desktop/lino2/build/linorobot2 -- -j12 -l12
[0.315s] DEBUG:colcon.colcon_core.event_handler.log_command:Invoking command in '/home/samet/Desktop/lino2/build/linorobot2_base': CMAKE_PREFIX_PATH=/opt/ros/foxy /usr/bin/cmake --build /home/samet/Desktop/lino2/build/linorobot2_base -- -j12 -l12
[0.321s] DEBUG:colcon.colcon_core.event_handler.log_command:Invoking command in '/home/samet/Desktop/lino2/build/linorobot2_bringup': CMAKE_PREFIX_PATH=/opt/ros/foxy /usr/bin/cmake --build /home/samet/Desktop/lino2/build/linorobot2_bringup -- -j12 -l12
[0.326s] DEBUG:colcon.colcon_core.event_handler.log_command:Invoking command in '/home/samet/Desktop/lino2/build/linorobot2_description': CMAKE_PREFIX_PATH=/opt/ros/foxy /usr/bin/cmake --build /home/samet/Desktop/lino2/build/linorobot2_description -- -j12 -l12
[0.332s] DEBUG:colcon.colcon_core.event_handler.log_command:Invoking command in '/home/samet/Desktop/lino2/build/linorobot2_gazebo': CMAKE_PREFIX_PATH=/opt/ros/foxy /usr/bin/cmake --build /home/samet/Desktop/lino2/build/linorobot2_gazebo -- -j12 -l12
[0.337s] DEBUG:colcon.colcon_core.event_handler.log_command:Invoking command in '/home/samet/Desktop/lino2/build/linorobot2_navigation': CMAKE_PREFIX_PATH=/opt/ros/foxy /usr/bin/cmake --build /home/samet/Desktop/lino2/build/linorobot2_navigation -- -j12 -l12
[0.342s] DEBUG:colcon.colcon_core.event_handler.log_command:Invoking command in '/home/samet/Desktop/lino2/build/linorobot2_viz': CMAKE_PREFIX_PATH=/opt/ros/foxy /usr/bin/cmake --build /home/samet/Desktop/lino2/build/linorobot2_viz -- -j12 -l12
[0.528s] INFO:colcon.colcon_core.task.python.build:Building Python package in '/home/samet/Desktop/lino2/src/robomaster_pkg'
[0.529s] INFO:colcon.colcon_core.shell:Skip shell extension 'powershell' for command environment: Not usable outside of PowerShell
[0.529s] DEBUG:colcon.colcon_core.shell:Skip shell extension 'dsv' for command environment
[0.543s] DEBUG:colcon.colcon_core.event_handler.log_command:Invoked command in '/home/samet/Desktop/lino2/build/linorobot2' returned '0': CMAKE_PREFIX_PATH=/opt/ros/foxy /usr/bin/cmake --build /home/samet/Desktop/lino2/build/linorobot2 -- -j12 -l12
[0.545s] DEBUG:colcon.colcon_core.event_handler.log_command:Invoked command in '/home/samet/Desktop/lino2/build/linorobot2_base' returned '0': CMAKE_PREFIX_PATH=/opt/ros/foxy /usr/bin/cmake --build /home/samet/Desktop/lino2/build/linorobot2_base -- -j12 -l12
[0.553s] DEBUG:colcon.colcon_core.event_handler.log_command:Invoked command in '/home/samet/Desktop/lino2/build/linorobot2_bringup' returned '0': CMAKE_PREFIX_PATH=/opt/ros/foxy /usr/bin/cmake --build /home/samet/Desktop/lino2/build/linorobot2_bringup -- -j12 -l12
[0.558s] DEBUG:colcon.colcon_core.event_handler.log_command:Invoked command in '/home/samet/Desktop/lino2/build/linorobot2_description' returned '0': CMAKE_PREFIX_PATH=/opt/ros/foxy /usr/bin/cmake --build /home/samet/Desktop/lino2/build/linorobot2_description -- -j12 -l12
[0.562s] DEBUG:colcon.colcon_core.event_handler.log_command:Invoked command in '/home/samet/Desktop/lino2/build/linorobot2_gazebo' returned '0': CMAKE_PREFIX_PATH=/opt/ros/foxy /usr/bin/cmake --build /home/samet/Desktop/lino2/build/linorobot2_gazebo -- -j12 -l12
[0.567s] DEBUG:colcon.colcon_core.event_handler.log_command:Invoked command in '/home/samet/Desktop/lino2/build/linorobot2_viz' returned '0': CMAKE_PREFIX_PATH=/opt/ros/foxy /usr/bin/cmake --build /home/samet/Desktop/lino2/build/linorobot2_viz -- -j12 -l12
[0.568s] DEBUG:colcon.colcon_core.event_handler.log_command:Invoked command in '/home/samet/Desktop/lino2/build/linorobot2_navigation' returned '0': CMAKE_PREFIX_PATH=/opt/ros/foxy /usr/bin/cmake --build /home/samet/Desktop/lino2/build/linorobot2_navigation -- -j12 -l12
[0.588s] DEBUG:colcon.colcon_core.event_handler.log_command:Invoking command in '/home/samet/Desktop/lino2/build/linorobot2': CMAKE_PREFIX_PATH=/opt/ros/foxy /usr/bin/cmake --install /home/samet/Desktop/lino2/build/linorobot2
[0.591s] DEBUG:colcon.colcon_core.event_handler.log_command:Invoking command in '/home/samet/Desktop/lino2/build/linorobot2_base': CMAKE_PREFIX_PATH=/opt/ros/foxy /usr/bin/cmake --install /home/samet/Desktop/lino2/build/linorobot2_base
[0.593s] DEBUG:colcon.colcon_core.event_handler.log_command:Invoking command in '/home/samet/Desktop/lino2/build/linorobot2_bringup': CMAKE_PREFIX_PATH=/opt/ros/foxy /usr/bin/cmake --install /home/samet/Desktop/lino2/build/linorobot2_bringup
[0.596s] DEBUG:colcon.colcon_core.event_handler.log_command:Invoking command in '/home/samet/Desktop/lino2/build/linorobot2_description': CMAKE_PREFIX_PATH=/opt/ros/foxy /usr/bin/cmake --install /home/samet/Desktop/lino2/build/linorobot2_description
[0.612s] Level 1:colcon.colcon_core.environment:create_environment_scripts_only(linorobot2)
[0.618s] DEBUG:colcon.colcon_core.event_handler.log_command:Invoking command in '/home/samet/Desktop/lino2/build/linorobot2_viz': CMAKE_PREFIX_PATH=/opt/ros/foxy /usr/bin/cmake --install /home/samet/Desktop/lino2/build/linorobot2_viz
[0.621s] DEBUG:colcon.colcon_core.event_handler.log_command:Invoking command in '/home/samet/Desktop/lino2/build/linorobot2_gazebo': CMAKE_PREFIX_PATH=/opt/ros/foxy /usr/bin/cmake --install /home/samet/Desktop/lino2/build/linorobot2_gazebo
[0.626s] DEBUG:colcon.colcon_core.event_handler.log_command:Invoking command in '/home/samet/Desktop/lino2/build/linorobot2_navigation': CMAKE_PREFIX_PATH=/opt/ros/foxy /usr/bin/cmake --install /home/samet/Desktop/lino2/build/linorobot2_navigation
[0.629s] DEBUG:colcon.colcon_core.event_handler.log_command:Invoked command in '/home/samet/Desktop/lino2/build/linorobot2' returned '0': CMAKE_PREFIX_PATH=/opt/ros/foxy /usr/bin/cmake --install /home/samet/Desktop/lino2/build/linorobot2
[0.632s] Level 1:colcon.colcon_core.environment:checking '/home/samet/Desktop/lino2/install/linorobot2' for CMake module files
[0.633s] Level 1:colcon.colcon_core.environment:checking '/home/samet/Desktop/lino2/install/linorobot2' for CMake config files
[0.633s] Level 1:colcon.colcon_core.shell:create_environment_hook('linorobot2', 'cmake_prefix_path')
[0.634s] INFO:colcon.colcon_core.shell:Creating environment hook '/home/samet/Desktop/lino2/install/linorobot2/share/linorobot2/hook/cmake_prefix_path.ps1'
[0.634s] INFO:colcon.colcon_core.shell:Creating environment descriptor '/home/samet/Desktop/lino2/install/linorobot2/share/linorobot2/hook/cmake_prefix_path.dsv'
[0.635s] INFO:colcon.colcon_core.shell:Creating environment hook '/home/samet/Desktop/lino2/install/linorobot2/share/linorobot2/hook/cmake_prefix_path.sh'
[0.636s] Level 1:colcon.colcon_core.environment:checking '/home/samet/Desktop/lino2/install/linorobot2/bin'
[0.636s] Level 1:colcon.colcon_core.environment:checking '/home/samet/Desktop/lino2/install/linorobot2/lib/pkgconfig/linorobot2.pc'
[0.636s] Level 1:colcon.colcon_core.environment:checking '/home/samet/Desktop/lino2/install/linorobot2/lib/python3.8/site-packages'
[0.637s] INFO:colcon.colcon_core.shell:Creating package script '/home/samet/Desktop/lino2/install/linorobot2/share/linorobot2/package.ps1'
[0.637s] INFO:colcon.colcon_core.shell:Creating package descriptor '/home/samet/Desktop/lino2/install/linorobot2/share/linorobot2/package.dsv'
[0.638s] INFO:colcon.colcon_core.shell:Creating package script '/home/samet/Desktop/lino2/install/linorobot2/share/linorobot2/package.sh'
[0.639s] INFO:colcon.colcon_core.shell:Creating package script '/home/samet/Desktop/lino2/install/linorobot2/share/linorobot2/package.bash'
[0.640s] INFO:colcon.colcon_core.shell:Creating package script '/home/samet/Desktop/lino2/install/linorobot2/share/linorobot2/package.zsh'
[0.640s] Level 1:colcon.colcon_core.environment:create_file_with_runtime_dependencies(/home/samet/Desktop/lino2/install/linorobot2/share/colcon-core/packages/linorobot2)
[0.643s] Level 1:colcon.colcon_core.environment:create_environment_scripts_only(linorobot2_base)
[0.645s] Level 1:colcon.colcon_core.environment:checking '/home/samet/Desktop/lino2/install/linorobot2_base' for CMake module files
[0.645s] DEBUG:colcon.colcon_core.event_handler.log_command:Invoked command in '/home/samet/Desktop/lino2/build/linorobot2_base' returned '0': CMAKE_PREFIX_PATH=/opt/ros/foxy /usr/bin/cmake --install /home/samet/Desktop/lino2/build/linorobot2_base
[0.648s] Level 1:colcon.colcon_core.environment:checking '/home/samet/Desktop/lino2/install/linorobot2_base' for CMake config files
[0.648s] Level 1:colcon.colcon_core.shell:create_environment_hook('linorobot2_base', 'cmake_prefix_path')
[0.648s] INFO:colcon.colcon_core.shell:Creating environment hook '/home/samet/Desktop/lino2/install/linorobot2_base/share/linorobot2_base/hook/cmake_prefix_path.ps1'
[0.649s] INFO:colcon.colcon_core.shell:Creating environment descriptor '/home/samet/Desktop/lino2/install/linorobot2_base/share/linorobot2_base/hook/cmake_prefix_path.dsv'
[0.649s] INFO:colcon.colcon_core.shell:Creating environment hook '/home/samet/Desktop/lino2/install/linorobot2_base/share/linorobot2_base/hook/cmake_prefix_path.sh'
[0.649s] Level 1:colcon.colcon_core.environment:checking '/home/samet/Desktop/lino2/install/linorobot2_base/bin'
[0.649s] Level 1:colcon.colcon_core.environment:checking '/home/samet/Desktop/lino2/install/linorobot2_base/lib/pkgconfig/linorobot2_base.pc'
[0.650s] Level 1:colcon.colcon_core.environment:checking '/home/samet/Desktop/lino2/install/linorobot2_base/lib/python3.8/site-packages'
[0.651s] INFO:colcon.colcon_core.shell:Creating package script '/home/samet/Desktop/lino2/install/linorobot2_base/share/linorobot2_base/package.ps1'
[0.651s] INFO:colcon.colcon_core.shell:Creating package descriptor '/home/samet/Desktop/lino2/install/linorobot2_base/share/linorobot2_base/package.dsv'
[0.651s] INFO:colcon.colcon_core.shell:Creating package script '/home/samet/Desktop/lino2/install/linorobot2_base/share/linorobot2_base/package.sh'
[0.652s] INFO:colcon.colcon_core.shell:Creating package script '/home/samet/Desktop/lino2/install/linorobot2_base/share/linorobot2_base/package.bash'
[0.652s] INFO:colcon.colcon_core.shell:Creating package script '/home/samet/Desktop/lino2/install/linorobot2_base/share/linorobot2_base/package.zsh'
[0.652s] Level 1:colcon.colcon_core.environment:create_file_with_runtime_dependencies(/home/samet/Desktop/lino2/install/linorobot2_base/share/colcon-core/packages/linorobot2_base)
[0.656s] Level 1:colcon.colcon_core.environment:create_environment_scripts_only(linorobot2_bringup)
[0.657s] Level 1:colcon.colcon_core.environment:checking '/home/samet/Desktop/lino2/install/linorobot2_bringup' for CMake module files
[0.658s] DEBUG:colcon.colcon_core.event_handler.log_command:Invoked command in '/home/samet/Desktop/lino2/build/linorobot2_bringup' returned '0': CMAKE_PREFIX_PATH=/opt/ros/foxy /usr/bin/cmake --install /home/samet/Desktop/lino2/build/linorobot2_bringup
[0.659s] Level 1:colcon.colcon_core.environment:checking '/home/samet/Desktop/lino2/install/linorobot2_bringup' for CMake config files
[0.659s] Level 1:colcon.colcon_core.shell:create_environment_hook('linorobot2_bringup', 'cmake_prefix_path')
[0.659s] INFO:colcon.colcon_core.shell:Creating environment hook '/home/samet/Desktop/lino2/install/linorobot2_bringup/share/linorobot2_bringup/hook/cmake_prefix_path.ps1'
[0.660s] INFO:colcon.colcon_core.shell:Creating environment descriptor '/home/samet/Desktop/lino2/install/linorobot2_bringup/share/linorobot2_bringup/hook/cmake_prefix_path.dsv'
[0.660s] INFO:colcon.colcon_core.shell:Creating environment hook '/home/samet/Desktop/lino2/install/linorobot2_bringup/share/linorobot2_bringup/hook/cmake_prefix_path.sh'
[0.661s] Level 1:colcon.colcon_core.environment:checking '/home/samet/Desktop/lino2/install/linorobot2_bringup/bin'
[0.661s] Level 1:colcon.colcon_core.environment:checking '/home/samet/Desktop/lino2/install/linorobot2_bringup/lib/pkgconfig/linorobot2_bringup.pc'
[0.661s] Level 1:colcon.colcon_core.environment:checking '/home/samet/Desktop/lino2/install/linorobot2_bringup/lib/python3.8/site-packages'
[0.661s] INFO:colcon.colcon_core.shell:Creating package script '/home/samet/Desktop/lino2/install/linorobot2_bringup/share/linorobot2_bringup/package.ps1'
[0.662s] INFO:colcon.colcon_core.shell:Creating package descriptor '/home/samet/Desktop/lino2/install/linorobot2_bringup/share/linorobot2_bringup/package.dsv'
[0.663s] INFO:colcon.colcon_core.shell:Creating package script '/home/samet/Desktop/lino2/install/linorobot2_bringup/share/linorobot2_bringup/package.sh'
[0.663s] INFO:colcon.colcon_core.shell:Creating package script '/home/samet/Desktop/lino2/install/linorobot2_bringup/share/linorobot2_bringup/package.bash'
[0.663s] INFO:colcon.colcon_core.shell:Creating package script '/home/samet/Desktop/lino2/install/linorobot2_bringup/share/linorobot2_bringup/package.zsh'
[0.664s] Level 1:colcon.colcon_core.environment:create_file_with_runtime_dependencies(/home/samet/Desktop/lino2/install/linorobot2_bringup/share/colcon-core/packages/linorobot2_bringup)
[0.666s] Level 1:colcon.colcon_core.environment:create_environment_scripts_only(linorobot2_description)
[0.667s] Level 1:colcon.colcon_core.environment:checking '/home/samet/Desktop/lino2/install/linorobot2_description' for CMake module files
[0.668s] DEBUG:colcon.colcon_core.event_handler.log_command:Invoked command in '/home/samet/Desktop/lino2/build/linorobot2_description' returned '0': CMAKE_PREFIX_PATH=/opt/ros/foxy /usr/bin/cmake --install /home/samet/Desktop/lino2/build/linorobot2_description
[0.668s] Level 1:colcon.colcon_core.environment:checking '/home/samet/Desktop/lino2/install/linorobot2_description' for CMake config files
[0.668s] Level 1:colcon.colcon_core.shell:create_environment_hook('linorobot2_description', 'cmake_prefix_path')
[0.668s] INFO:colcon.colcon_core.shell:Creating environment hook '/home/samet/Desktop/lino2/install/linorobot2_description/share/linorobot2_description/hook/cmake_prefix_path.ps1'
[0.669s] INFO:colcon.colcon_core.shell:Creating environment descriptor '/home/samet/Desktop/lino2/install/linorobot2_description/share/linorobot2_description/hook/cmake_prefix_path.dsv'
[0.669s] INFO:colcon.colcon_core.shell:Creating environment hook '/home/samet/Desktop/lino2/install/linorobot2_description/share/linorobot2_description/hook/cmake_prefix_path.sh'
[0.670s] Level 1:colcon.colcon_core.environment:checking '/home/samet/Desktop/lino2/install/linorobot2_description/bin'
[0.670s] Level 1:colcon.colcon_core.environment:checking '/home/samet/Desktop/lino2/install/linorobot2_description/lib/pkgconfig/linorobot2_description.pc'
[0.670s] Level 1:colcon.colcon_core.environment:checking '/home/samet/Desktop/lino2/install/linorobot2_description/lib/python3.8/site-packages'
[0.671s] INFO:colcon.colcon_core.shell:Creating package script '/home/samet/Desktop/lino2/install/linorobot2_description/share/linorobot2_description/package.ps1'
[0.671s] INFO:colcon.colcon_core.shell:Creating package descriptor '/home/samet/Desktop/lino2/install/linorobot2_description/share/linorobot2_description/package.dsv'
[0.671s] INFO:colcon.colcon_core.shell:Creating package script '/home/samet/Desktop/lino2/install/linorobot2_description/share/linorobot2_description/package.sh'
[0.672s] INFO:colcon.colcon_core.shell:Creating package script '/home/samet/Desktop/lino2/install/linorobot2_description/share/linorobot2_description/package.bash'
[0.672s] INFO:colcon.colcon_core.shell:Creating package script '/home/samet/Desktop/lino2/install/linorobot2_description/share/linorobot2_description/package.zsh'
[0.672s] Level 1:colcon.colcon_core.environment:create_file_with_runtime_dependencies(/home/samet/Desktop/lino2/install/linorobot2_description/share/colcon-core/packages/linorobot2_description)
[0.675s] Level 1:colcon.colcon_core.environment:create_environment_scripts_only(linorobot2_gazebo)
[0.676s] Level 1:colcon.colcon_core.environment:checking '/home/samet/Desktop/lino2/install/linorobot2_gazebo' for CMake module files
[0.677s] DEBUG:colcon.colcon_core.event_handler.log_command:Invoked command in '/home/samet/Desktop/lino2/build/linorobot2_gazebo' returned '0': CMAKE_PREFIX_PATH=/opt/ros/foxy /usr/bin/cmake --install /home/samet/Desktop/lino2/build/linorobot2_gazebo
[0.677s] Level 1:colcon.colcon_core.environment:checking '/home/samet/Desktop/lino2/install/linorobot2_gazebo' for CMake config files
[0.678s] Level 1:colcon.colcon_core.shell:create_environment_hook('linorobot2_gazebo', 'cmake_prefix_path')
[0.678s] INFO:colcon.colcon_core.shell:Creating environment hook '/home/samet/Desktop/lino2/install/linorobot2_gazebo/share/linorobot2_gazebo/hook/cmake_prefix_path.ps1'
[0.679s] INFO:colcon.colcon_core.shell:Creating environment descriptor '/home/samet/Desktop/lino2/install/linorobot2_gazebo/share/linorobot2_gazebo/hook/cmake_prefix_path.dsv'
[0.679s] INFO:colcon.colcon_core.shell:Creating environment hook '/home/samet/Desktop/lino2/install/linorobot2_gazebo/share/linorobot2_gazebo/hook/cmake_prefix_path.sh'
[0.680s] Level 1:colcon.colcon_core.environment:checking '/home/samet/Desktop/lino2/install/linorobot2_gazebo/lib'
[0.680s] Level 1:colcon.colcon_core.environment:checking '/home/samet/Desktop/lino2/install/linorobot2_gazebo/bin'
[0.680s] Level 1:colcon.colcon_core.environment:checking '/home/samet/Desktop/lino2/install/linorobot2_gazebo/lib/pkgconfig/linorobot2_gazebo.pc'
[0.680s] Level 1:colcon.colcon_core.environment:checking '/home/samet/Desktop/lino2/install/linorobot2_gazebo/lib/python3.8/site-packages'
[0.680s] Level 1:colcon.colcon_core.shell:create_environment_hook('linorobot2_gazebo', 'pythonpath')
[0.681s] INFO:colcon.colcon_core.shell:Creating environment hook '/home/samet/Desktop/lino2/install/linorobot2_gazebo/share/linorobot2_gazebo/hook/pythonpath.ps1'
[0.681s] INFO:colcon.colcon_core.shell:Creating environment descriptor '/home/samet/Desktop/lino2/install/linorobot2_gazebo/share/linorobot2_gazebo/hook/pythonpath.dsv'
[0.681s] INFO:colcon.colcon_core.shell:Creating environment hook '/home/samet/Desktop/lino2/install/linorobot2_gazebo/share/linorobot2_gazebo/hook/pythonpath.sh'
[0.682s] INFO:colcon.colcon_core.shell:Creating package script '/home/samet/Desktop/lino2/install/linorobot2_gazebo/share/linorobot2_gazebo/package.ps1'
[0.683s] INFO:colcon.colcon_core.shell:Creating package descriptor '/home/samet/Desktop/lino2/install/linorobot2_gazebo/share/linorobot2_gazebo/package.dsv'
[0.683s] INFO:colcon.colcon_core.shell:Creating package script '/home/samet/Desktop/lino2/install/linorobot2_gazebo/share/linorobot2_gazebo/package.sh'
[0.683s] INFO:colcon.colcon_core.shell:Creating package script '/home/samet/Desktop/lino2/install/linorobot2_gazebo/share/linorobot2_gazebo/package.bash'
[0.684s] INFO:colcon.colcon_core.shell:Creating package script '/home/samet/Desktop/lino2/install/linorobot2_gazebo/share/linorobot2_gazebo/package.zsh'
[0.684s] Level 1:colcon.colcon_core.environment:create_file_with_runtime_dependencies(/home/samet/Desktop/lino2/install/linorobot2_gazebo/share/colcon-core/packages/linorobot2_gazebo)
[0.686s] Level 1:colcon.colcon_core.environment:create_environment_scripts_only(linorobot2_navigation)
[0.688s] Level 1:colcon.colcon_core.environment:checking '/home/samet/Desktop/lino2/install/linorobot2_navigation' for CMake module files
[0.688s] DEBUG:colcon.colcon_core.event_handler.log_command:Invoked command in '/home/samet/Desktop/lino2/build/linorobot2_navigation' returned '0': CMAKE_PREFIX_PATH=/opt/ros/foxy /usr/bin/cmake --install /home/samet/Desktop/lino2/build/linorobot2_navigation
[0.689s] Level 1:colcon.colcon_core.environment:checking '/home/samet/Desktop/lino2/install/linorobot2_navigation' for CMake config files
[0.689s] Level 1:colcon.colcon_core.shell:create_environment_hook('linorobot2_navigation', 'cmake_prefix_path')
[0.689s] INFO:colcon.colcon_core.shell:Creating environment hook '/home/samet/Desktop/lino2/install/linorobot2_navigation/share/linorobot2_navigation/hook/cmake_prefix_path.ps1'
[0.690s] INFO:colcon.colcon_core.shell:Creating environment descriptor '/home/samet/Desktop/lino2/install/linorobot2_navigation/share/linorobot2_navigation/hook/cmake_prefix_path.dsv'
[0.691s] INFO:colcon.colcon_core.shell:Creating environment hook '/home/samet/Desktop/lino2/install/linorobot2_navigation/share/linorobot2_navigation/hook/cmake_prefix_path.sh'
[0.691s] Level 1:colcon.colcon_core.environment:checking '/home/samet/Desktop/lino2/install/linorobot2_navigation/bin'
[0.691s] Level 1:colcon.colcon_core.environment:checking '/home/samet/Desktop/lino2/install/linorobot2_navigation/lib/pkgconfig/linorobot2_navigation.pc'
[0.692s] Level 1:colcon.colcon_core.environment:checking '/home/samet/Desktop/lino2/install/linorobot2_navigation/lib/python3.8/site-packages'
[0.692s] INFO:colcon.colcon_core.shell:Creating package script '/home/samet/Desktop/lino2/install/linorobot2_navigation/share/linorobot2_navigation/package.ps1'
[0.693s] INFO:colcon.colcon_core.shell:Creating package descriptor '/home/samet/Desktop/lino2/install/linorobot2_navigation/share/linorobot2_navigation/package.dsv'
[0.693s] INFO:colcon.colcon_core.shell:Creating package script '/home/samet/Desktop/lino2/install/linorobot2_navigation/share/linorobot2_navigation/package.sh'
[0.693s] INFO:colcon.colcon_core.shell:Creating package script '/home/samet/Desktop/lino2/install/linorobot2_navigation/share/linorobot2_navigation/package.bash'
[0.693s] INFO:colcon.colcon_core.shell:Creating package script '/home/samet/Desktop/lino2/install/linorobot2_navigation/share/linorobot2_navigation/package.zsh'
[0.694s] Level 1:colcon.colcon_core.environment:create_file_with_runtime_dependencies(/home/samet/Desktop/lino2/install/linorobot2_navigation/share/colcon-core/packages/linorobot2_navigation)
[0.696s] Level 1:colcon.colcon_core.environment:create_environment_scripts_only(linorobot2_viz)
[0.697s] Level 1:colcon.colcon_core.environment:checking '/home/samet/Desktop/lino2/install/linorobot2_viz' for CMake module files
[0.697s] DEBUG:colcon.colcon_core.event_handler.log_command:Invoked command in '/home/samet/Desktop/lino2/build/linorobot2_viz' returned '0': CMAKE_PREFIX_PATH=/opt/ros/foxy /usr/bin/cmake --install /home/samet/Desktop/lino2/build/linorobot2_viz
[0.697s] Level 1:colcon.colcon_core.environment:checking '/home/samet/Desktop/lino2/install/linorobot2_viz' for CMake config files
[0.698s] Level 1:colcon.colcon_core.shell:create_environment_hook('linorobot2_viz', 'cmake_prefix_path')
[0.698s] INFO:colcon.colcon_core.shell:Creating environment hook '/home/samet/Desktop/lino2/install/linorobot2_viz/share/linorobot2_viz/hook/cmake_prefix_path.ps1'
[0.699s] INFO:colcon.colcon_core.shell:Creating environment descriptor '/home/samet/Desktop/lino2/install/linorobot2_viz/share/linorobot2_viz/hook/cmake_prefix_path.dsv'
[0.699s] INFO:colcon.colcon_core.shell:Creating environment hook '/home/samet/Desktop/lino2/install/linorobot2_viz/share/linorobot2_viz/hook/cmake_prefix_path.sh'
[0.699s] Level 1:colcon.colcon_core.environment:checking '/home/samet/Desktop/lino2/install/linorobot2_viz/bin'
[0.700s] Level 1:colcon.colcon_core.environment:checking '/home/samet/Desktop/lino2/install/linorobot2_viz/lib/pkgconfig/linorobot2_viz.pc'
[0.700s] Level 1:colcon.colcon_core.environment:checking '/home/samet/Desktop/lino2/install/linorobot2_viz/lib/python3.8/site-packages'
[0.700s] INFO:colcon.colcon_core.shell:Creating package script '/home/samet/Desktop/lino2/install/linorobot2_viz/share/linorobot2_viz/package.ps1'
[0.701s] INFO:colcon.colcon_core.shell:Creating package descriptor '/home/samet/Desktop/lino2/install/linorobot2_viz/share/linorobot2_viz/package.dsv'
[0.701s] INFO:colcon.colcon_core.shell:Creating package script '/home/samet/Desktop/lino2/install/linorobot2_viz/share/linorobot2_viz/package.sh'
[0.701s] INFO:colcon.colcon_core.shell:Creating package script '/home/samet/Desktop/lino2/install/linorobot2_viz/share/linorobot2_viz/package.bash'
[0.701s] INFO:colcon.colcon_core.shell:Creating package script '/home/samet/Desktop/lino2/install/linorobot2_viz/share/linorobot2_viz/package.zsh'
[0.702s] Level 1:colcon.colcon_core.environment:create_file_with_runtime_dependencies(/home/samet/Desktop/lino2/install/linorobot2_viz/share/colcon-core/packages/linorobot2_viz)
[0.706s] Level 1:colcon.colcon_core.environment:create_environment_scripts_only(linorobot2)
[0.707s] Level 1:colcon.colcon_core.environment:checking '/home/samet/Desktop/lino2/install/linorobot2' for CMake module files
[0.708s] Level 1:colcon.colcon_core.environment:checking '/home/samet/Desktop/lino2/install/linorobot2' for CMake config files
[0.708s] Level 1:colcon.colcon_core.shell:create_environment_hook('linorobot2', 'cmake_prefix_path')
[0.709s] INFO:colcon.colcon_core.shell:Creating environment hook '/home/samet/Desktop/lino2/install/linorobot2/share/linorobot2/hook/cmake_prefix_path.ps1'
[0.709s] INFO:colcon.colcon_core.shell:Creating environment descriptor '/home/samet/Desktop/lino2/install/linorobot2/share/linorobot2/hook/cmake_prefix_path.dsv'
[0.710s] INFO:colcon.colcon_core.shell:Creating environment hook '/home/samet/Desktop/lino2/install/linorobot2/share/linorobot2/hook/cmake_prefix_path.sh'
[0.711s] Level 1:colcon.colcon_core.environment:checking '/home/samet/Desktop/lino2/install/linorobot2/bin'
[0.711s] Level 1:colcon.colcon_core.environment:checking '/home/samet/Desktop/lino2/install/linorobot2/lib/pkgconfig/linorobot2.pc'
[0.712s] Level 1:colcon.colcon_core.environment:checking '/home/samet/Desktop/lino2/install/linorobot2/lib/python3.8/site-packages'
[0.712s] INFO:colcon.colcon_core.shell:Creating package script '/home/samet/Desktop/lino2/install/linorobot2/share/linorobot2/package.ps1'
[0.713s] INFO:colcon.colcon_core.shell:Creating package descriptor '/home/samet/Desktop/lino2/install/linorobot2/share/linorobot2/package.dsv'
[0.713s] INFO:colcon.colcon_core.shell:Creating package script '/home/samet/Desktop/lino2/install/linorobot2/share/linorobot2/package.sh'
[0.714s] INFO:colcon.colcon_core.shell:Creating package script '/home/samet/Desktop/lino2/install/linorobot2/share/linorobot2/package.bash'
[0.715s] INFO:colcon.colcon_core.shell:Creating package script '/home/samet/Desktop/lino2/install/linorobot2/share/linorobot2/package.zsh'
[0.715s] Level 1:colcon.colcon_core.environment:create_file_with_runtime_dependencies(/home/samet/Desktop/lino2/install/linorobot2/share/colcon-core/packages/linorobot2)
[0.716s] Level 1:colcon.colcon_core.environment:create_environment_scripts_only(linorobot2_base)
[0.716s] Level 1:colcon.colcon_core.environment:checking '/home/samet/Desktop/lino2/install/linorobot2_base' for CMake module files
[0.717s] Level 1:colcon.colcon_core.environment:checking '/home/samet/Desktop/lino2/install/linorobot2_base' for CMake config files
[0.717s] Level 1:colcon.colcon_core.shell:create_environment_hook('linorobot2_base', 'cmake_prefix_path')
[0.717s] INFO:colcon.colcon_core.shell:Creating environment hook '/home/samet/Desktop/lino2/install/linorobot2_base/share/linorobot2_base/hook/cmake_prefix_path.ps1'
[0.718s] INFO:colcon.colcon_core.shell:Creating environment descriptor '/home/samet/Desktop/lino2/install/linorobot2_base/share/linorobot2_base/hook/cmake_prefix_path.dsv'
[0.718s] INFO:colcon.colcon_core.shell:Creating environment hook '/home/samet/Desktop/lino2/install/linorobot2_base/share/linorobot2_base/hook/cmake_prefix_path.sh'
[0.719s] Level 1:colcon.colcon_core.environment:checking '/home/samet/Desktop/lino2/install/linorobot2_base/bin'
[0.719s] Level 1:colcon.colcon_core.environment:checking '/home/samet/Desktop/lino2/install/linorobot2_base/lib/pkgconfig/linorobot2_base.pc'
[0.719s] Level 1:colcon.colcon_core.environment:checking '/home/samet/Desktop/lino2/install/linorobot2_base/lib/python3.8/site-packages'
[0.720s] INFO:colcon.colcon_core.shell:Creating package script '/home/samet/Desktop/lino2/install/linorobot2_base/share/linorobot2_base/package.ps1'
[0.720s] INFO:colcon.colcon_core.shell:Creating package descriptor '/home/samet/Desktop/lino2/install/linorobot2_base/share/linorobot2_base/package.dsv'
[0.721s] INFO:colcon.colcon_core.shell:Creating package script '/home/samet/Desktop/lino2/install/linorobot2_base/share/linorobot2_base/package.sh'
[0.721s] INFO:colcon.colcon_core.shell:Creating package script '/home/samet/Desktop/lino2/install/linorobot2_base/share/linorobot2_base/package.bash'
[0.722s] INFO:colcon.colcon_core.shell:Creating package script '/home/samet/Desktop/lino2/install/linorobot2_base/share/linorobot2_base/package.zsh'
[0.722s] Level 1:colcon.colcon_core.environment:create_file_with_runtime_dependencies(/home/samet/Desktop/lino2/install/linorobot2_base/share/colcon-core/packages/linorobot2_base)
[0.724s] Level 1:colcon.colcon_core.environment:create_environment_scripts_only(linorobot2_description)
[0.725s] Level 1:colcon.colcon_core.environment:checking '/home/samet/Desktop/lino2/install/linorobot2_description' for CMake module files
[0.725s] Level 1:colcon.colcon_core.environment:checking '/home/samet/Desktop/lino2/install/linorobot2_description' for CMake config files
[0.725s] Level 1:colcon.colcon_core.shell:create_environment_hook('linorobot2_description', 'cmake_prefix_path')
[0.725s] INFO:colcon.colcon_core.shell:Creating environment hook '/home/samet/Desktop/lino2/install/linorobot2_description/share/linorobot2_description/hook/cmake_prefix_path.ps1'
[0.726s] INFO:colcon.colcon_core.shell:Creating environment descriptor '/home/samet/Desktop/lino2/install/linorobot2_description/share/linorobot2_description/hook/cmake_prefix_path.dsv'
[0.727s] INFO:colcon.colcon_core.shell:Creating environment hook '/home/samet/Desktop/lino2/install/linorobot2_description/share/linorobot2_description/hook/cmake_prefix_path.sh'
[0.727s] Level 1:colcon.colcon_core.environment:checking '/home/samet/Desktop/lino2/install/linorobot2_description/bin'
[0.728s] Level 1:colcon.colcon_core.environment:checking '/home/samet/Desktop/lino2/install/linorobot2_description/lib/pkgconfig/linorobot2_description.pc'
[0.728s] Level 1:colcon.colcon_core.environment:checking '/home/samet/Desktop/lino2/install/linorobot2_description/lib/python3.8/site-packages'
[0.729s] INFO:colcon.colcon_core.shell:Creating package script '/home/samet/Desktop/lino2/install/linorobot2_description/share/linorobot2_description/package.ps1'
[0.729s] INFO:colcon.colcon_core.shell:Creating package descriptor '/home/samet/Desktop/lino2/install/linorobot2_description/share/linorobot2_description/package.dsv'
[0.730s] INFO:colcon.colcon_core.shell:Creating package script '/home/samet/Desktop/lino2/install/linorobot2_description/share/linorobot2_description/package.sh'
[0.731s] INFO:colcon.colcon_core.shell:Creating package script '/home/samet/Desktop/lino2/install/linorobot2_description/share/linorobot2_description/package.bash'
[0.732s] INFO:colcon.colcon_core.shell:Creating package script '/home/samet/Desktop/lino2/install/linorobot2_description/share/linorobot2_description/package.zsh'
[0.732s] Level 1:colcon.colcon_core.environment:create_file_with_runtime_dependencies(/home/samet/Desktop/lino2/install/linorobot2_description/share/colcon-core/packages/linorobot2_description)
[0.733s] Level 1:colcon.colcon_core.environment:create_environment_scripts_only(linorobot2_bringup)
[0.734s] Level 1:colcon.colcon_core.environment:checking '/home/samet/Desktop/lino2/install/linorobot2_bringup' for CMake module files
[0.735s] Level 1:colcon.colcon_core.environment:checking '/home/samet/Desktop/lino2/install/linorobot2_bringup' for CMake config files
[0.735s] Level 1:colcon.colcon_core.shell:create_environment_hook('linorobot2_bringup', 'cmake_prefix_path')
[0.736s] INFO:colcon.colcon_core.shell:Creating environment hook '/home/samet/Desktop/lino2/install/linorobot2_bringup/share/linorobot2_bringup/hook/cmake_prefix_path.ps1'
[0.736s] INFO:colcon.colcon_core.shell:Creating environment descriptor '/home/samet/Desktop/lino2/install/linorobot2_bringup/share/linorobot2_bringup/hook/cmake_prefix_path.dsv'
[0.737s] INFO:colcon.colcon_core.shell:Creating environment hook '/home/samet/Desktop/lino2/install/linorobot2_bringup/share/linorobot2_bringup/hook/cmake_prefix_path.sh'
[0.738s] Level 1:colcon.colcon_core.environment:checking '/home/samet/Desktop/lino2/install/linorobot2_bringup/bin'
[0.738s] Level 1:colcon.colcon_core.environment:checking '/home/samet/Desktop/lino2/install/linorobot2_bringup/lib/pkgconfig/linorobot2_bringup.pc'
[0.738s] Level 1:colcon.colcon_core.environment:checking '/home/samet/Desktop/lino2/install/linorobot2_bringup/lib/python3.8/site-packages'
[0.739s] INFO:colcon.colcon_core.shell:Creating package script '/home/samet/Desktop/lino2/install/linorobot2_bringup/share/linorobot2_bringup/package.ps1'
[0.739s] INFO:colcon.colcon_core.shell:Creating package descriptor '/home/samet/Desktop/lino2/install/linorobot2_bringup/share/linorobot2_bringup/package.dsv'
[0.740s] INFO:colcon.colcon_core.shell:Creating package script '/home/samet/Desktop/lino2/install/linorobot2_bringup/share/linorobot2_bringup/package.sh'
[0.740s] INFO:colcon.colcon_core.shell:Creating package script '/home/samet/Desktop/lino2/install/linorobot2_bringup/share/linorobot2_bringup/package.bash'
[0.740s] INFO:colcon.colcon_core.shell:Creating package script '/home/samet/Desktop/lino2/install/linorobot2_bringup/share/linorobot2_bringup/package.zsh'
[0.741s] Level 1:colcon.colcon_core.environment:create_file_with_runtime_dependencies(/home/samet/Desktop/lino2/install/linorobot2_bringup/share/colcon-core/packages/linorobot2_bringup)
[0.741s] Level 1:colcon.colcon_core.environment:create_environment_scripts_only(linorobot2_gazebo)
[0.742s] Level 1:colcon.colcon_core.environment:checking '/home/samet/Desktop/lino2/install/linorobot2_gazebo' for CMake module files
[0.743s] Level 1:colcon.colcon_core.environment:checking '/home/samet/Desktop/lino2/install/linorobot2_gazebo' for CMake config files
[0.744s] Level 1:colcon.colcon_core.shell:create_environment_hook('linorobot2_gazebo', 'cmake_prefix_path')
[0.744s] INFO:colcon.colcon_core.shell:Creating environment hook '/home/samet/Desktop/lino2/install/linorobot2_gazebo/share/linorobot2_gazebo/hook/cmake_prefix_path.ps1'
[0.744s] INFO:colcon.colcon_core.shell:Creating environment descriptor '/home/samet/Desktop/lino2/install/linorobot2_gazebo/share/linorobot2_gazebo/hook/cmake_prefix_path.dsv'
[0.745s] INFO:colcon.colcon_core.shell:Creating environment hook '/home/samet/Desktop/lino2/install/linorobot2_gazebo/share/linorobot2_gazebo/hook/cmake_prefix_path.sh'
[0.745s] Level 1:colcon.colcon_core.environment:checking '/home/samet/Desktop/lino2/install/linorobot2_gazebo/lib'
[0.745s] Level 1:colcon.colcon_core.environment:checking '/home/samet/Desktop/lino2/install/linorobot2_gazebo/bin'
[0.745s] Level 1:colcon.colcon_core.environment:checking '/home/samet/Desktop/lino2/install/linorobot2_gazebo/lib/pkgconfig/linorobot2_gazebo.pc'
[0.745s] Level 1:colcon.colcon_core.environment:checking '/home/samet/Desktop/lino2/install/linorobot2_gazebo/lib/python3.8/site-packages'
[0.745s] Level 1:colcon.colcon_core.shell:create_environment_hook('linorobot2_gazebo', 'pythonpath')
[0.746s] INFO:colcon.colcon_core.shell:Creating environment hook '/home/samet/Desktop/lino2/install/linorobot2_gazebo/share/linorobot2_gazebo/hook/pythonpath.ps1'
[0.746s] INFO:colcon.colcon_core.shell:Creating environment descriptor '/home/samet/Desktop/lino2/install/linorobot2_gazebo/share/linorobot2_gazebo/hook/pythonpath.dsv'
[0.747s] INFO:colcon.colcon_core.shell:Creating environment hook '/home/samet/Desktop/lino2/install/linorobot2_gazebo/share/linorobot2_gazebo/hook/pythonpath.sh'
[0.748s] INFO:colcon.colcon_core.shell:Creating package script '/home/samet/Desktop/lino2/install/linorobot2_gazebo/share/linorobot2_gazebo/package.ps1'
[0.748s] INFO:colcon.colcon_core.shell:Creating package descriptor '/home/samet/Desktop/lino2/install/linorobot2_gazebo/share/linorobot2_gazebo/package.dsv'
[0.749s] INFO:colcon.colcon_core.shell:Creating package script '/home/samet/Desktop/lino2/install/linorobot2_gazebo/share/linorobot2_gazebo/package.sh'
[0.749s] INFO:colcon.colcon_core.shell:Creating package script '/home/samet/Desktop/lino2/install/linorobot2_gazebo/share/linorobot2_gazebo/package.bash'
[0.749s] INFO:colcon.colcon_core.shell:Creating package script '/home/samet/Desktop/lino2/install/linorobot2_gazebo/share/linorobot2_gazebo/package.zsh'
[0.749s] Level 1:colcon.colcon_core.environment:create_file_with_runtime_dependencies(/home/samet/Desktop/lino2/install/linorobot2_gazebo/share/colcon-core/packages/linorobot2_gazebo)
[0.750s] Level 1:colcon.colcon_core.environment:create_environment_scripts_only(linorobot2_navigation)
[0.751s] Level 1:colcon.colcon_core.environment:checking '/home/samet/Desktop/lino2/install/linorobot2_navigation' for CMake module files
[0.752s] Level 1:colcon.colcon_core.environment:checking '/home/samet/Desktop/lino2/install/linorobot2_navigation' for CMake config files
[0.752s] Level 1:colcon.colcon_core.shell:create_environment_hook('linorobot2_navigation', 'cmake_prefix_path')
[0.753s] INFO:colcon.colcon_core.shell:Creating environment hook '/home/samet/Desktop/lino2/install/linorobot2_navigation/share/linorobot2_navigation/hook/cmake_prefix_path.ps1'
[0.753s] INFO:colcon.colcon_core.shell:Creating environment descriptor '/home/samet/Desktop/lino2/install/linorobot2_navigation/share/linorobot2_navigation/hook/cmake_prefix_path.dsv'
[0.753s] INFO:colcon.colcon_core.shell:Creating environment hook '/home/samet/Desktop/lino2/install/linorobot2_navigation/share/linorobot2_navigation/hook/cmake_prefix_path.sh'
[0.754s] Level 1:colcon.colcon_core.environment:checking '/home/samet/Desktop/lino2/install/linorobot2_navigation/bin'
[0.755s] Level 1:colcon.colcon_core.environment:checking '/home/samet/Desktop/lino2/install/linorobot2_navigation/lib/pkgconfig/linorobot2_navigation.pc'
[0.755s] Level 1:colcon.colcon_core.environment:checking '/home/samet/Desktop/lino2/install/linorobot2_navigation/lib/python3.8/site-packages'
[0.755s] INFO:colcon.colcon_core.shell:Creating package script '/home/samet/Desktop/lino2/install/linorobot2_navigation/share/linorobot2_navigation/package.ps1'
[0.756s] INFO:colcon.colcon_core.shell:Creating package descriptor '/home/samet/Desktop/lino2/install/linorobot2_navigation/share/linorobot2_navigation/package.dsv'
[0.756s] INFO:colcon.colcon_core.shell:Creating package script '/home/samet/Desktop/lino2/install/linorobot2_navigation/share/linorobot2_navigation/package.sh'
[0.757s] INFO:colcon.colcon_core.shell:Creating package script '/home/samet/Desktop/lino2/install/linorobot2_navigation/share/linorobot2_navigation/package.bash'
[0.757s] INFO:colcon.colcon_core.shell:Creating package script '/home/samet/Desktop/lino2/install/linorobot2_navigation/share/linorobot2_navigation/package.zsh'
[0.757s] Level 1:colcon.colcon_core.environment:create_file_with_runtime_dependencies(/home/samet/Desktop/lino2/install/linorobot2_navigation/share/colcon-core/packages/linorobot2_navigation)
[0.758s] Level 1:colcon.colcon_core.environment:create_environment_scripts_only(linorobot2_viz)
[0.759s] Level 1:colcon.colcon_core.environment:checking '/home/samet/Desktop/lino2/install/linorobot2_viz' for CMake module files
[0.760s] Level 1:colcon.colcon_core.environment:checking '/home/samet/Desktop/lino2/install/linorobot2_viz' for CMake config files
[0.760s] Level 1:colcon.colcon_core.shell:create_environment_hook('linorobot2_viz', 'cmake_prefix_path')
[0.760s] INFO:colcon.colcon_core.shell:Creating environment hook '/home/samet/Desktop/lino2/install/linorobot2_viz/share/linorobot2_viz/hook/cmake_prefix_path.ps1'
[0.761s] INFO:colcon.colcon_core.shell:Creating environment descriptor '/home/samet/Desktop/lino2/install/linorobot2_viz/share/linorobot2_viz/hook/cmake_prefix_path.dsv'
[0.761s] INFO:colcon.colcon_core.shell:Creating environment hook '/home/samet/Desktop/lino2/install/linorobot2_viz/share/linorobot2_viz/hook/cmake_prefix_path.sh'
[0.761s] Level 1:colcon.colcon_core.environment:checking '/home/samet/Desktop/lino2/install/linorobot2_viz/bin'
[0.761s] Level 1:colcon.colcon_core.environment:checking '/home/samet/Desktop/lino2/install/linorobot2_viz/lib/pkgconfig/linorobot2_viz.pc'
[0.762s] Level 1:colcon.colcon_core.environment:checking '/home/samet/Desktop/lino2/install/linorobot2_viz/lib/python3.8/site-packages'
[0.762s] INFO:colcon.colcon_core.shell:Creating package script '/home/samet/Desktop/lino2/install/linorobot2_viz/share/linorobot2_viz/package.ps1'
[0.763s] INFO:colcon.colcon_core.shell:Creating package descriptor '/home/samet/Desktop/lino2/install/linorobot2_viz/share/linorobot2_viz/package.dsv'
[0.763s] INFO:colcon.colcon_core.shell:Creating package script '/home/samet/Desktop/lino2/install/linorobot2_viz/share/linorobot2_viz/package.sh'
[0.763s] INFO:colcon.colcon_core.shell:Creating package script '/home/samet/Desktop/lino2/install/linorobot2_viz/share/linorobot2_viz/package.bash'
[0.764s] INFO:colcon.colcon_core.shell:Creating package script '/home/samet/Desktop/lino2/install/linorobot2_viz/share/linorobot2_viz/package.zsh'
[0.764s] Level 1:colcon.colcon_core.environment:create_file_with_runtime_dependencies(/home/samet/Desktop/lino2/install/linorobot2_viz/share/colcon-core/packages/linorobot2_viz)
[0.937s] DEBUG:colcon.colcon_core.event_handler.log_command:Invoking command in '/home/samet/Desktop/lino2/src/robomaster_pkg': PYTHONPATH=/home/samet/Desktop/lino2/install/robomaster_pkg/lib/python3.8/site-packages:${PYTHONPATH} /usr/bin/python3 setup.py egg_info --egg-base ../../build/robomaster_pkg build --build-base /home/samet/Desktop/lino2/build/robomaster_pkg/build install --prefix /home/samet/Desktop/lino2/install/robomaster_pkg --record /home/samet/Desktop/lino2/build/robomaster_pkg/install.log --single-version-externally-managed
[1.192s] Level 1:colcon.colcon_core.environment:checking '/home/samet/Desktop/lino2/install/robomaster_pkg' for CMake module files
[1.194s] DEBUG:colcon.colcon_core.event_handler.log_command:Invoked command in '/home/samet/Desktop/lino2/src/robomaster_pkg' returned '0': PYTHONPATH=/home/samet/Desktop/lino2/install/robomaster_pkg/lib/python3.8/site-packages:${PYTHONPATH} /usr/bin/python3 setup.py egg_info --egg-base ../../build/robomaster_pkg build --build-base /home/samet/Desktop/lino2/build/robomaster_pkg/build install --prefix /home/samet/Desktop/lino2/install/robomaster_pkg --record /home/samet/Desktop/lino2/build/robomaster_pkg/install.log --single-version-externally-managed
[1.194s] Level 1:colcon.colcon_core.environment:checking '/home/samet/Desktop/lino2/install/robomaster_pkg' for CMake config files
[1.196s] Level 1:colcon.colcon_core.environment:checking '/home/samet/Desktop/lino2/install/robomaster_pkg/lib'
[1.196s] Level 1:colcon.colcon_core.environment:checking '/home/samet/Desktop/lino2/install/robomaster_pkg/bin'
[1.196s] Level 1:colcon.colcon_core.environment:checking '/home/samet/Desktop/lino2/install/robomaster_pkg/lib/pkgconfig/robomaster_pkg.pc'
[1.197s] Level 1:colcon.colcon_core.environment:checking '/home/samet/Desktop/lino2/install/robomaster_pkg/lib/python3.8/site-packages'
[1.197s] Level 1:colcon.colcon_core.shell:create_environment_hook('robomaster_pkg', 'pythonpath')
[1.198s] INFO:colcon.colcon_core.shell:Creating environment hook '/home/samet/Desktop/lino2/install/robomaster_pkg/share/robomaster_pkg/hook/pythonpath.ps1'
[1.200s] INFO:colcon.colcon_core.shell:Creating environment descriptor '/home/samet/Desktop/lino2/install/robomaster_pkg/share/robomaster_pkg/hook/pythonpath.dsv'
[1.201s] INFO:colcon.colcon_core.shell:Creating environment hook '/home/samet/Desktop/lino2/install/robomaster_pkg/share/robomaster_pkg/hook/pythonpath.sh'
[1.201s] Level 1:colcon.colcon_core.environment:create_environment_scripts_only(robomaster_pkg)
[1.203s] INFO:colcon.colcon_core.shell:Creating package script '/home/samet/Desktop/lino2/install/robomaster_pkg/share/robomaster_pkg/package.ps1'
[1.203s] INFO:colcon.colcon_core.shell:Creating package descriptor '/home/samet/Desktop/lino2/install/robomaster_pkg/share/robomaster_pkg/package.dsv'
[1.204s] INFO:colcon.colcon_core.shell:Creating package script '/home/samet/Desktop/lino2/install/robomaster_pkg/share/robomaster_pkg/package.sh'
[1.204s] INFO:colcon.colcon_core.shell:Creating package script '/home/samet/Desktop/lino2/install/robomaster_pkg/share/robomaster_pkg/package.bash'
[1.204s] INFO:colcon.colcon_core.shell:Creating package script '/home/samet/Desktop/lino2/install/robomaster_pkg/share/robomaster_pkg/package.zsh'
[1.205s] Level 1:colcon.colcon_core.environment:create_file_with_runtime_dependencies(/home/samet/Desktop/lino2/install/robomaster_pkg/share/colcon-core/packages/robomaster_pkg)
[1.205s] DEBUG:colcon.colcon_parallel_executor.executor.parallel:closing loop
[1.205s] DEBUG:colcon.colcon_parallel_executor.executor.parallel:loop closed
[1.205s] DEBUG:colcon.colcon_parallel_executor.executor.parallel:run_until_complete finished with '0'
[1.205s] DEBUG:colcon.colcon_core.event_reactor:joining thread
[1.216s] INFO:colcon.colcon_core.plugin_system:Skipping extension 'colcon_notification.desktop_notification.terminal_notifier': Not used on non-Darwin systems
[1.216s] INFO:colcon.colcon_core.plugin_system:Skipping extension 'colcon_notification.desktop_notification.win32': Not used on non-Windows systems
[1.217s] INFO:colcon.colcon_notification.desktop_notification:Sending desktop notification using 'notify2'
[1.231s] DEBUG:colcon.colcon_core.event_reactor:joined thread
[1.232s] INFO:colcon.colcon_core.shell:Creating prefix script '/home/samet/Desktop/lino2/install/local_setup.ps1'
[1.233s] INFO:colcon.colcon_core.shell:Creating prefix util module '/home/samet/Desktop/lino2/install/_local_setup_util_ps1.py'
[1.235s] INFO:colcon.colcon_core.shell:Creating prefix chain script '/home/samet/Desktop/lino2/install/setup.ps1'
[1.236s] INFO:colcon.colcon_core.shell:Creating prefix script '/home/samet/Desktop/lino2/install/local_setup.sh'
[1.237s] INFO:colcon.colcon_core.shell:Creating prefix util module '/home/samet/Desktop/lino2/install/_local_setup_util_sh.py'
[1.238s] INFO:colcon.colcon_core.shell:Creating prefix chain script '/home/samet/Desktop/lino2/install/setup.sh'
[1.239s] INFO:colcon.colcon_core.shell:Creating prefix script '/home/samet/Desktop/lino2/install/local_setup.bash'
[1.240s] INFO:colcon.colcon_core.shell:Creating prefix chain script '/home/samet/Desktop/lino2/install/setup.bash'
[1.241s] INFO:colcon.colcon_core.shell:Creating prefix script '/home/samet/Desktop/lino2/install/local_setup.zsh'
[1.241s] INFO:colcon.colcon_core.shell:Creating prefix chain script '/home/samet/Desktop/lino2/install/setup.zsh'
