[0.058s] Invoking command in '/home/samet/Desktop/lino2/build/linorobot2_description': CMAKE_PREFIX_PATH=/opt/ros/foxy /usr/bin/cmake --build /home/samet/Desktop/lino2/build/linorobot2_description -- -j12 -l12
[0.334s] Invoked command in '/home/samet/Desktop/lino2/build/linorobot2_description' returned '0': CMAKE_PREFIX_PATH=/opt/ros/foxy /usr/bin/cmake --build /home/samet/Desktop/lino2/build/linorobot2_description -- -j12 -l12
[0.388s] Invoking command in '/home/samet/Desktop/lino2/build/linorobot2_description': CMAKE_PREFIX_PATH=/opt/ros/foxy /usr/bin/cmake --install /home/samet/Desktop/lino2/build/linorobot2_description
[0.395s] -- Install configuration: ""
[0.395s] -- Up-to-date: /home/samet/Desktop/lino2/install/linorobot2_description/share/linorobot2_description/launch
[0.395s] -- Up-to-date: /home/samet/Desktop/lino2/install/linorobot2_description/share/linorobot2_description/launch/description.launch.py
[0.395s] -- Up-to-date: /home/samet/Desktop/lino2/install/linorobot2_description/share/linorobot2_description/urdf
[0.395s] -- Up-to-date: /home/samet/Desktop/lino2/install/linorobot2_description/share/linorobot2_description/urdf/mecanum_properties.urdf.xacro
[0.395s] -- Up-to-date: /home/samet/Desktop/lino2/install/linorobot2_description/share/linorobot2_description/urdf/sensors
[0.395s] -- Up-to-date: /home/samet/Desktop/lino2/install/linorobot2_description/share/linorobot2_description/urdf/sensors/depth_sensor.urdf.xacro
[0.395s] -- Up-to-date: /home/samet/Desktop/lino2/install/linorobot2_description/share/linorobot2_description/urdf/sensors/imu.urdf.xacro
[0.395s] -- Up-to-date: /home/samet/Desktop/lino2/install/linorobot2_description/share/linorobot2_description/urdf/sensors/laser.urdf.xacro
[0.395s] -- Up-to-date: /home/samet/Desktop/lino2/install/linorobot2_description/share/linorobot2_description/urdf/sensors/generic_laser.urdf.xacro
[0.395s] -- Up-to-date: /home/samet/Desktop/lino2/install/linorobot2_description/share/linorobot2_description/urdf/robots
[0.396s] -- Up-to-date: /home/samet/Desktop/lino2/install/linorobot2_description/share/linorobot2_description/urdf/robots/2wd.urdf.xacro
[0.396s] -- Up-to-date: /home/samet/Desktop/lino2/install/linorobot2_description/share/linorobot2_description/urdf/robots/mecanum.urdf.xacro
[0.396s] -- Up-to-date: /home/samet/Desktop/lino2/install/linorobot2_description/share/linorobot2_description/urdf/robots/4wd.urdf.xacro
[0.396s] -- Up-to-date: /home/samet/Desktop/lino2/install/linorobot2_description/share/linorobot2_description/urdf/robots/square.urdf.xacro
[0.397s] -- Up-to-date: /home/samet/Desktop/lino2/install/linorobot2_description/share/linorobot2_description/urdf/controllers
[0.397s] -- Up-to-date: /home/samet/Desktop/lino2/install/linorobot2_description/share/linorobot2_description/urdf/controllers/omni_drive.urdf.xacro
[0.397s] -- Up-to-date: /home/samet/Desktop/lino2/install/linorobot2_description/share/linorobot2_description/urdf/controllers/diff_drive.urdf.xacro
[0.397s] -- Up-to-date: /home/samet/Desktop/lino2/install/linorobot2_description/share/linorobot2_description/urdf/controllers/skid_steer.urdf.xacro
[0.397s] -- Up-to-date: /home/samet/Desktop/lino2/install/linorobot2_description/share/linorobot2_description/urdf/2wd_properties.urdf.xacro
[0.397s] -- Up-to-date: /home/samet/Desktop/lino2/install/linorobot2_description/share/linorobot2_description/urdf/4wd_properties.urdf.xacro
[0.397s] -- Up-to-date: /home/samet/Desktop/lino2/install/linorobot2_description/share/linorobot2_description/urdf/mech
[0.397s] -- Up-to-date: /home/samet/Desktop/lino2/install/linorobot2_description/share/linorobot2_description/urdf/mech/base.urdf.xacro
[0.398s] -- Up-to-date: /home/samet/Desktop/lino2/install/linorobot2_description/share/linorobot2_description/urdf/mech/mecanum_wheel2.urdf.xacro
[0.398s] -- Up-to-date: /home/samet/Desktop/lino2/install/linorobot2_description/share/linorobot2_description/urdf/mech/wheel.urdf.xacro
[0.398s] -- Up-to-date: /home/samet/Desktop/lino2/install/linorobot2_description/share/linorobot2_description/urdf/mech/mecanum_wheel.urdf.xacro
[0.398s] -- Up-to-date: /home/samet/Desktop/lino2/install/linorobot2_description/share/linorobot2_description/urdf/mech/caster_wheel.urdf.xacro
[0.399s] -- Up-to-date: /home/samet/Desktop/lino2/install/linorobot2_description/share/linorobot2_description/rviz
[0.399s] -- Up-to-date: /home/samet/Desktop/lino2/install/linorobot2_description/share/linorobot2_description/rviz/description.rviz
[0.399s] -- Up-to-date: /home/samet/Desktop/lino2/install/linorobot2_description/share/ament_index/resource_index/package_run_dependencies/linorobot2_description
[0.399s] -- Up-to-date: /home/samet/Desktop/lino2/install/linorobot2_description/share/ament_index/resource_index/parent_prefix_path/linorobot2_description
[0.399s] -- Up-to-date: /home/samet/Desktop/lino2/install/linorobot2_description/share/linorobot2_description/environment/ament_prefix_path.sh
[0.400s] -- Up-to-date: /home/samet/Desktop/lino2/install/linorobot2_description/share/linorobot2_description/environment/ament_prefix_path.dsv
[0.400s] -- Up-to-date: /home/samet/Desktop/lino2/install/linorobot2_description/share/linorobot2_description/environment/path.sh
[0.400s] -- Up-to-date: /home/samet/Desktop/lino2/install/linorobot2_description/share/linorobot2_description/environment/path.dsv
[0.401s] -- Up-to-date: /home/samet/Desktop/lino2/install/linorobot2_description/share/linorobot2_description/local_setup.bash
[0.401s] -- Up-to-date: /home/samet/Desktop/lino2/install/linorobot2_description/share/linorobot2_description/local_setup.sh
[0.401s] -- Up-to-date: /home/samet/Desktop/lino2/install/linorobot2_description/share/linorobot2_description/local_setup.zsh
[0.401s] -- Up-to-date: /home/samet/Desktop/lino2/install/linorobot2_description/share/linorobot2_description/local_setup.dsv
[0.401s] -- Installing: /home/samet/Desktop/lino2/install/linorobot2_description/share/linorobot2_description/package.dsv
[0.401s] -- Up-to-date: /home/samet/Desktop/lino2/install/linorobot2_description/share/ament_index/resource_index/packages/linorobot2_description
[0.402s] -- Up-to-date: /home/samet/Desktop/lino2/install/linorobot2_description/share/linorobot2_description/cmake/linorobot2_descriptionConfig.cmake
[0.402s] -- Up-to-date: /home/samet/Desktop/lino2/install/linorobot2_description/share/linorobot2_description/cmake/linorobot2_descriptionConfig-version.cmake
[0.402s] -- Up-to-date: /home/samet/Desktop/lino2/install/linorobot2_description/share/linorobot2_description/package.xml
[0.477s] Invoked command in '/home/samet/Desktop/lino2/build/linorobot2_description' returned '0': CMAKE_PREFIX_PATH=/opt/ros/foxy /usr/bin/cmake --install /home/samet/Desktop/lino2/build/linorobot2_description
