[0.054s] Invoking command in '/home/samet/Desktop/lino2/build/linorobot2_base': CMAKE_PREFIX_PATH=/opt/ros/foxy /usr/bin/cmake --build /home/samet/Desktop/lino2/build/linorobot2_base -- -j12 -l12
[0.284s] Invoked command in '/home/samet/Desktop/lino2/build/linorobot2_base' returned '0': CMAKE_PREFIX_PATH=/opt/ros/foxy /usr/bin/cmake --build /home/samet/Desktop/lino2/build/linorobot2_base -- -j12 -l12
[0.330s] Invoking command in '/home/samet/Desktop/lino2/build/linorobot2_base': CMAKE_PREFIX_PATH=/opt/ros/foxy /usr/bin/cmake --install /home/samet/Desktop/lino2/build/linorobot2_base
[0.348s] -- Install configuration: ""
[0.349s] -- Up-to-date: /home/samet/Desktop/lino2/install/linorobot2_base/share/linorobot2_base/config
[0.350s] -- Up-to-date: /home/samet/Desktop/lino2/install/linorobot2_base/share/linorobot2_base/config/ekf.yaml
[0.352s] -- Up-to-date: /home/samet/Desktop/lino2/install/linorobot2_base/share/ament_index/resource_index/package_run_dependencies/linorobot2_base
[0.352s] -- Up-to-date: /home/samet/Desktop/lino2/install/linorobot2_base/share/ament_index/resource_index/parent_prefix_path/linorobot2_base
[0.353s] -- Up-to-date: /home/samet/Desktop/lino2/install/linorobot2_base/share/linorobot2_base/environment/ament_prefix_path.sh
[0.353s] -- Up-to-date: /home/samet/Desktop/lino2/install/linorobot2_base/share/linorobot2_base/environment/ament_prefix_path.dsv
[0.355s] -- Up-to-date: /home/samet/Desktop/lino2/install/linorobot2_base/share/linorobot2_base/environment/path.sh
[0.356s] -- Up-to-date: /home/samet/Desktop/lino2/install/linorobot2_base/share/linorobot2_base/environment/path.dsv
[0.356s] -- Up-to-date: /home/samet/Desktop/lino2/install/linorobot2_base/share/linorobot2_base/local_setup.bash
[0.356s] -- Up-to-date: /home/samet/Desktop/lino2/install/linorobot2_base/share/linorobot2_base/local_setup.sh
[0.356s] -- Up-to-date: /home/samet/Desktop/lino2/install/linorobot2_base/share/linorobot2_base/local_setup.zsh
[0.356s] -- Up-to-date: /home/samet/Desktop/lino2/install/linorobot2_base/share/linorobot2_base/local_setup.dsv
[0.356s] -- Installing: /home/samet/Desktop/lino2/install/linorobot2_base/share/linorobot2_base/package.dsv
[0.356s] -- Up-to-date: /home/samet/Desktop/lino2/install/linorobot2_base/share/ament_index/resource_index/packages/linorobot2_base
[0.356s] -- Up-to-date: /home/samet/Desktop/lino2/install/linorobot2_base/share/linorobot2_base/cmake/linorobot2_baseConfig.cmake
[0.356s] -- Up-to-date: /home/samet/Desktop/lino2/install/linorobot2_base/share/linorobot2_base/cmake/linorobot2_baseConfig-version.cmake
[0.356s] -- Up-to-date: /home/samet/Desktop/lino2/install/linorobot2_base/share/linorobot2_base/package.xml
[0.384s] Invoked command in '/home/samet/Desktop/lino2/build/linorobot2_base' returned '0': CMAKE_PREFIX_PATH=/opt/ros/foxy /usr/bin/cmake --install /home/samet/Desktop/lino2/build/linorobot2_base
