[0.061s] Invoking command in '/home/samet/Desktop/lino2/build/linorobot2_gazebo': CMAKE_PREFIX_PATH=${CMAKE_PREFIX_PATH}:/opt/ros/foxy /usr/bin/cmake --build /home/samet/Desktop/lino2/build/linorobot2_gazebo -- -j12 -l12
[0.280s] Invoked command in '/home/samet/Desktop/lino2/build/linorobot2_gazebo' returned '0': CMAKE_PREFIX_PATH=${CMAKE_PREFIX_PATH}:/opt/ros/foxy /usr/bin/cmake --build /home/samet/Desktop/lino2/build/linorobot2_gazebo -- -j12 -l12
[0.317s] Invoking command in '/home/samet/Desktop/lino2/build/linorobot2_gazebo': CMAKE_PREFIX_PATH=${CMAKE_PREFIX_PATH}:/opt/ros/foxy /usr/bin/cmake --install /home/samet/Desktop/lino2/build/linorobot2_gazebo
[0.336s] -- Install configuration: ""
[0.336s] -- Up-to-date: /home/samet/Desktop/lino2/install/linorobot2_gazebo/share/linorobot2_gazebo/environment/pythonpath.sh
[0.336s] -- Up-to-date: /home/samet/Desktop/lino2/install/linorobot2_gazebo/share/linorobot2_gazebo/environment/pythonpath.dsv
[0.336s] -- Up-to-date: /home/samet/Desktop/lino2/install/linorobot2_gazebo/lib/python3.8/site-packages/scripts
[0.336s] -- Up-to-date: /home/samet/Desktop/lino2/install/linorobot2_gazebo/lib/python3.8/site-packages/scripts/__init__.py
[0.337s] -- Up-to-date: /home/samet/Desktop/lino2/install/linorobot2_gazebo/lib/python3.8/site-packages/scripts/command_timeout.py
[0.351s] Listing '/home/samet/Desktop/lino2/install/linorobot2_gazebo/lib/python3.8/site-packages/scripts'...
[0.356s] -- Up-to-date: /home/samet/Desktop/lino2/install/linorobot2_gazebo/share/linorobot2_gazebo/launch
[0.357s] -- Installing: /home/samet/Desktop/lino2/install/linorobot2_gazebo/share/linorobot2_gazebo/launch/gazebo.launch.py
[0.357s] -- Up-to-date: /home/samet/Desktop/lino2/install/linorobot2_gazebo/share/linorobot2_gazebo/rviz
[0.358s] -- Up-to-date: /home/samet/Desktop/lino2/install/linorobot2_gazebo/share/linorobot2_gazebo/rviz/view_urdf.rviz
[0.358s] -- Up-to-date: /home/samet/Desktop/lino2/install/linorobot2_gazebo/share/linorobot2_gazebo/worlds
[0.358s] -- Up-to-date: /home/samet/Desktop/lino2/install/linorobot2_gazebo/share/linorobot2_gazebo/worlds/playground.world
[0.358s] -- Up-to-date: /home/samet/Desktop/lino2/install/linorobot2_gazebo/share/linorobot2_gazebo/worlds/gas_station.world
[0.358s] -- Up-to-date: /home/samet/Desktop/lino2/install/linorobot2_gazebo/lib/linorobot2_gazebo/command_timeout.py
[0.358s] -- Up-to-date: /home/samet/Desktop/lino2/install/linorobot2_gazebo/share/ament_index/resource_index/package_run_dependencies/linorobot2_gazebo
[0.358s] -- Up-to-date: /home/samet/Desktop/lino2/install/linorobot2_gazebo/share/ament_index/resource_index/parent_prefix_path/linorobot2_gazebo
[0.358s] -- Up-to-date: /home/samet/Desktop/lino2/install/linorobot2_gazebo/share/linorobot2_gazebo/environment/ament_prefix_path.sh
[0.358s] -- Up-to-date: /home/samet/Desktop/lino2/install/linorobot2_gazebo/share/linorobot2_gazebo/environment/ament_prefix_path.dsv
[0.358s] -- Up-to-date: /home/samet/Desktop/lino2/install/linorobot2_gazebo/share/linorobot2_gazebo/environment/path.sh
[0.358s] -- Up-to-date: /home/samet/Desktop/lino2/install/linorobot2_gazebo/share/linorobot2_gazebo/environment/path.dsv
[0.359s] -- Up-to-date: /home/samet/Desktop/lino2/install/linorobot2_gazebo/share/linorobot2_gazebo/local_setup.bash
[0.359s] -- Up-to-date: /home/samet/Desktop/lino2/install/linorobot2_gazebo/share/linorobot2_gazebo/local_setup.sh
[0.359s] -- Up-to-date: /home/samet/Desktop/lino2/install/linorobot2_gazebo/share/linorobot2_gazebo/local_setup.zsh
[0.359s] -- Up-to-date: /home/samet/Desktop/lino2/install/linorobot2_gazebo/share/linorobot2_gazebo/local_setup.dsv
[0.359s] -- Installing: /home/samet/Desktop/lino2/install/linorobot2_gazebo/share/linorobot2_gazebo/package.dsv
[0.359s] -- Up-to-date: /home/samet/Desktop/lino2/install/linorobot2_gazebo/share/ament_index/resource_index/packages/linorobot2_gazebo
[0.359s] -- Up-to-date: /home/samet/Desktop/lino2/install/linorobot2_gazebo/share/linorobot2_gazebo/cmake/linorobot2_gazeboConfig.cmake
[0.359s] -- Up-to-date: /home/samet/Desktop/lino2/install/linorobot2_gazebo/share/linorobot2_gazebo/cmake/linorobot2_gazeboConfig-version.cmake
[0.359s] -- Up-to-date: /home/samet/Desktop/lino2/install/linorobot2_gazebo/share/linorobot2_gazebo/package.xml
[0.421s] Invoked command in '/home/samet/Desktop/lino2/build/linorobot2_gazebo' returned '0': CMAKE_PREFIX_PATH=${CMAKE_PREFIX_PATH}:/opt/ros/foxy /usr/bin/cmake --install /home/samet/Desktop/lino2/build/linorobot2_gazebo
