[0.795s] Invoking command in '/home/samet/Desktop/lino2/src/robomaster_pkg': PYTHONPATH=/home/samet/Desktop/lino2/install/robomaster_pkg/lib/python3.8/site-packages:${PYTHONPATH} /usr/bin/python3 setup.py egg_info --egg-base ../../build/robomaster_pkg build --build-base /home/samet/Desktop/lino2/build/robomaster_pkg/build install --prefix /home/samet/Desktop/lino2/install/robomaster_pkg --record /home/samet/Desktop/lino2/build/robomaster_pkg/install.log --single-version-externally-managed
[0.997s] running egg_info
[0.998s] creating ../../build/robomaster_pkg/robomaster_pkg.egg-info
[0.998s] writing ../../build/robomaster_pkg/robomaster_pkg.egg-info/PKG-INFO
[0.998s] writing dependency_links to ../../build/robomaster_pkg/robomaster_pkg.egg-info/dependency_links.txt
[0.998s] writing entry points to ../../build/robomaster_pkg/robomaster_pkg.egg-info/entry_points.txt
[0.998s] writing requirements to ../../build/robomaster_pkg/robomaster_pkg.egg-info/requires.txt
[0.998s] writing top-level names to ../../build/robomaster_pkg/robomaster_pkg.egg-info/top_level.txt
[0.999s] writing manifest file '../../build/robomaster_pkg/robomaster_pkg.egg-info/SOURCES.txt'
[1.029s] reading manifest file '../../build/robomaster_pkg/robomaster_pkg.egg-info/SOURCES.txt'
[1.033s] writing manifest file '../../build/robomaster_pkg/robomaster_pkg.egg-info/SOURCES.txt'
[1.035s] running build
[1.035s] running build_py
[1.035s] creating /home/samet/Desktop/lino2/build/robomaster_pkg/build
[1.036s] creating /home/samet/Desktop/lino2/build/robomaster_pkg/build/lib
[1.036s] creating /home/samet/Desktop/lino2/build/robomaster_pkg/build/lib/robomaster_pkg
[1.036s] copying robomaster_pkg/__init__.py -> /home/samet/Desktop/lino2/build/robomaster_pkg/build/lib/robomaster_pkg
[1.036s] copying robomaster_pkg/sdkController.py -> /home/samet/Desktop/lino2/build/robomaster_pkg/build/lib/robomaster_pkg
[1.036s] copying robomaster_pkg/simodom.py -> /home/samet/Desktop/lino2/build/robomaster_pkg/build/lib/robomaster_pkg
[1.037s] running install
[1.038s] running install_lib
[1.040s] creating /home/samet/Desktop/lino2/install/robomaster_pkg/lib/python3.8/site-packages/robomaster_pkg
[1.040s] copying /home/samet/Desktop/lino2/build/robomaster_pkg/build/lib/robomaster_pkg/__init__.py -> /home/samet/Desktop/lino2/install/robomaster_pkg/lib/python3.8/site-packages/robomaster_pkg
[1.040s] copying /home/samet/Desktop/lino2/build/robomaster_pkg/build/lib/robomaster_pkg/sdkController.py -> /home/samet/Desktop/lino2/install/robomaster_pkg/lib/python3.8/site-packages/robomaster_pkg
[1.041s] copying /home/samet/Desktop/lino2/build/robomaster_pkg/build/lib/robomaster_pkg/simodom.py -> /home/samet/Desktop/lino2/install/robomaster_pkg/lib/python3.8/site-packages/robomaster_pkg
[1.042s] byte-compiling /home/samet/Desktop/lino2/install/robomaster_pkg/lib/python3.8/site-packages/robomaster_pkg/__init__.py to __init__.cpython-38.pyc
[1.044s] byte-compiling /home/samet/Desktop/lino2/install/robomaster_pkg/lib/python3.8/site-packages/robomaster_pkg/sdkController.py to sdkController.cpython-38.pyc
[1.048s] byte-compiling /home/samet/Desktop/lino2/install/robomaster_pkg/lib/python3.8/site-packages/robomaster_pkg/simodom.py to simodom.cpython-38.pyc
[1.048s] running install_data
[1.048s] creating /home/samet/Desktop/lino2/install/robomaster_pkg/share/ament_index
[1.048s] creating /home/samet/Desktop/lino2/install/robomaster_pkg/share/ament_index/resource_index
[1.048s] creating /home/samet/Desktop/lino2/install/robomaster_pkg/share/ament_index/resource_index/packages
[1.048s] copying resource/robomaster_pkg -> /home/samet/Desktop/lino2/install/robomaster_pkg/share/ament_index/resource_index/packages
[1.048s] copying package.xml -> /home/samet/Desktop/lino2/install/robomaster_pkg/share/robomaster_pkg
[1.048s] running install_egg_info
[1.048s] Copying ../../build/robomaster_pkg/robomaster_pkg.egg-info to /home/samet/Desktop/lino2/install/robomaster_pkg/lib/python3.8/site-packages/robomaster_pkg-0.0.0-py3.8.egg-info
[1.049s] running install_scripts
[1.055s] Installing sdkController script to /home/samet/Desktop/lino2/install/robomaster_pkg/lib/robomaster_pkg
[1.055s] Installing simodom script to /home/samet/Desktop/lino2/install/robomaster_pkg/lib/robomaster_pkg
[1.055s] writing list of installed files to '/home/samet/Desktop/lino2/build/robomaster_pkg/install.log'
[1.122s] Invoked command in '/home/samet/Desktop/lino2/src/robomaster_pkg' returned '0': PYTHONPATH=/home/samet/Desktop/lino2/install/robomaster_pkg/lib/python3.8/site-packages:${PYTHONPATH} /usr/bin/python3 setup.py egg_info --egg-base ../../build/robomaster_pkg build --build-base /home/samet/Desktop/lino2/build/robomaster_pkg/build install --prefix /home/samet/Desktop/lino2/install/robomaster_pkg --record /home/samet/Desktop/lino2/build/robomaster_pkg/install.log --single-version-externally-managed
