[0.099s] DEBUG:colcon:Command line arguments: ['/usr/bin/colcon', 'build']
[0.099s] DEBUG:colcon:Parsed command line arguments: Namespace(allow_overriding=[], ament_cmake_args=None, base_paths=['.'], build_base='build', catkin_cmake_args=None, catkin_skip_building_tests=False, cmake_args=None, cmake_clean_cache=False, cmake_clean_first=False, cmake_force_configure=False, cmake_target=None, cmake_target_skip_unavailable=False, continue_on_error=False, event_handlers=None, executor='parallel', ignore_user_meta=False, install_base='install', log_base=None, log_level=None, main=<bound method BuildVerb.main of <colcon_core.verb.build.BuildVerb object at 0x7f87b2338070>>, merge_install=False, metas=['./colcon.meta'], packages_above=None, packages_above_and_dependencies=None, packages_above_depth=None, packages_end=None, packages_ignore=None, packages_ignore_regex=None, packages_select=None, packages_select_build_failed=False, packages_select_by_dep=None, packages_select_regex=None, packages_select_test_failures=False, packages_skip=None, packages_skip_build_finished=False, packages_skip_by_dep=None, packages_skip_regex=None, packages_skip_test_passed=False, packages_skip_up_to=None, packages_start=None, packages_up_to=None, packages_up_to_regex=None, parallel_workers=12, paths=None, symlink_install=False, test_result_base=None, verb_extension=<colcon_core.verb.build.BuildVerb object at 0x7f87b2338070>, verb_name='build', verb_parser=<colcon_defaults.argument_parser.defaults.DefaultArgumentsDecorator object at 0x7f87b23385b0>)
[0.118s] Level 1:colcon.colcon_core.package_discovery:discover_packages(colcon_meta) check parameters
[0.118s] Level 1:colcon.colcon_core.package_discovery:discover_packages(recursive) check parameters
[0.118s] Level 1:colcon.colcon_core.package_discovery:discover_packages(ignore) check parameters
[0.118s] Level 1:colcon.colcon_core.package_discovery:discover_packages(path) check parameters
[0.118s] Level 1:colcon.colcon_core.package_discovery:discover_packages(colcon_meta) discover
[0.118s] Level 1:colcon.colcon_core.package_discovery:discover_packages(recursive) discover
[0.118s] INFO:colcon.colcon_core.package_discovery:Crawling recursively for packages in '/home/samet/Desktop/lino2'
[0.119s] Level 1:colcon.colcon_core.package_identification:_identify(.) by extensions ['ignore', 'ignore_ament_install']
[0.119s] Level 1:colcon.colcon_core.package_identification:_identify(.) by extension 'ignore'
[0.119s] Level 1:colcon.colcon_core.package_identification:_identify(.) by extension 'ignore_ament_install'
[0.119s] Level 1:colcon.colcon_core.package_identification:_identify(.) by extensions ['colcon_pkg']
[0.119s] Level 1:colcon.colcon_core.package_identification:_identify(.) by extension 'colcon_pkg'
[0.119s] Level 1:colcon.colcon_core.package_identification:_identify(.) by extensions ['colcon_meta']
[0.119s] Level 1:colcon.colcon_core.package_identification:_identify(.) by extension 'colcon_meta'
[0.120s] Level 1:colcon.colcon_core.package_identification:_identify(.) by extensions ['ros']
[0.120s] Level 1:colcon.colcon_core.package_identification:_identify(.) by extension 'ros'
[0.128s] Level 1:colcon.colcon_core.package_identification:_identify(.) by extensions ['cmake', 'python']
[0.128s] Level 1:colcon.colcon_core.package_identification:_identify(.) by extension 'cmake'
[0.128s] Level 1:colcon.colcon_core.package_identification:_identify(.) by extension 'python'
[0.129s] Level 1:colcon.colcon_core.package_identification:_identify(.) by extensions ['python_setup_py']
[0.129s] Level 1:colcon.colcon_core.package_identification:_identify(.) by extension 'python_setup_py'
[0.129s] Level 1:colcon.colcon_core.package_identification:_identify(build) by extensions ['ignore', 'ignore_ament_install']
[0.129s] Level 1:colcon.colcon_core.package_identification:_identify(build) by extension 'ignore'
[0.129s] Level 1:colcon.colcon_core.package_identification:_identify(build) ignored
[0.129s] Level 1:colcon.colcon_core.package_identification:_identify(install) by extensions ['ignore', 'ignore_ament_install']
[0.129s] Level 1:colcon.colcon_core.package_identification:_identify(install) by extension 'ignore'
[0.129s] Level 1:colcon.colcon_core.package_identification:_identify(install) ignored
[0.130s] Level 1:colcon.colcon_core.package_identification:_identify(log) by extensions ['ignore', 'ignore_ament_install']
[0.130s] Level 1:colcon.colcon_core.package_identification:_identify(log) by extension 'ignore'
[0.130s] Level 1:colcon.colcon_core.package_identification:_identify(log) ignored
[0.130s] Level 1:colcon.colcon_core.package_identification:_identify(src) by extensions ['ignore', 'ignore_ament_install']
[0.130s] Level 1:colcon.colcon_core.package_identification:_identify(src) by extension 'ignore'
[0.130s] Level 1:colcon.colcon_core.package_identification:_identify(src) by extension 'ignore_ament_install'
[0.130s] Level 1:colcon.colcon_core.package_identification:_identify(src) by extensions ['colcon_pkg']
[0.130s] Level 1:colcon.colcon_core.package_identification:_identify(src) by extension 'colcon_pkg'
[0.130s] Level 1:colcon.colcon_core.package_identification:_identify(src) by extensions ['colcon_meta']
[0.130s] Level 1:colcon.colcon_core.package_identification:_identify(src) by extension 'colcon_meta'
[0.130s] Level 1:colcon.colcon_core.package_identification:_identify(src) by extensions ['ros']
[0.130s] Level 1:colcon.colcon_core.package_identification:_identify(src) by extension 'ros'
[0.130s] Level 1:colcon.colcon_core.package_identification:_identify(src) by extensions ['cmake', 'python']
[0.130s] Level 1:colcon.colcon_core.package_identification:_identify(src) by extension 'cmake'
[0.130s] Level 1:colcon.colcon_core.package_identification:_identify(src) by extension 'python'
[0.130s] Level 1:colcon.colcon_core.package_identification:_identify(src) by extensions ['python_setup_py']
[0.130s] Level 1:colcon.colcon_core.package_identification:_identify(src) by extension 'python_setup_py'
[0.130s] Level 1:colcon.colcon_core.package_identification:_identify(src/linorobot2) by extensions ['ignore', 'ignore_ament_install']
[0.131s] Level 1:colcon.colcon_core.package_identification:_identify(src/linorobot2) by extension 'ignore'
[0.131s] Level 1:colcon.colcon_core.package_identification:_identify(src/linorobot2) by extension 'ignore_ament_install'
[0.131s] Level 1:colcon.colcon_core.package_identification:_identify(src/linorobot2) by extensions ['colcon_pkg']
[0.131s] Level 1:colcon.colcon_core.package_identification:_identify(src/linorobot2) by extension 'colcon_pkg'
[0.131s] Level 1:colcon.colcon_core.package_identification:_identify(src/linorobot2) by extensions ['colcon_meta']
[0.131s] Level 1:colcon.colcon_core.package_identification:_identify(src/linorobot2) by extension 'colcon_meta'
[0.131s] Level 1:colcon.colcon_core.package_identification:_identify(src/linorobot2) by extensions ['ros']
[0.131s] Level 1:colcon.colcon_core.package_identification:_identify(src/linorobot2) by extension 'ros'
[0.131s] Level 1:colcon.colcon_core.package_identification:_identify(src/linorobot2) by extensions ['cmake', 'python']
[0.131s] Level 1:colcon.colcon_core.package_identification:_identify(src/linorobot2) by extension 'cmake'
[0.131s] Level 1:colcon.colcon_core.package_identification:_identify(src/linorobot2) by extension 'python'
[0.131s] Level 1:colcon.colcon_core.package_identification:_identify(src/linorobot2) by extensions ['python_setup_py']
[0.131s] Level 1:colcon.colcon_core.package_identification:_identify(src/linorobot2) by extension 'python_setup_py'
[0.131s] Level 1:colcon.colcon_core.package_identification:_identify(src/linorobot2/docs) by extensions ['ignore', 'ignore_ament_install']
[0.131s] Level 1:colcon.colcon_core.package_identification:_identify(src/linorobot2/docs) by extension 'ignore'
[0.131s] Level 1:colcon.colcon_core.package_identification:_identify(src/linorobot2/docs) by extension 'ignore_ament_install'
[0.132s] Level 1:colcon.colcon_core.package_identification:_identify(src/linorobot2/docs) by extensions ['colcon_pkg']
[0.132s] Level 1:colcon.colcon_core.package_identification:_identify(src/linorobot2/docs) by extension 'colcon_pkg'
[0.132s] Level 1:colcon.colcon_core.package_identification:_identify(src/linorobot2/docs) by extensions ['colcon_meta']
[0.132s] Level 1:colcon.colcon_core.package_identification:_identify(src/linorobot2/docs) by extension 'colcon_meta'
[0.132s] Level 1:colcon.colcon_core.package_identification:_identify(src/linorobot2/docs) by extensions ['ros']
[0.132s] Level 1:colcon.colcon_core.package_identification:_identify(src/linorobot2/docs) by extension 'ros'
[0.132s] Level 1:colcon.colcon_core.package_identification:_identify(src/linorobot2/docs) by extensions ['cmake', 'python']
[0.132s] Level 1:colcon.colcon_core.package_identification:_identify(src/linorobot2/docs) by extension 'cmake'
[0.132s] Level 1:colcon.colcon_core.package_identification:_identify(src/linorobot2/docs) by extension 'python'
[0.132s] Level 1:colcon.colcon_core.package_identification:_identify(src/linorobot2/docs) by extensions ['python_setup_py']
[0.132s] Level 1:colcon.colcon_core.package_identification:_identify(src/linorobot2/docs) by extension 'python_setup_py'
[0.132s] Level 1:colcon.colcon_core.package_identification:_identify(src/linorobot2/linorobot2) by extensions ['ignore', 'ignore_ament_install']
[0.132s] Level 1:colcon.colcon_core.package_identification:_identify(src/linorobot2/linorobot2) by extension 'ignore'
[0.132s] Level 1:colcon.colcon_core.package_identification:_identify(src/linorobot2/linorobot2) by extension 'ignore_ament_install'
[0.132s] Level 1:colcon.colcon_core.package_identification:_identify(src/linorobot2/linorobot2) by extensions ['colcon_pkg']
[0.132s] Level 1:colcon.colcon_core.package_identification:_identify(src/linorobot2/linorobot2) by extension 'colcon_pkg'
[0.132s] Level 1:colcon.colcon_core.package_identification:_identify(src/linorobot2/linorobot2) by extensions ['colcon_meta']
[0.132s] Level 1:colcon.colcon_core.package_identification:_identify(src/linorobot2/linorobot2) by extension 'colcon_meta'
[0.132s] Level 1:colcon.colcon_core.package_identification:_identify(src/linorobot2/linorobot2) by extensions ['ros']
[0.132s] Level 1:colcon.colcon_core.package_identification:_identify(src/linorobot2/linorobot2) by extension 'ros'
[0.135s] DEBUG:colcon.colcon_core.package_identification:Package 'src/linorobot2/linorobot2' with type 'ros.ament_cmake' and name 'linorobot2'
[0.135s] Level 1:colcon.colcon_core.package_identification:_identify(src/linorobot2/linorobot2_base) by extensions ['ignore', 'ignore_ament_install']
[0.135s] Level 1:colcon.colcon_core.package_identification:_identify(src/linorobot2/linorobot2_base) by extension 'ignore'
[0.136s] Level 1:colcon.colcon_core.package_identification:_identify(src/linorobot2/linorobot2_base) by extension 'ignore_ament_install'
[0.136s] Level 1:colcon.colcon_core.package_identification:_identify(src/linorobot2/linorobot2_base) by extensions ['colcon_pkg']
[0.136s] Level 1:colcon.colcon_core.package_identification:_identify(src/linorobot2/linorobot2_base) by extension 'colcon_pkg'
[0.136s] Level 1:colcon.colcon_core.package_identification:_identify(src/linorobot2/linorobot2_base) by extensions ['colcon_meta']
[0.136s] Level 1:colcon.colcon_core.package_identification:_identify(src/linorobot2/linorobot2_base) by extension 'colcon_meta'
[0.136s] Level 1:colcon.colcon_core.package_identification:_identify(src/linorobot2/linorobot2_base) by extensions ['ros']
[0.136s] Level 1:colcon.colcon_core.package_identification:_identify(src/linorobot2/linorobot2_base) by extension 'ros'
[0.137s] DEBUG:colcon.colcon_core.package_identification:Package 'src/linorobot2/linorobot2_base' with type 'ros.ament_cmake' and name 'linorobot2_base'
[0.137s] Level 1:colcon.colcon_core.package_identification:_identify(src/linorobot2/linorobot2_bringup) by extensions ['ignore', 'ignore_ament_install']
[0.137s] Level 1:colcon.colcon_core.package_identification:_identify(src/linorobot2/linorobot2_bringup) by extension 'ignore'
[0.137s] Level 1:colcon.colcon_core.package_identification:_identify(src/linorobot2/linorobot2_bringup) by extension 'ignore_ament_install'
[0.137s] Level 1:colcon.colcon_core.package_identification:_identify(src/linorobot2/linorobot2_bringup) by extensions ['colcon_pkg']
[0.137s] Level 1:colcon.colcon_core.package_identification:_identify(src/linorobot2/linorobot2_bringup) by extension 'colcon_pkg'
[0.137s] Level 1:colcon.colcon_core.package_identification:_identify(src/linorobot2/linorobot2_bringup) by extensions ['colcon_meta']
[0.137s] Level 1:colcon.colcon_core.package_identification:_identify(src/linorobot2/linorobot2_bringup) by extension 'colcon_meta'
[0.137s] Level 1:colcon.colcon_core.package_identification:_identify(src/linorobot2/linorobot2_bringup) by extensions ['ros']
[0.138s] Level 1:colcon.colcon_core.package_identification:_identify(src/linorobot2/linorobot2_bringup) by extension 'ros'
[0.138s] DEBUG:colcon.colcon_core.package_identification:Package 'src/linorobot2/linorobot2_bringup' with type 'ros.ament_cmake' and name 'linorobot2_bringup'
[0.139s] Level 1:colcon.colcon_core.package_identification:_identify(src/linorobot2/linorobot2_description) by extensions ['ignore', 'ignore_ament_install']
[0.139s] Level 1:colcon.colcon_core.package_identification:_identify(src/linorobot2/linorobot2_description) by extension 'ignore'
[0.139s] Level 1:colcon.colcon_core.package_identification:_identify(src/linorobot2/linorobot2_description) by extension 'ignore_ament_install'
[0.139s] Level 1:colcon.colcon_core.package_identification:_identify(src/linorobot2/linorobot2_description) by extensions ['colcon_pkg']
[0.139s] Level 1:colcon.colcon_core.package_identification:_identify(src/linorobot2/linorobot2_description) by extension 'colcon_pkg'
[0.139s] Level 1:colcon.colcon_core.package_identification:_identify(src/linorobot2/linorobot2_description) by extensions ['colcon_meta']
[0.140s] Level 1:colcon.colcon_core.package_identification:_identify(src/linorobot2/linorobot2_description) by extension 'colcon_meta'
[0.140s] Level 1:colcon.colcon_core.package_identification:_identify(src/linorobot2/linorobot2_description) by extensions ['ros']
[0.140s] Level 1:colcon.colcon_core.package_identification:_identify(src/linorobot2/linorobot2_description) by extension 'ros'
[0.140s] DEBUG:colcon.colcon_core.package_identification:Package 'src/linorobot2/linorobot2_description' with type 'ros.ament_cmake' and name 'linorobot2_description'
[0.141s] Level 1:colcon.colcon_core.package_identification:_identify(src/linorobot2/linorobot2_gazebo) by extensions ['ignore', 'ignore_ament_install']
[0.141s] Level 1:colcon.colcon_core.package_identification:_identify(src/linorobot2/linorobot2_gazebo) by extension 'ignore'
[0.141s] Level 1:colcon.colcon_core.package_identification:_identify(src/linorobot2/linorobot2_gazebo) by extension 'ignore_ament_install'
[0.141s] Level 1:colcon.colcon_core.package_identification:_identify(src/linorobot2/linorobot2_gazebo) by extensions ['colcon_pkg']
[0.141s] Level 1:colcon.colcon_core.package_identification:_identify(src/linorobot2/linorobot2_gazebo) by extension 'colcon_pkg'
[0.141s] Level 1:colcon.colcon_core.package_identification:_identify(src/linorobot2/linorobot2_gazebo) by extensions ['colcon_meta']
[0.141s] Level 1:colcon.colcon_core.package_identification:_identify(src/linorobot2/linorobot2_gazebo) by extension 'colcon_meta'
[0.141s] Level 1:colcon.colcon_core.package_identification:_identify(src/linorobot2/linorobot2_gazebo) by extensions ['ros']
[0.141s] Level 1:colcon.colcon_core.package_identification:_identify(src/linorobot2/linorobot2_gazebo) by extension 'ros'
[0.142s] DEBUG:colcon.colcon_core.package_identification:Package 'src/linorobot2/linorobot2_gazebo' with type 'ros.ament_cmake' and name 'linorobot2_gazebo'
[0.142s] Level 1:colcon.colcon_core.package_identification:_identify(src/linorobot2/linorobot2_navigation) by extensions ['ignore', 'ignore_ament_install']
[0.143s] Level 1:colcon.colcon_core.package_identification:_identify(src/linorobot2/linorobot2_navigation) by extension 'ignore'
[0.143s] Level 1:colcon.colcon_core.package_identification:_identify(src/linorobot2/linorobot2_navigation) by extension 'ignore_ament_install'
[0.143s] Level 1:colcon.colcon_core.package_identification:_identify(src/linorobot2/linorobot2_navigation) by extensions ['colcon_pkg']
[0.143s] Level 1:colcon.colcon_core.package_identification:_identify(src/linorobot2/linorobot2_navigation) by extension 'colcon_pkg'
[0.143s] Level 1:colcon.colcon_core.package_identification:_identify(src/linorobot2/linorobot2_navigation) by extensions ['colcon_meta']
[0.143s] Level 1:colcon.colcon_core.package_identification:_identify(src/linorobot2/linorobot2_navigation) by extension 'colcon_meta'
[0.143s] Level 1:colcon.colcon_core.package_identification:_identify(src/linorobot2/linorobot2_navigation) by extensions ['ros']
[0.143s] Level 1:colcon.colcon_core.package_identification:_identify(src/linorobot2/linorobot2_navigation) by extension 'ros'
[0.144s] DEBUG:colcon.colcon_core.package_identification:Package 'src/linorobot2/linorobot2_navigation' with type 'ros.ament_cmake' and name 'linorobot2_navigation'
[0.144s] Level 1:colcon.colcon_core.package_identification:_identify(src/linorobot2_viz) by extensions ['ignore', 'ignore_ament_install']
[0.144s] Level 1:colcon.colcon_core.package_identification:_identify(src/linorobot2_viz) by extension 'ignore'
[0.144s] Level 1:colcon.colcon_core.package_identification:_identify(src/linorobot2_viz) by extension 'ignore_ament_install'
[0.144s] Level 1:colcon.colcon_core.package_identification:_identify(src/linorobot2_viz) by extensions ['colcon_pkg']
[0.144s] Level 1:colcon.colcon_core.package_identification:_identify(src/linorobot2_viz) by extension 'colcon_pkg'
[0.144s] Level 1:colcon.colcon_core.package_identification:_identify(src/linorobot2_viz) by extensions ['colcon_meta']
[0.145s] Level 1:colcon.colcon_core.package_identification:_identify(src/linorobot2_viz) by extension 'colcon_meta'
[0.145s] Level 1:colcon.colcon_core.package_identification:_identify(src/linorobot2_viz) by extensions ['ros']
[0.145s] Level 1:colcon.colcon_core.package_identification:_identify(src/linorobot2_viz) by extension 'ros'
[0.145s] DEBUG:colcon.colcon_core.package_identification:Package 'src/linorobot2_viz' with type 'ros.ament_cmake' and name 'linorobot2_viz'
[0.145s] Level 1:colcon.colcon_core.package_identification:_identify(src/robomaster_pkg) by extensions ['ignore', 'ignore_ament_install']
[0.146s] Level 1:colcon.colcon_core.package_identification:_identify(src/robomaster_pkg) by extension 'ignore'
[0.146s] Level 1:colcon.colcon_core.package_identification:_identify(src/robomaster_pkg) by extension 'ignore_ament_install'
[0.146s] Level 1:colcon.colcon_core.package_identification:_identify(src/robomaster_pkg) by extensions ['colcon_pkg']
[0.146s] Level 1:colcon.colcon_core.package_identification:_identify(src/robomaster_pkg) by extension 'colcon_pkg'
[0.146s] Level 1:colcon.colcon_core.package_identification:_identify(src/robomaster_pkg) by extensions ['colcon_meta']
[0.146s] Level 1:colcon.colcon_core.package_identification:_identify(src/robomaster_pkg) by extension 'colcon_meta'
[0.146s] Level 1:colcon.colcon_core.package_identification:_identify(src/robomaster_pkg) by extensions ['ros']
[0.146s] Level 1:colcon.colcon_core.package_identification:_identify(src/robomaster_pkg) by extension 'ros'
[0.146s] DEBUG:colcon.colcon_core.package_identification:Package 'src/robomaster_pkg' with type 'ros.ament_python' and name 'robomaster_pkg'
[0.146s] Level 1:colcon.colcon_core.package_discovery:discover_packages(recursive) using defaults
[0.147s] Level 1:colcon.colcon_core.package_discovery:discover_packages(ignore) discover
[0.147s] Level 1:colcon.colcon_core.package_discovery:discover_packages(ignore) using defaults
[0.147s] Level 1:colcon.colcon_core.package_discovery:discover_packages(path) discover
[0.147s] Level 1:colcon.colcon_core.package_discovery:discover_packages(path) using defaults
[0.161s] Level 1:colcon.colcon_core.package_discovery:discover_packages(prefix_path) check parameters
[0.161s] Level 1:colcon.colcon_core.package_discovery:discover_packages(prefix_path) discover
[0.163s] DEBUG:colcon.colcon_installed_package_information.package_discovery:Found 332 installed packages in /opt/ros/foxy
[0.165s] Level 1:colcon.colcon_core.package_discovery:discover_packages(prefix_path) using defaults
[0.228s] Level 5:colcon.colcon_core.verb:set package 'linorobot2' build argument 'cmake_args' from command line to 'None'
[0.228s] Level 5:colcon.colcon_core.verb:set package 'linorobot2' build argument 'cmake_target' from command line to 'None'
[0.228s] Level 5:colcon.colcon_core.verb:set package 'linorobot2' build argument 'cmake_target_skip_unavailable' from command line to 'False'
[0.228s] Level 5:colcon.colcon_core.verb:set package 'linorobot2' build argument 'cmake_clean_cache' from command line to 'False'
[0.228s] Level 5:colcon.colcon_core.verb:set package 'linorobot2' build argument 'cmake_clean_first' from command line to 'False'
[0.228s] Level 5:colcon.colcon_core.verb:set package 'linorobot2' build argument 'cmake_force_configure' from command line to 'False'
[0.228s] Level 5:colcon.colcon_core.verb:set package 'linorobot2' build argument 'ament_cmake_args' from command line to 'None'
[0.228s] Level 5:colcon.colcon_core.verb:set package 'linorobot2' build argument 'catkin_cmake_args' from command line to 'None'
[0.228s] Level 5:colcon.colcon_core.verb:set package 'linorobot2' build argument 'catkin_skip_building_tests' from command line to 'False'
[0.229s] DEBUG:colcon.colcon_core.verb:Building package 'linorobot2' with the following arguments: {'ament_cmake_args': None, 'build_base': '/home/samet/Desktop/lino2/build/linorobot2', 'catkin_cmake_args': None, 'catkin_skip_building_tests': False, 'cmake_args': None, 'cmake_clean_cache': False, 'cmake_clean_first': False, 'cmake_force_configure': False, 'cmake_target': None, 'cmake_target_skip_unavailable': False, 'install_base': '/home/samet/Desktop/lino2/install/linorobot2', 'merge_install': False, 'path': '/home/samet/Desktop/lino2/src/linorobot2/linorobot2', 'symlink_install': False, 'test_result_base': None}
[0.229s] Level 5:colcon.colcon_core.verb:set package 'linorobot2_base' build argument 'cmake_args' from command line to 'None'
[0.229s] Level 5:colcon.colcon_core.verb:set package 'linorobot2_base' build argument 'cmake_target' from command line to 'None'
[0.229s] Level 5:colcon.colcon_core.verb:set package 'linorobot2_base' build argument 'cmake_target_skip_unavailable' from command line to 'False'
[0.230s] Level 5:colcon.colcon_core.verb:set package 'linorobot2_base' build argument 'cmake_clean_cache' from command line to 'False'
[0.230s] Level 5:colcon.colcon_core.verb:set package 'linorobot2_base' build argument 'cmake_clean_first' from command line to 'False'
[0.230s] Level 5:colcon.colcon_core.verb:set package 'linorobot2_base' build argument 'cmake_force_configure' from command line to 'False'
[0.230s] Level 5:colcon.colcon_core.verb:set package 'linorobot2_base' build argument 'ament_cmake_args' from command line to 'None'
[0.230s] Level 5:colcon.colcon_core.verb:set package 'linorobot2_base' build argument 'catkin_cmake_args' from command line to 'None'
[0.230s] Level 5:colcon.colcon_core.verb:set package 'linorobot2_base' build argument 'catkin_skip_building_tests' from command line to 'False'
[0.230s] DEBUG:colcon.colcon_core.verb:Building package 'linorobot2_base' with the following arguments: {'ament_cmake_args': None, 'build_base': '/home/samet/Desktop/lino2/build/linorobot2_base', 'catkin_cmake_args': None, 'catkin_skip_building_tests': False, 'cmake_args': None, 'cmake_clean_cache': False, 'cmake_clean_first': False, 'cmake_force_configure': False, 'cmake_target': None, 'cmake_target_skip_unavailable': False, 'install_base': '/home/samet/Desktop/lino2/install/linorobot2_base', 'merge_install': False, 'path': '/home/samet/Desktop/lino2/src/linorobot2/linorobot2_base', 'symlink_install': False, 'test_result_base': None}
[0.231s] Level 5:colcon.colcon_core.verb:set package 'linorobot2_bringup' build argument 'cmake_args' from command line to 'None'
[0.231s] Level 5:colcon.colcon_core.verb:set package 'linorobot2_bringup' build argument 'cmake_target' from command line to 'None'
[0.231s] Level 5:colcon.colcon_core.verb:set package 'linorobot2_bringup' build argument 'cmake_target_skip_unavailable' from command line to 'False'
[0.231s] Level 5:colcon.colcon_core.verb:set package 'linorobot2_bringup' build argument 'cmake_clean_cache' from command line to 'False'
[0.231s] Level 5:colcon.colcon_core.verb:set package 'linorobot2_bringup' build argument 'cmake_clean_first' from command line to 'False'
[0.231s] Level 5:colcon.colcon_core.verb:set package 'linorobot2_bringup' build argument 'cmake_force_configure' from command line to 'False'
[0.231s] Level 5:colcon.colcon_core.verb:set package 'linorobot2_bringup' build argument 'ament_cmake_args' from command line to 'None'
[0.231s] Level 5:colcon.colcon_core.verb:set package 'linorobot2_bringup' build argument 'catkin_cmake_args' from command line to 'None'
[0.231s] Level 5:colcon.colcon_core.verb:set package 'linorobot2_bringup' build argument 'catkin_skip_building_tests' from command line to 'False'
[0.231s] DEBUG:colcon.colcon_core.verb:Building package 'linorobot2_bringup' with the following arguments: {'ament_cmake_args': None, 'build_base': '/home/samet/Desktop/lino2/build/linorobot2_bringup', 'catkin_cmake_args': None, 'catkin_skip_building_tests': False, 'cmake_args': None, 'cmake_clean_cache': False, 'cmake_clean_first': False, 'cmake_force_configure': False, 'cmake_target': None, 'cmake_target_skip_unavailable': False, 'install_base': '/home/samet/Desktop/lino2/install/linorobot2_bringup', 'merge_install': False, 'path': '/home/samet/Desktop/lino2/src/linorobot2/linorobot2_bringup', 'symlink_install': False, 'test_result_base': None}
[0.232s] Level 5:colcon.colcon_core.verb:set package 'linorobot2_description' build argument 'cmake_args' from command line to 'None'
[0.232s] Level 5:colcon.colcon_core.verb:set package 'linorobot2_description' build argument 'cmake_target' from command line to 'None'
[0.232s] Level 5:colcon.colcon_core.verb:set package 'linorobot2_description' build argument 'cmake_target_skip_unavailable' from command line to 'False'
[0.232s] Level 5:colcon.colcon_core.verb:set package 'linorobot2_description' build argument 'cmake_clean_cache' from command line to 'False'
[0.232s] Level 5:colcon.colcon_core.verb:set package 'linorobot2_description' build argument 'cmake_clean_first' from command line to 'False'
[0.232s] Level 5:colcon.colcon_core.verb:set package 'linorobot2_description' build argument 'cmake_force_configure' from command line to 'False'
[0.232s] Level 5:colcon.colcon_core.verb:set package 'linorobot2_description' build argument 'ament_cmake_args' from command line to 'None'
[0.232s] Level 5:colcon.colcon_core.verb:set package 'linorobot2_description' build argument 'catkin_cmake_args' from command line to 'None'
[0.232s] Level 5:colcon.colcon_core.verb:set package 'linorobot2_description' build argument 'catkin_skip_building_tests' from command line to 'False'
[0.232s] DEBUG:colcon.colcon_core.verb:Building package 'linorobot2_description' with the following arguments: {'ament_cmake_args': None, 'build_base': '/home/samet/Desktop/lino2/build/linorobot2_description', 'catkin_cmake_args': None, 'catkin_skip_building_tests': False, 'cmake_args': None, 'cmake_clean_cache': False, 'cmake_clean_first': False, 'cmake_force_configure': False, 'cmake_target': None, 'cmake_target_skip_unavailable': False, 'install_base': '/home/samet/Desktop/lino2/install/linorobot2_description', 'merge_install': False, 'path': '/home/samet/Desktop/lino2/src/linorobot2/linorobot2_description', 'symlink_install': False, 'test_result_base': None}
[0.233s] Level 5:colcon.colcon_core.verb:set package 'linorobot2_gazebo' build argument 'cmake_args' from command line to 'None'
[0.233s] Level 5:colcon.colcon_core.verb:set package 'linorobot2_gazebo' build argument 'cmake_target' from command line to 'None'
[0.233s] Level 5:colcon.colcon_core.verb:set package 'linorobot2_gazebo' build argument 'cmake_target_skip_unavailable' from command line to 'False'
[0.233s] Level 5:colcon.colcon_core.verb:set package 'linorobot2_gazebo' build argument 'cmake_clean_cache' from command line to 'False'
[0.233s] Level 5:colcon.colcon_core.verb:set package 'linorobot2_gazebo' build argument 'cmake_clean_first' from command line to 'False'
[0.233s] Level 5:colcon.colcon_core.verb:set package 'linorobot2_gazebo' build argument 'cmake_force_configure' from command line to 'False'
[0.233s] Level 5:colcon.colcon_core.verb:set package 'linorobot2_gazebo' build argument 'ament_cmake_args' from command line to 'None'
[0.233s] Level 5:colcon.colcon_core.verb:set package 'linorobot2_gazebo' build argument 'catkin_cmake_args' from command line to 'None'
[0.233s] Level 5:colcon.colcon_core.verb:set package 'linorobot2_gazebo' build argument 'catkin_skip_building_tests' from command line to 'False'
[0.233s] DEBUG:colcon.colcon_core.verb:Building package 'linorobot2_gazebo' with the following arguments: {'ament_cmake_args': None, 'build_base': '/home/samet/Desktop/lino2/build/linorobot2_gazebo', 'catkin_cmake_args': None, 'catkin_skip_building_tests': False, 'cmake_args': None, 'cmake_clean_cache': False, 'cmake_clean_first': False, 'cmake_force_configure': False, 'cmake_target': None, 'cmake_target_skip_unavailable': False, 'install_base': '/home/samet/Desktop/lino2/install/linorobot2_gazebo', 'merge_install': False, 'path': '/home/samet/Desktop/lino2/src/linorobot2/linorobot2_gazebo', 'symlink_install': False, 'test_result_base': None}
[0.233s] Level 5:colcon.colcon_core.verb:set package 'linorobot2_navigation' build argument 'cmake_args' from command line to 'None'
[0.233s] Level 5:colcon.colcon_core.verb:set package 'linorobot2_navigation' build argument 'cmake_target' from command line to 'None'
[0.233s] Level 5:colcon.colcon_core.verb:set package 'linorobot2_navigation' build argument 'cmake_target_skip_unavailable' from command line to 'False'
[0.233s] Level 5:colcon.colcon_core.verb:set package 'linorobot2_navigation' build argument 'cmake_clean_cache' from command line to 'False'
[0.233s] Level 5:colcon.colcon_core.verb:set package 'linorobot2_navigation' build argument 'cmake_clean_first' from command line to 'False'
[0.233s] Level 5:colcon.colcon_core.verb:set package 'linorobot2_navigation' build argument 'cmake_force_configure' from command line to 'False'
[0.233s] Level 5:colcon.colcon_core.verb:set package 'linorobot2_navigation' build argument 'ament_cmake_args' from command line to 'None'
[0.233s] Level 5:colcon.colcon_core.verb:set package 'linorobot2_navigation' build argument 'catkin_cmake_args' from command line to 'None'
[0.233s] Level 5:colcon.colcon_core.verb:set package 'linorobot2_navigation' build argument 'catkin_skip_building_tests' from command line to 'False'
[0.233s] DEBUG:colcon.colcon_core.verb:Building package 'linorobot2_navigation' with the following arguments: {'ament_cmake_args': None, 'build_base': '/home/samet/Desktop/lino2/build/linorobot2_navigation', 'catkin_cmake_args': None, 'catkin_skip_building_tests': False, 'cmake_args': None, 'cmake_clean_cache': False, 'cmake_clean_first': False, 'cmake_force_configure': False, 'cmake_target': None, 'cmake_target_skip_unavailable': False, 'install_base': '/home/samet/Desktop/lino2/install/linorobot2_navigation', 'merge_install': False, 'path': '/home/samet/Desktop/lino2/src/linorobot2/linorobot2_navigation', 'symlink_install': False, 'test_result_base': None}
[0.234s] Level 5:colcon.colcon_core.verb:set package 'linorobot2_viz' build argument 'cmake_args' from command line to 'None'
[0.234s] Level 5:colcon.colcon_core.verb:set package 'linorobot2_viz' build argument 'cmake_target' from command line to 'None'
[0.234s] Level 5:colcon.colcon_core.verb:set package 'linorobot2_viz' build argument 'cmake_target_skip_unavailable' from command line to 'False'
[0.234s] Level 5:colcon.colcon_core.verb:set package 'linorobot2_viz' build argument 'cmake_clean_cache' from command line to 'False'
[0.235s] Level 5:colcon.colcon_core.verb:set package 'linorobot2_viz' build argument 'cmake_clean_first' from command line to 'False'
[0.235s] Level 5:colcon.colcon_core.verb:set package 'linorobot2_viz' build argument 'cmake_force_configure' from command line to 'False'
[0.235s] Level 5:colcon.colcon_core.verb:set package 'linorobot2_viz' build argument 'ament_cmake_args' from command line to 'None'
[0.235s] Level 5:colcon.colcon_core.verb:set package 'linorobot2_viz' build argument 'catkin_cmake_args' from command line to 'None'
[0.235s] Level 5:colcon.colcon_core.verb:set package 'linorobot2_viz' build argument 'catkin_skip_building_tests' from command line to 'False'
[0.235s] DEBUG:colcon.colcon_core.verb:Building package 'linorobot2_viz' with the following arguments: {'ament_cmake_args': None, 'build_base': '/home/samet/Desktop/lino2/build/linorobot2_viz', 'catkin_cmake_args': None, 'catkin_skip_building_tests': False, 'cmake_args': None, 'cmake_clean_cache': False, 'cmake_clean_first': False, 'cmake_force_configure': False, 'cmake_target': None, 'cmake_target_skip_unavailable': False, 'install_base': '/home/samet/Desktop/lino2/install/linorobot2_viz', 'merge_install': False, 'path': '/home/samet/Desktop/lino2/src/linorobot2_viz', 'symlink_install': False, 'test_result_base': None}
[0.236s] Level 5:colcon.colcon_core.verb:set package 'robomaster_pkg' build argument 'cmake_args' from command line to 'None'
[0.236s] Level 5:colcon.colcon_core.verb:set package 'robomaster_pkg' build argument 'cmake_target' from command line to 'None'
[0.236s] Level 5:colcon.colcon_core.verb:set package 'robomaster_pkg' build argument 'cmake_target_skip_unavailable' from command line to 'False'
[0.236s] Level 5:colcon.colcon_core.verb:set package 'robomaster_pkg' build argument 'cmake_clean_cache' from command line to 'False'
[0.236s] Level 5:colcon.colcon_core.verb:set package 'robomaster_pkg' build argument 'cmake_clean_first' from command line to 'False'
[0.236s] Level 5:colcon.colcon_core.verb:set package 'robomaster_pkg' build argument 'cmake_force_configure' from command line to 'False'
[0.236s] Level 5:colcon.colcon_core.verb:set package 'robomaster_pkg' build argument 'ament_cmake_args' from command line to 'None'
[0.236s] Level 5:colcon.colcon_core.verb:set package 'robomaster_pkg' build argument 'catkin_cmake_args' from command line to 'None'
[0.236s] Level 5:colcon.colcon_core.verb:set package 'robomaster_pkg' build argument 'catkin_skip_building_tests' from command line to 'False'
[0.236s] DEBUG:colcon.colcon_core.verb:Building package 'robomaster_pkg' with the following arguments: {'ament_cmake_args': None, 'build_base': '/home/samet/Desktop/lino2/build/robomaster_pkg', 'catkin_cmake_args': None, 'catkin_skip_building_tests': False, 'cmake_args': None, 'cmake_clean_cache': False, 'cmake_clean_first': False, 'cmake_force_configure': False, 'cmake_target': None, 'cmake_target_skip_unavailable': False, 'install_base': '/home/samet/Desktop/lino2/install/robomaster_pkg', 'merge_install': False, 'path': '/home/samet/Desktop/lino2/src/robomaster_pkg', 'symlink_install': False, 'test_result_base': None}
[0.236s] INFO:colcon.colcon_core.executor:Executing jobs using 'parallel' executor
[0.238s] DEBUG:colcon.colcon_parallel_executor.executor.parallel:run_until_complete
[0.238s] INFO:colcon.colcon_ros.task.ament_cmake.build:Building ROS package in '/home/samet/Desktop/lino2/src/linorobot2/linorobot2' with build type 'ament_cmake'
[0.238s] INFO:colcon.colcon_cmake.task.cmake.build:Building CMake package in '/home/samet/Desktop/lino2/src/linorobot2/linorobot2'
[0.243s] INFO:colcon.colcon_core.plugin_system:Skipping extension 'colcon_core.shell.bat': Not used on non-Windows systems
[0.243s] INFO:colcon.colcon_core.shell:Skip shell extension 'powershell' for command environment: Not usable outside of PowerShell
[0.243s] DEBUG:colcon.colcon_core.shell:Skip shell extension 'dsv' for command environment
[0.249s] INFO:colcon.colcon_ros.task.ament_cmake.build:Building ROS package in '/home/samet/Desktop/lino2/src/linorobot2/linorobot2_base' with build type 'ament_cmake'
[0.249s] INFO:colcon.colcon_cmake.task.cmake.build:Building CMake package in '/home/samet/Desktop/lino2/src/linorobot2/linorobot2_base'
[0.250s] INFO:colcon.colcon_core.shell:Skip shell extension 'powershell' for command environment: Not usable outside of PowerShell
[0.250s] DEBUG:colcon.colcon_core.shell:Skip shell extension 'dsv' for command environment
[0.254s] INFO:colcon.colcon_ros.task.ament_cmake.build:Building ROS package in '/home/samet/Desktop/lino2/src/linorobot2/linorobot2_bringup' with build type 'ament_cmake'
[0.255s] INFO:colcon.colcon_cmake.task.cmake.build:Building CMake package in '/home/samet/Desktop/lino2/src/linorobot2/linorobot2_bringup'
[0.256s] INFO:colcon.colcon_core.shell:Skip shell extension 'powershell' for command environment: Not usable outside of PowerShell
[0.256s] DEBUG:colcon.colcon_core.shell:Skip shell extension 'dsv' for command environment
[0.260s] INFO:colcon.colcon_ros.task.ament_cmake.build:Building ROS package in '/home/samet/Desktop/lino2/src/linorobot2/linorobot2_description' with build type 'ament_cmake'
[0.261s] INFO:colcon.colcon_cmake.task.cmake.build:Building CMake package in '/home/samet/Desktop/lino2/src/linorobot2/linorobot2_description'
[0.261s] INFO:colcon.colcon_core.shell:Skip shell extension 'powershell' for command environment: Not usable outside of PowerShell
[0.261s] DEBUG:colcon.colcon_core.shell:Skip shell extension 'dsv' for command environment
[0.265s] INFO:colcon.colcon_ros.task.ament_cmake.build:Building ROS package in '/home/samet/Desktop/lino2/src/linorobot2/linorobot2_gazebo' with build type 'ament_cmake'
[0.265s] INFO:colcon.colcon_cmake.task.cmake.build:Building CMake package in '/home/samet/Desktop/lino2/src/linorobot2/linorobot2_gazebo'
[0.266s] INFO:colcon.colcon_core.shell:Skip shell extension 'powershell' for command environment: Not usable outside of PowerShell
[0.267s] DEBUG:colcon.colcon_core.shell:Skip shell extension 'dsv' for command environment
[0.273s] INFO:colcon.colcon_ros.task.ament_cmake.build:Building ROS package in '/home/samet/Desktop/lino2/src/linorobot2/linorobot2_navigation' with build type 'ament_cmake'
[0.274s] INFO:colcon.colcon_cmake.task.cmake.build:Building CMake package in '/home/samet/Desktop/lino2/src/linorobot2/linorobot2_navigation'
[0.275s] INFO:colcon.colcon_core.shell:Skip shell extension 'powershell' for command environment: Not usable outside of PowerShell
[0.276s] DEBUG:colcon.colcon_core.shell:Skip shell extension 'dsv' for command environment
[0.281s] INFO:colcon.colcon_ros.task.ament_cmake.build:Building ROS package in '/home/samet/Desktop/lino2/src/linorobot2_viz' with build type 'ament_cmake'
[0.281s] INFO:colcon.colcon_cmake.task.cmake.build:Building CMake package in '/home/samet/Desktop/lino2/src/linorobot2_viz'
[0.281s] INFO:colcon.colcon_core.shell:Skip shell extension 'powershell' for command environment: Not usable outside of PowerShell
[0.281s] DEBUG:colcon.colcon_core.shell:Skip shell extension 'dsv' for command environment
[0.288s] INFO:colcon.colcon_ros.task.ament_python.build:Building ROS package in '/home/samet/Desktop/lino2/src/robomaster_pkg' with build type 'ament_python'
[0.288s] Level 1:colcon.colcon_core.shell:create_environment_hook('robomaster_pkg', 'ament_prefix_path')
[0.289s] INFO:colcon.colcon_core.shell:Creating environment hook '/home/samet/Desktop/lino2/install/robomaster_pkg/share/robomaster_pkg/hook/ament_prefix_path.ps1'
[0.290s] INFO:colcon.colcon_core.shell:Creating environment descriptor '/home/samet/Desktop/lino2/install/robomaster_pkg/share/robomaster_pkg/hook/ament_prefix_path.dsv'
[0.290s] INFO:colcon.colcon_core.shell:Creating environment hook '/home/samet/Desktop/lino2/install/robomaster_pkg/share/robomaster_pkg/hook/ament_prefix_path.sh'
[0.292s] INFO:colcon.colcon_core.shell:Skip shell extension 'powershell' for command environment: Not usable outside of PowerShell
[0.292s] DEBUG:colcon.colcon_core.shell:Skip shell extension 'dsv' for command environment
[0.305s] DEBUG:colcon.colcon_core.event_handler.log_command:Invoking command in '/home/samet/Desktop/lino2/build/linorobot2': CMAKE_PREFIX_PATH=/opt/ros/foxy /usr/bin/cmake --build /home/samet/Desktop/lino2/build/linorobot2 -- -j12 -l12
[0.311s] DEBUG:colcon.colcon_core.event_handler.log_command:Invoking command in '/home/samet/Desktop/lino2/build/linorobot2_base': CMAKE_PREFIX_PATH=/opt/ros/foxy /usr/bin/cmake --build /home/samet/Desktop/lino2/build/linorobot2_base -- -j12 -l12
[0.316s] DEBUG:colcon.colcon_core.event_handler.log_command:Invoking command in '/home/samet/Desktop/lino2/build/linorobot2_bringup': CMAKE_PREFIX_PATH=/opt/ros/foxy /usr/bin/cmake --build /home/samet/Desktop/lino2/build/linorobot2_bringup -- -j12 -l12
[0.321s] DEBUG:colcon.colcon_core.event_handler.log_command:Invoking command in '/home/samet/Desktop/lino2/build/linorobot2_description': CMAKE_PREFIX_PATH=/opt/ros/foxy /usr/bin/cmake --build /home/samet/Desktop/lino2/build/linorobot2_description -- -j12 -l12
[0.328s] DEBUG:colcon.colcon_core.event_handler.log_command:Invoking command in '/home/samet/Desktop/lino2/build/linorobot2_gazebo': CMAKE_PREFIX_PATH=/opt/ros/foxy /usr/bin/cmake --build /home/samet/Desktop/lino2/build/linorobot2_gazebo -- -j12 -l12
[0.335s] DEBUG:colcon.colcon_core.event_handler.log_command:Invoking command in '/home/samet/Desktop/lino2/build/linorobot2_navigation': CMAKE_PREFIX_PATH=/opt/ros/foxy /usr/bin/cmake --build /home/samet/Desktop/lino2/build/linorobot2_navigation -- -j12 -l12
[0.342s] DEBUG:colcon.colcon_core.event_handler.log_command:Invoking command in '/home/samet/Desktop/lino2/build/linorobot2_viz': CMAKE_PREFIX_PATH=/opt/ros/foxy /usr/bin/cmake --build /home/samet/Desktop/lino2/build/linorobot2_viz -- -j12 -l12
[0.524s] INFO:colcon.colcon_core.task.python.build:Building Python package in '/home/samet/Desktop/lino2/src/robomaster_pkg'
[0.525s] INFO:colcon.colcon_core.shell:Skip shell extension 'powershell' for command environment: Not usable outside of PowerShell
[0.525s] DEBUG:colcon.colcon_core.shell:Skip shell extension 'dsv' for command environment
[0.537s] DEBUG:colcon.colcon_core.event_handler.log_command:Invoked command in '/home/samet/Desktop/lino2/build/linorobot2' returned '0': CMAKE_PREFIX_PATH=/opt/ros/foxy /usr/bin/cmake --build /home/samet/Desktop/lino2/build/linorobot2 -- -j12 -l12
[0.543s] DEBUG:colcon.colcon_core.event_handler.log_command:Invoked command in '/home/samet/Desktop/lino2/build/linorobot2_base' returned '0': CMAKE_PREFIX_PATH=/opt/ros/foxy /usr/bin/cmake --build /home/samet/Desktop/lino2/build/linorobot2_base -- -j12 -l12
[0.546s] DEBUG:colcon.colcon_core.event_handler.log_command:Invoked command in '/home/samet/Desktop/lino2/build/linorobot2_description' returned '0': CMAKE_PREFIX_PATH=/opt/ros/foxy /usr/bin/cmake --build /home/samet/Desktop/lino2/build/linorobot2_description -- -j12 -l12
[0.553s] DEBUG:colcon.colcon_core.event_handler.log_command:Invoked command in '/home/samet/Desktop/lino2/build/linorobot2_viz' returned '0': CMAKE_PREFIX_PATH=/opt/ros/foxy /usr/bin/cmake --build /home/samet/Desktop/lino2/build/linorobot2_viz -- -j12 -l12
[0.554s] DEBUG:colcon.colcon_core.event_handler.log_command:Invoked command in '/home/samet/Desktop/lino2/build/linorobot2_bringup' returned '0': CMAKE_PREFIX_PATH=/opt/ros/foxy /usr/bin/cmake --build /home/samet/Desktop/lino2/build/linorobot2_bringup -- -j12 -l12
[0.558s] DEBUG:colcon.colcon_core.event_handler.log_command:Invoked command in '/home/samet/Desktop/lino2/build/linorobot2_gazebo' returned '0': CMAKE_PREFIX_PATH=/opt/ros/foxy /usr/bin/cmake --build /home/samet/Desktop/lino2/build/linorobot2_gazebo -- -j12 -l12
[0.564s] DEBUG:colcon.colcon_core.event_handler.log_command:Invoked command in '/home/samet/Desktop/lino2/build/linorobot2_navigation' returned '0': CMAKE_PREFIX_PATH=/opt/ros/foxy /usr/bin/cmake --build /home/samet/Desktop/lino2/build/linorobot2_navigation -- -j12 -l12
[0.583s] DEBUG:colcon.colcon_core.event_handler.log_command:Invoking command in '/home/samet/Desktop/lino2/build/linorobot2': CMAKE_PREFIX_PATH=/opt/ros/foxy /usr/bin/cmake --install /home/samet/Desktop/lino2/build/linorobot2
[0.585s] DEBUG:colcon.colcon_core.event_handler.log_command:Invoking command in '/home/samet/Desktop/lino2/build/linorobot2_base': CMAKE_PREFIX_PATH=/opt/ros/foxy /usr/bin/cmake --install /home/samet/Desktop/lino2/build/linorobot2_base
[0.589s] DEBUG:colcon.colcon_core.event_handler.log_command:Invoking command in '/home/samet/Desktop/lino2/build/linorobot2_description': CMAKE_PREFIX_PATH=/opt/ros/foxy /usr/bin/cmake --install /home/samet/Desktop/lino2/build/linorobot2_description
[0.594s] DEBUG:colcon.colcon_core.event_handler.log_command:Invoking command in '/home/samet/Desktop/lino2/build/linorobot2_viz': CMAKE_PREFIX_PATH=/opt/ros/foxy /usr/bin/cmake --install /home/samet/Desktop/lino2/build/linorobot2_viz
[0.607s] Level 1:colcon.colcon_core.environment:create_environment_scripts_only(linorobot2)
[0.611s] DEBUG:colcon.colcon_core.event_handler.log_command:Invoking command in '/home/samet/Desktop/lino2/build/linorobot2_gazebo': CMAKE_PREFIX_PATH=/opt/ros/foxy /usr/bin/cmake --install /home/samet/Desktop/lino2/build/linorobot2_gazebo
[0.614s] Level 1:colcon.colcon_core.environment:checking '/home/samet/Desktop/lino2/install/linorobot2' for CMake module files
[0.615s] Level 1:colcon.colcon_core.environment:checking '/home/samet/Desktop/lino2/install/linorobot2' for CMake config files
[0.616s] Level 1:colcon.colcon_core.shell:create_environment_hook('linorobot2', 'cmake_prefix_path')
[0.616s] INFO:colcon.colcon_core.shell:Creating environment hook '/home/samet/Desktop/lino2/install/linorobot2/share/linorobot2/hook/cmake_prefix_path.ps1'
[0.617s] INFO:colcon.colcon_core.shell:Creating environment descriptor '/home/samet/Desktop/lino2/install/linorobot2/share/linorobot2/hook/cmake_prefix_path.dsv'
[0.617s] INFO:colcon.colcon_core.shell:Creating environment hook '/home/samet/Desktop/lino2/install/linorobot2/share/linorobot2/hook/cmake_prefix_path.sh'
[0.618s] Level 1:colcon.colcon_core.environment:checking '/home/samet/Desktop/lino2/install/linorobot2/bin'
[0.618s] Level 1:colcon.colcon_core.environment:checking '/home/samet/Desktop/lino2/install/linorobot2/lib/pkgconfig/linorobot2.pc'
[0.619s] Level 1:colcon.colcon_core.environment:checking '/home/samet/Desktop/lino2/install/linorobot2/lib/python3.8/site-packages'
[0.619s] INFO:colcon.colcon_core.shell:Creating package script '/home/samet/Desktop/lino2/install/linorobot2/share/linorobot2/package.ps1'
[0.620s] INFO:colcon.colcon_core.shell:Creating package descriptor '/home/samet/Desktop/lino2/install/linorobot2/share/linorobot2/package.dsv'
[0.621s] INFO:colcon.colcon_core.shell:Creating package script '/home/samet/Desktop/lino2/install/linorobot2/share/linorobot2/package.sh'
[0.621s] INFO:colcon.colcon_core.shell:Creating package script '/home/samet/Desktop/lino2/install/linorobot2/share/linorobot2/package.bash'
[0.622s] INFO:colcon.colcon_core.shell:Creating package script '/home/samet/Desktop/lino2/install/linorobot2/share/linorobot2/package.zsh'
[0.623s] Level 1:colcon.colcon_core.environment:create_file_with_runtime_dependencies(/home/samet/Desktop/lino2/install/linorobot2/share/colcon-core/packages/linorobot2)
[0.626s] Level 1:colcon.colcon_core.environment:create_environment_scripts_only(linorobot2_base)
[0.628s] Level 1:colcon.colcon_core.environment:checking '/home/samet/Desktop/lino2/install/linorobot2_base' for CMake module files
[0.629s] DEBUG:colcon.colcon_core.event_handler.log_command:Invoking command in '/home/samet/Desktop/lino2/build/linorobot2_bringup': CMAKE_PREFIX_PATH=/opt/ros/foxy /usr/bin/cmake --install /home/samet/Desktop/lino2/build/linorobot2_bringup
[0.630s] Level 1:colcon.colcon_core.environment:checking '/home/samet/Desktop/lino2/install/linorobot2_base' for CMake config files
[0.631s] Level 1:colcon.colcon_core.shell:create_environment_hook('linorobot2_base', 'cmake_prefix_path')
[0.631s] INFO:colcon.colcon_core.shell:Creating environment hook '/home/samet/Desktop/lino2/install/linorobot2_base/share/linorobot2_base/hook/cmake_prefix_path.ps1'
[0.632s] INFO:colcon.colcon_core.shell:Creating environment descriptor '/home/samet/Desktop/lino2/install/linorobot2_base/share/linorobot2_base/hook/cmake_prefix_path.dsv'
[0.632s] INFO:colcon.colcon_core.shell:Creating environment hook '/home/samet/Desktop/lino2/install/linorobot2_base/share/linorobot2_base/hook/cmake_prefix_path.sh'
[0.633s] Level 1:colcon.colcon_core.environment:checking '/home/samet/Desktop/lino2/install/linorobot2_base/bin'
[0.633s] Level 1:colcon.colcon_core.environment:checking '/home/samet/Desktop/lino2/install/linorobot2_base/lib/pkgconfig/linorobot2_base.pc'
[0.634s] Level 1:colcon.colcon_core.environment:checking '/home/samet/Desktop/lino2/install/linorobot2_base/lib/python3.8/site-packages'
[0.635s] INFO:colcon.colcon_core.shell:Creating package script '/home/samet/Desktop/lino2/install/linorobot2_base/share/linorobot2_base/package.ps1'
[0.636s] INFO:colcon.colcon_core.shell:Creating package descriptor '/home/samet/Desktop/lino2/install/linorobot2_base/share/linorobot2_base/package.dsv'
[0.637s] INFO:colcon.colcon_core.shell:Creating package script '/home/samet/Desktop/lino2/install/linorobot2_base/share/linorobot2_base/package.sh'
[0.637s] INFO:colcon.colcon_core.shell:Creating package script '/home/samet/Desktop/lino2/install/linorobot2_base/share/linorobot2_base/package.bash'
[0.638s] INFO:colcon.colcon_core.shell:Creating package script '/home/samet/Desktop/lino2/install/linorobot2_base/share/linorobot2_base/package.zsh'
[0.639s] Level 1:colcon.colcon_core.environment:create_file_with_runtime_dependencies(/home/samet/Desktop/lino2/install/linorobot2_base/share/colcon-core/packages/linorobot2_base)
[0.641s] Level 1:colcon.colcon_core.environment:create_environment_scripts_only(linorobot2_description)
[0.643s] Level 1:colcon.colcon_core.environment:checking '/home/samet/Desktop/lino2/install/linorobot2_description' for CMake module files
[0.643s] DEBUG:colcon.colcon_core.event_handler.log_command:Invoking command in '/home/samet/Desktop/lino2/build/linorobot2_navigation': CMAKE_PREFIX_PATH=/opt/ros/foxy /usr/bin/cmake --install /home/samet/Desktop/lino2/build/linorobot2_navigation
[0.644s] Level 1:colcon.colcon_core.environment:checking '/home/samet/Desktop/lino2/install/linorobot2_description' for CMake config files
[0.645s] Level 1:colcon.colcon_core.shell:create_environment_hook('linorobot2_description', 'cmake_prefix_path')
[0.645s] INFO:colcon.colcon_core.shell:Creating environment hook '/home/samet/Desktop/lino2/install/linorobot2_description/share/linorobot2_description/hook/cmake_prefix_path.ps1'
[0.647s] INFO:colcon.colcon_core.shell:Creating environment descriptor '/home/samet/Desktop/lino2/install/linorobot2_description/share/linorobot2_description/hook/cmake_prefix_path.dsv'
[0.647s] INFO:colcon.colcon_core.shell:Creating environment hook '/home/samet/Desktop/lino2/install/linorobot2_description/share/linorobot2_description/hook/cmake_prefix_path.sh'
[0.648s] Level 1:colcon.colcon_core.environment:checking '/home/samet/Desktop/lino2/install/linorobot2_description/bin'
[0.649s] Level 1:colcon.colcon_core.environment:checking '/home/samet/Desktop/lino2/install/linorobot2_description/lib/pkgconfig/linorobot2_description.pc'
[0.649s] Level 1:colcon.colcon_core.environment:checking '/home/samet/Desktop/lino2/install/linorobot2_description/lib/python3.8/site-packages'
[0.649s] INFO:colcon.colcon_core.shell:Creating package script '/home/samet/Desktop/lino2/install/linorobot2_description/share/linorobot2_description/package.ps1'
[0.650s] INFO:colcon.colcon_core.shell:Creating package descriptor '/home/samet/Desktop/lino2/install/linorobot2_description/share/linorobot2_description/package.dsv'
[0.651s] INFO:colcon.colcon_core.shell:Creating package script '/home/samet/Desktop/lino2/install/linorobot2_description/share/linorobot2_description/package.sh'
[0.651s] DEBUG:colcon.colcon_core.event_handler.log_command:Invoked command in '/home/samet/Desktop/lino2/build/linorobot2' returned '0': CMAKE_PREFIX_PATH=/opt/ros/foxy /usr/bin/cmake --install /home/samet/Desktop/lino2/build/linorobot2
[0.652s] INFO:colcon.colcon_core.shell:Creating package script '/home/samet/Desktop/lino2/install/linorobot2_description/share/linorobot2_description/package.bash'
[0.653s] INFO:colcon.colcon_core.shell:Creating package script '/home/samet/Desktop/lino2/install/linorobot2_description/share/linorobot2_description/package.zsh'
[0.653s] Level 1:colcon.colcon_core.environment:create_file_with_runtime_dependencies(/home/samet/Desktop/lino2/install/linorobot2_description/share/colcon-core/packages/linorobot2_description)
[0.656s] Level 1:colcon.colcon_core.environment:create_environment_scripts_only(linorobot2_viz)
[0.657s] Level 1:colcon.colcon_core.environment:checking '/home/samet/Desktop/lino2/install/linorobot2_viz' for CMake module files
[0.658s] Level 1:colcon.colcon_core.environment:checking '/home/samet/Desktop/lino2/install/linorobot2_viz' for CMake config files
[0.659s] Level 1:colcon.colcon_core.shell:create_environment_hook('linorobot2_viz', 'cmake_prefix_path')
[0.660s] INFO:colcon.colcon_core.shell:Creating environment hook '/home/samet/Desktop/lino2/install/linorobot2_viz/share/linorobot2_viz/hook/cmake_prefix_path.ps1'
[0.660s] INFO:colcon.colcon_core.shell:Creating environment descriptor '/home/samet/Desktop/lino2/install/linorobot2_viz/share/linorobot2_viz/hook/cmake_prefix_path.dsv'
[0.661s] INFO:colcon.colcon_core.shell:Creating environment hook '/home/samet/Desktop/lino2/install/linorobot2_viz/share/linorobot2_viz/hook/cmake_prefix_path.sh'
[0.661s] Level 1:colcon.colcon_core.environment:checking '/home/samet/Desktop/lino2/install/linorobot2_viz/bin'
[0.661s] Level 1:colcon.colcon_core.environment:checking '/home/samet/Desktop/lino2/install/linorobot2_viz/lib/pkgconfig/linorobot2_viz.pc'
[0.662s] Level 1:colcon.colcon_core.environment:checking '/home/samet/Desktop/lino2/install/linorobot2_viz/lib/python3.8/site-packages'
[0.662s] INFO:colcon.colcon_core.shell:Creating package script '/home/samet/Desktop/lino2/install/linorobot2_viz/share/linorobot2_viz/package.ps1'
[0.663s] INFO:colcon.colcon_core.shell:Creating package descriptor '/home/samet/Desktop/lino2/install/linorobot2_viz/share/linorobot2_viz/package.dsv'
[0.664s] INFO:colcon.colcon_core.shell:Creating package script '/home/samet/Desktop/lino2/install/linorobot2_viz/share/linorobot2_viz/package.sh'
[0.665s] INFO:colcon.colcon_core.shell:Creating package script '/home/samet/Desktop/lino2/install/linorobot2_viz/share/linorobot2_viz/package.bash'
[0.666s] INFO:colcon.colcon_core.shell:Creating package script '/home/samet/Desktop/lino2/install/linorobot2_viz/share/linorobot2_viz/package.zsh'
[0.667s] Level 1:colcon.colcon_core.environment:create_file_with_runtime_dependencies(/home/samet/Desktop/lino2/install/linorobot2_viz/share/colcon-core/packages/linorobot2_viz)
[0.670s] DEBUG:colcon.colcon_core.event_handler.log_command:Invoked command in '/home/samet/Desktop/lino2/build/linorobot2_base' returned '0': CMAKE_PREFIX_PATH=/opt/ros/foxy /usr/bin/cmake --install /home/samet/Desktop/lino2/build/linorobot2_base
[0.671s] Level 1:colcon.colcon_core.environment:create_environment_scripts_only(linorobot2_bringup)
[0.672s] Level 1:colcon.colcon_core.environment:checking '/home/samet/Desktop/lino2/install/linorobot2_bringup' for CMake module files
[0.674s] Level 1:colcon.colcon_core.environment:checking '/home/samet/Desktop/lino2/install/linorobot2_bringup' for CMake config files
[0.675s] DEBUG:colcon.colcon_core.event_handler.log_command:Invoked command in '/home/samet/Desktop/lino2/build/linorobot2_description' returned '0': CMAKE_PREFIX_PATH=/opt/ros/foxy /usr/bin/cmake --install /home/samet/Desktop/lino2/build/linorobot2_description
[0.676s] DEBUG:colcon.colcon_core.event_handler.log_command:Invoked command in '/home/samet/Desktop/lino2/build/linorobot2_viz' returned '0': CMAKE_PREFIX_PATH=/opt/ros/foxy /usr/bin/cmake --install /home/samet/Desktop/lino2/build/linorobot2_viz
[0.676s] DEBUG:colcon.colcon_core.event_handler.log_command:Invoked command in '/home/samet/Desktop/lino2/build/linorobot2_bringup' returned '0': CMAKE_PREFIX_PATH=/opt/ros/foxy /usr/bin/cmake --install /home/samet/Desktop/lino2/build/linorobot2_bringup
[0.676s] Level 1:colcon.colcon_core.shell:create_environment_hook('linorobot2_bringup', 'cmake_prefix_path')
[0.676s] INFO:colcon.colcon_core.shell:Creating environment hook '/home/samet/Desktop/lino2/install/linorobot2_bringup/share/linorobot2_bringup/hook/cmake_prefix_path.ps1'
[0.677s] INFO:colcon.colcon_core.shell:Creating environment descriptor '/home/samet/Desktop/lino2/install/linorobot2_bringup/share/linorobot2_bringup/hook/cmake_prefix_path.dsv'
[0.677s] INFO:colcon.colcon_core.shell:Creating environment hook '/home/samet/Desktop/lino2/install/linorobot2_bringup/share/linorobot2_bringup/hook/cmake_prefix_path.sh'
[0.678s] Level 1:colcon.colcon_core.environment:checking '/home/samet/Desktop/lino2/install/linorobot2_bringup/bin'
[0.678s] Level 1:colcon.colcon_core.environment:checking '/home/samet/Desktop/lino2/install/linorobot2_bringup/lib/pkgconfig/linorobot2_bringup.pc'
[0.678s] Level 1:colcon.colcon_core.environment:checking '/home/samet/Desktop/lino2/install/linorobot2_bringup/lib/python3.8/site-packages'
[0.679s] INFO:colcon.colcon_core.shell:Creating package script '/home/samet/Desktop/lino2/install/linorobot2_bringup/share/linorobot2_bringup/package.ps1'
[0.679s] INFO:colcon.colcon_core.shell:Creating package descriptor '/home/samet/Desktop/lino2/install/linorobot2_bringup/share/linorobot2_bringup/package.dsv'
[0.680s] INFO:colcon.colcon_core.shell:Creating package script '/home/samet/Desktop/lino2/install/linorobot2_bringup/share/linorobot2_bringup/package.sh'
[0.680s] INFO:colcon.colcon_core.shell:Creating package script '/home/samet/Desktop/lino2/install/linorobot2_bringup/share/linorobot2_bringup/package.bash'
[0.680s] INFO:colcon.colcon_core.shell:Creating package script '/home/samet/Desktop/lino2/install/linorobot2_bringup/share/linorobot2_bringup/package.zsh'
[0.681s] Level 1:colcon.colcon_core.environment:create_file_with_runtime_dependencies(/home/samet/Desktop/lino2/install/linorobot2_bringup/share/colcon-core/packages/linorobot2_bringup)
[0.683s] Level 1:colcon.colcon_core.environment:create_environment_scripts_only(linorobot2_navigation)
[0.684s] Level 1:colcon.colcon_core.environment:checking '/home/samet/Desktop/lino2/install/linorobot2_navigation' for CMake module files
[0.684s] DEBUG:colcon.colcon_core.event_handler.log_command:Invoked command in '/home/samet/Desktop/lino2/build/linorobot2_navigation' returned '0': CMAKE_PREFIX_PATH=/opt/ros/foxy /usr/bin/cmake --install /home/samet/Desktop/lino2/build/linorobot2_navigation
[0.684s] Level 1:colcon.colcon_core.environment:checking '/home/samet/Desktop/lino2/install/linorobot2_navigation' for CMake config files
[0.685s] Level 1:colcon.colcon_core.shell:create_environment_hook('linorobot2_navigation', 'cmake_prefix_path')
[0.685s] INFO:colcon.colcon_core.shell:Creating environment hook '/home/samet/Desktop/lino2/install/linorobot2_navigation/share/linorobot2_navigation/hook/cmake_prefix_path.ps1'
[0.686s] INFO:colcon.colcon_core.shell:Creating environment descriptor '/home/samet/Desktop/lino2/install/linorobot2_navigation/share/linorobot2_navigation/hook/cmake_prefix_path.dsv'
[0.686s] INFO:colcon.colcon_core.shell:Creating environment hook '/home/samet/Desktop/lino2/install/linorobot2_navigation/share/linorobot2_navigation/hook/cmake_prefix_path.sh'
[0.687s] Level 1:colcon.colcon_core.environment:checking '/home/samet/Desktop/lino2/install/linorobot2_navigation/bin'
[0.687s] Level 1:colcon.colcon_core.environment:checking '/home/samet/Desktop/lino2/install/linorobot2_navigation/lib/pkgconfig/linorobot2_navigation.pc'
[0.687s] Level 1:colcon.colcon_core.environment:checking '/home/samet/Desktop/lino2/install/linorobot2_navigation/lib/python3.8/site-packages'
[0.688s] INFO:colcon.colcon_core.shell:Creating package script '/home/samet/Desktop/lino2/install/linorobot2_navigation/share/linorobot2_navigation/package.ps1'
[0.688s] INFO:colcon.colcon_core.shell:Creating package descriptor '/home/samet/Desktop/lino2/install/linorobot2_navigation/share/linorobot2_navigation/package.dsv'
[0.689s] INFO:colcon.colcon_core.shell:Creating package script '/home/samet/Desktop/lino2/install/linorobot2_navigation/share/linorobot2_navigation/package.sh'
[0.689s] INFO:colcon.colcon_core.shell:Creating package script '/home/samet/Desktop/lino2/install/linorobot2_navigation/share/linorobot2_navigation/package.bash'
[0.689s] INFO:colcon.colcon_core.shell:Creating package script '/home/samet/Desktop/lino2/install/linorobot2_navigation/share/linorobot2_navigation/package.zsh'
[0.689s] Level 1:colcon.colcon_core.environment:create_file_with_runtime_dependencies(/home/samet/Desktop/lino2/install/linorobot2_navigation/share/colcon-core/packages/linorobot2_navigation)
[0.693s] Level 1:colcon.colcon_core.environment:create_environment_scripts_only(linorobot2_gazebo)
[0.694s] Level 1:colcon.colcon_core.environment:checking '/home/samet/Desktop/lino2/install/linorobot2_gazebo' for CMake module files
[0.695s] DEBUG:colcon.colcon_core.event_handler.log_command:Invoked command in '/home/samet/Desktop/lino2/build/linorobot2_gazebo' returned '0': CMAKE_PREFIX_PATH=/opt/ros/foxy /usr/bin/cmake --install /home/samet/Desktop/lino2/build/linorobot2_gazebo
[0.695s] Level 1:colcon.colcon_core.environment:checking '/home/samet/Desktop/lino2/install/linorobot2_gazebo' for CMake config files
[0.695s] Level 1:colcon.colcon_core.shell:create_environment_hook('linorobot2_gazebo', 'cmake_prefix_path')
[0.696s] INFO:colcon.colcon_core.shell:Creating environment hook '/home/samet/Desktop/lino2/install/linorobot2_gazebo/share/linorobot2_gazebo/hook/cmake_prefix_path.ps1'
[0.696s] INFO:colcon.colcon_core.shell:Creating environment descriptor '/home/samet/Desktop/lino2/install/linorobot2_gazebo/share/linorobot2_gazebo/hook/cmake_prefix_path.dsv'
[0.697s] INFO:colcon.colcon_core.shell:Creating environment hook '/home/samet/Desktop/lino2/install/linorobot2_gazebo/share/linorobot2_gazebo/hook/cmake_prefix_path.sh'
[0.697s] Level 1:colcon.colcon_core.environment:checking '/home/samet/Desktop/lino2/install/linorobot2_gazebo/lib'
[0.697s] Level 1:colcon.colcon_core.environment:checking '/home/samet/Desktop/lino2/install/linorobot2_gazebo/bin'
[0.697s] Level 1:colcon.colcon_core.environment:checking '/home/samet/Desktop/lino2/install/linorobot2_gazebo/lib/pkgconfig/linorobot2_gazebo.pc'
[0.698s] Level 1:colcon.colcon_core.environment:checking '/home/samet/Desktop/lino2/install/linorobot2_gazebo/lib/python3.8/site-packages'
[0.698s] Level 1:colcon.colcon_core.shell:create_environment_hook('linorobot2_gazebo', 'pythonpath')
[0.698s] INFO:colcon.colcon_core.shell:Creating environment hook '/home/samet/Desktop/lino2/install/linorobot2_gazebo/share/linorobot2_gazebo/hook/pythonpath.ps1'
[0.699s] INFO:colcon.colcon_core.shell:Creating environment descriptor '/home/samet/Desktop/lino2/install/linorobot2_gazebo/share/linorobot2_gazebo/hook/pythonpath.dsv'
[0.699s] INFO:colcon.colcon_core.shell:Creating environment hook '/home/samet/Desktop/lino2/install/linorobot2_gazebo/share/linorobot2_gazebo/hook/pythonpath.sh'
[0.700s] INFO:colcon.colcon_core.shell:Creating package script '/home/samet/Desktop/lino2/install/linorobot2_gazebo/share/linorobot2_gazebo/package.ps1'
[0.701s] INFO:colcon.colcon_core.shell:Creating package descriptor '/home/samet/Desktop/lino2/install/linorobot2_gazebo/share/linorobot2_gazebo/package.dsv'
[0.701s] INFO:colcon.colcon_core.shell:Creating package script '/home/samet/Desktop/lino2/install/linorobot2_gazebo/share/linorobot2_gazebo/package.sh'
[0.701s] INFO:colcon.colcon_core.shell:Creating package script '/home/samet/Desktop/lino2/install/linorobot2_gazebo/share/linorobot2_gazebo/package.bash'
[0.702s] INFO:colcon.colcon_core.shell:Creating package script '/home/samet/Desktop/lino2/install/linorobot2_gazebo/share/linorobot2_gazebo/package.zsh'
[0.702s] Level 1:colcon.colcon_core.environment:create_file_with_runtime_dependencies(/home/samet/Desktop/lino2/install/linorobot2_gazebo/share/colcon-core/packages/linorobot2_gazebo)
[0.706s] Level 1:colcon.colcon_core.environment:create_environment_scripts_only(linorobot2)
[0.707s] Level 1:colcon.colcon_core.environment:checking '/home/samet/Desktop/lino2/install/linorobot2' for CMake module files
[0.707s] Level 1:colcon.colcon_core.environment:checking '/home/samet/Desktop/lino2/install/linorobot2' for CMake config files
[0.708s] Level 1:colcon.colcon_core.shell:create_environment_hook('linorobot2', 'cmake_prefix_path')
[0.708s] INFO:colcon.colcon_core.shell:Creating environment hook '/home/samet/Desktop/lino2/install/linorobot2/share/linorobot2/hook/cmake_prefix_path.ps1'
[0.709s] INFO:colcon.colcon_core.shell:Creating environment descriptor '/home/samet/Desktop/lino2/install/linorobot2/share/linorobot2/hook/cmake_prefix_path.dsv'
[0.709s] INFO:colcon.colcon_core.shell:Creating environment hook '/home/samet/Desktop/lino2/install/linorobot2/share/linorobot2/hook/cmake_prefix_path.sh'
[0.709s] Level 1:colcon.colcon_core.environment:checking '/home/samet/Desktop/lino2/install/linorobot2/bin'
[0.709s] Level 1:colcon.colcon_core.environment:checking '/home/samet/Desktop/lino2/install/linorobot2/lib/pkgconfig/linorobot2.pc'
[0.710s] Level 1:colcon.colcon_core.environment:checking '/home/samet/Desktop/lino2/install/linorobot2/lib/python3.8/site-packages'
[0.711s] INFO:colcon.colcon_core.shell:Creating package script '/home/samet/Desktop/lino2/install/linorobot2/share/linorobot2/package.ps1'
[0.711s] INFO:colcon.colcon_core.shell:Creating package descriptor '/home/samet/Desktop/lino2/install/linorobot2/share/linorobot2/package.dsv'
[0.712s] INFO:colcon.colcon_core.shell:Creating package script '/home/samet/Desktop/lino2/install/linorobot2/share/linorobot2/package.sh'
[0.712s] INFO:colcon.colcon_core.shell:Creating package script '/home/samet/Desktop/lino2/install/linorobot2/share/linorobot2/package.bash'
[0.713s] INFO:colcon.colcon_core.shell:Creating package script '/home/samet/Desktop/lino2/install/linorobot2/share/linorobot2/package.zsh'
[0.713s] Level 1:colcon.colcon_core.environment:create_file_with_runtime_dependencies(/home/samet/Desktop/lino2/install/linorobot2/share/colcon-core/packages/linorobot2)
[0.715s] Level 1:colcon.colcon_core.environment:create_environment_scripts_only(linorobot2_base)
[0.716s] Level 1:colcon.colcon_core.environment:checking '/home/samet/Desktop/lino2/install/linorobot2_base' for CMake module files
[0.717s] Level 1:colcon.colcon_core.environment:checking '/home/samet/Desktop/lino2/install/linorobot2_base' for CMake config files
[0.717s] Level 1:colcon.colcon_core.shell:create_environment_hook('linorobot2_base', 'cmake_prefix_path')
[0.717s] INFO:colcon.colcon_core.shell:Creating environment hook '/home/samet/Desktop/lino2/install/linorobot2_base/share/linorobot2_base/hook/cmake_prefix_path.ps1'
[0.717s] INFO:colcon.colcon_core.shell:Creating environment descriptor '/home/samet/Desktop/lino2/install/linorobot2_base/share/linorobot2_base/hook/cmake_prefix_path.dsv'
[0.718s] INFO:colcon.colcon_core.shell:Creating environment hook '/home/samet/Desktop/lino2/install/linorobot2_base/share/linorobot2_base/hook/cmake_prefix_path.sh'
[0.719s] Level 1:colcon.colcon_core.environment:checking '/home/samet/Desktop/lino2/install/linorobot2_base/bin'
[0.719s] Level 1:colcon.colcon_core.environment:checking '/home/samet/Desktop/lino2/install/linorobot2_base/lib/pkgconfig/linorobot2_base.pc'
[0.719s] Level 1:colcon.colcon_core.environment:checking '/home/samet/Desktop/lino2/install/linorobot2_base/lib/python3.8/site-packages'
[0.719s] INFO:colcon.colcon_core.shell:Creating package script '/home/samet/Desktop/lino2/install/linorobot2_base/share/linorobot2_base/package.ps1'
[0.720s] INFO:colcon.colcon_core.shell:Creating package descriptor '/home/samet/Desktop/lino2/install/linorobot2_base/share/linorobot2_base/package.dsv'
[0.720s] INFO:colcon.colcon_core.shell:Creating package script '/home/samet/Desktop/lino2/install/linorobot2_base/share/linorobot2_base/package.sh'
[0.721s] INFO:colcon.colcon_core.shell:Creating package script '/home/samet/Desktop/lino2/install/linorobot2_base/share/linorobot2_base/package.bash'
[0.721s] INFO:colcon.colcon_core.shell:Creating package script '/home/samet/Desktop/lino2/install/linorobot2_base/share/linorobot2_base/package.zsh'
[0.721s] Level 1:colcon.colcon_core.environment:create_file_with_runtime_dependencies(/home/samet/Desktop/lino2/install/linorobot2_base/share/colcon-core/packages/linorobot2_base)
[0.722s] Level 1:colcon.colcon_core.environment:create_environment_scripts_only(linorobot2_description)
[0.723s] Level 1:colcon.colcon_core.environment:checking '/home/samet/Desktop/lino2/install/linorobot2_description' for CMake module files
[0.724s] Level 1:colcon.colcon_core.environment:checking '/home/samet/Desktop/lino2/install/linorobot2_description' for CMake config files
[0.724s] Level 1:colcon.colcon_core.shell:create_environment_hook('linorobot2_description', 'cmake_prefix_path')
[0.724s] INFO:colcon.colcon_core.shell:Creating environment hook '/home/samet/Desktop/lino2/install/linorobot2_description/share/linorobot2_description/hook/cmake_prefix_path.ps1'
[0.725s] INFO:colcon.colcon_core.shell:Creating environment descriptor '/home/samet/Desktop/lino2/install/linorobot2_description/share/linorobot2_description/hook/cmake_prefix_path.dsv'
[0.725s] INFO:colcon.colcon_core.shell:Creating environment hook '/home/samet/Desktop/lino2/install/linorobot2_description/share/linorobot2_description/hook/cmake_prefix_path.sh'
[0.725s] Level 1:colcon.colcon_core.environment:checking '/home/samet/Desktop/lino2/install/linorobot2_description/bin'
[0.725s] Level 1:colcon.colcon_core.environment:checking '/home/samet/Desktop/lino2/install/linorobot2_description/lib/pkgconfig/linorobot2_description.pc'
[0.725s] Level 1:colcon.colcon_core.environment:checking '/home/samet/Desktop/lino2/install/linorobot2_description/lib/python3.8/site-packages'
[0.726s] INFO:colcon.colcon_core.shell:Creating package script '/home/samet/Desktop/lino2/install/linorobot2_description/share/linorobot2_description/package.ps1'
[0.727s] INFO:colcon.colcon_core.shell:Creating package descriptor '/home/samet/Desktop/lino2/install/linorobot2_description/share/linorobot2_description/package.dsv'
[0.728s] INFO:colcon.colcon_core.shell:Creating package script '/home/samet/Desktop/lino2/install/linorobot2_description/share/linorobot2_description/package.sh'
[0.728s] INFO:colcon.colcon_core.shell:Creating package script '/home/samet/Desktop/lino2/install/linorobot2_description/share/linorobot2_description/package.bash'
[0.728s] INFO:colcon.colcon_core.shell:Creating package script '/home/samet/Desktop/lino2/install/linorobot2_description/share/linorobot2_description/package.zsh'
[0.729s] Level 1:colcon.colcon_core.environment:create_file_with_runtime_dependencies(/home/samet/Desktop/lino2/install/linorobot2_description/share/colcon-core/packages/linorobot2_description)
[0.730s] Level 1:colcon.colcon_core.environment:create_environment_scripts_only(linorobot2_viz)
[0.730s] Level 1:colcon.colcon_core.environment:checking '/home/samet/Desktop/lino2/install/linorobot2_viz' for CMake module files
[0.731s] Level 1:colcon.colcon_core.environment:checking '/home/samet/Desktop/lino2/install/linorobot2_viz' for CMake config files
[0.731s] Level 1:colcon.colcon_core.shell:create_environment_hook('linorobot2_viz', 'cmake_prefix_path')
[0.732s] INFO:colcon.colcon_core.shell:Creating environment hook '/home/samet/Desktop/lino2/install/linorobot2_viz/share/linorobot2_viz/hook/cmake_prefix_path.ps1'
[0.732s] INFO:colcon.colcon_core.shell:Creating environment descriptor '/home/samet/Desktop/lino2/install/linorobot2_viz/share/linorobot2_viz/hook/cmake_prefix_path.dsv'
[0.732s] INFO:colcon.colcon_core.shell:Creating environment hook '/home/samet/Desktop/lino2/install/linorobot2_viz/share/linorobot2_viz/hook/cmake_prefix_path.sh'
[0.732s] Level 1:colcon.colcon_core.environment:checking '/home/samet/Desktop/lino2/install/linorobot2_viz/bin'
[0.733s] Level 1:colcon.colcon_core.environment:checking '/home/samet/Desktop/lino2/install/linorobot2_viz/lib/pkgconfig/linorobot2_viz.pc'
[0.733s] Level 1:colcon.colcon_core.environment:checking '/home/samet/Desktop/lino2/install/linorobot2_viz/lib/python3.8/site-packages'
[0.733s] INFO:colcon.colcon_core.shell:Creating package script '/home/samet/Desktop/lino2/install/linorobot2_viz/share/linorobot2_viz/package.ps1'
[0.734s] INFO:colcon.colcon_core.shell:Creating package descriptor '/home/samet/Desktop/lino2/install/linorobot2_viz/share/linorobot2_viz/package.dsv'
[0.734s] INFO:colcon.colcon_core.shell:Creating package script '/home/samet/Desktop/lino2/install/linorobot2_viz/share/linorobot2_viz/package.sh'
[0.735s] INFO:colcon.colcon_core.shell:Creating package script '/home/samet/Desktop/lino2/install/linorobot2_viz/share/linorobot2_viz/package.bash'
[0.735s] INFO:colcon.colcon_core.shell:Creating package script '/home/samet/Desktop/lino2/install/linorobot2_viz/share/linorobot2_viz/package.zsh'
[0.736s] Level 1:colcon.colcon_core.environment:create_file_with_runtime_dependencies(/home/samet/Desktop/lino2/install/linorobot2_viz/share/colcon-core/packages/linorobot2_viz)
[0.737s] Level 1:colcon.colcon_core.environment:create_environment_scripts_only(linorobot2_bringup)
[0.738s] Level 1:colcon.colcon_core.environment:checking '/home/samet/Desktop/lino2/install/linorobot2_bringup' for CMake module files
[0.738s] Level 1:colcon.colcon_core.environment:checking '/home/samet/Desktop/lino2/install/linorobot2_bringup' for CMake config files
[0.738s] Level 1:colcon.colcon_core.shell:create_environment_hook('linorobot2_bringup', 'cmake_prefix_path')
[0.739s] INFO:colcon.colcon_core.shell:Creating environment hook '/home/samet/Desktop/lino2/install/linorobot2_bringup/share/linorobot2_bringup/hook/cmake_prefix_path.ps1'
[0.739s] INFO:colcon.colcon_core.shell:Creating environment descriptor '/home/samet/Desktop/lino2/install/linorobot2_bringup/share/linorobot2_bringup/hook/cmake_prefix_path.dsv'
[0.739s] INFO:colcon.colcon_core.shell:Creating environment hook '/home/samet/Desktop/lino2/install/linorobot2_bringup/share/linorobot2_bringup/hook/cmake_prefix_path.sh'
[0.740s] Level 1:colcon.colcon_core.environment:checking '/home/samet/Desktop/lino2/install/linorobot2_bringup/bin'
[0.740s] Level 1:colcon.colcon_core.environment:checking '/home/samet/Desktop/lino2/install/linorobot2_bringup/lib/pkgconfig/linorobot2_bringup.pc'
[0.740s] Level 1:colcon.colcon_core.environment:checking '/home/samet/Desktop/lino2/install/linorobot2_bringup/lib/python3.8/site-packages'
[0.741s] INFO:colcon.colcon_core.shell:Creating package script '/home/samet/Desktop/lino2/install/linorobot2_bringup/share/linorobot2_bringup/package.ps1'
[0.742s] INFO:colcon.colcon_core.shell:Creating package descriptor '/home/samet/Desktop/lino2/install/linorobot2_bringup/share/linorobot2_bringup/package.dsv'
[0.743s] INFO:colcon.colcon_core.shell:Creating package script '/home/samet/Desktop/lino2/install/linorobot2_bringup/share/linorobot2_bringup/package.sh'
[0.743s] INFO:colcon.colcon_core.shell:Creating package script '/home/samet/Desktop/lino2/install/linorobot2_bringup/share/linorobot2_bringup/package.bash'
[0.744s] INFO:colcon.colcon_core.shell:Creating package script '/home/samet/Desktop/lino2/install/linorobot2_bringup/share/linorobot2_bringup/package.zsh'
[0.744s] Level 1:colcon.colcon_core.environment:create_file_with_runtime_dependencies(/home/samet/Desktop/lino2/install/linorobot2_bringup/share/colcon-core/packages/linorobot2_bringup)
[0.745s] Level 1:colcon.colcon_core.environment:create_environment_scripts_only(linorobot2_navigation)
[0.746s] Level 1:colcon.colcon_core.environment:checking '/home/samet/Desktop/lino2/install/linorobot2_navigation' for CMake module files
[0.747s] Level 1:colcon.colcon_core.environment:checking '/home/samet/Desktop/lino2/install/linorobot2_navigation' for CMake config files
[0.747s] Level 1:colcon.colcon_core.shell:create_environment_hook('linorobot2_navigation', 'cmake_prefix_path')
[0.748s] INFO:colcon.colcon_core.shell:Creating environment hook '/home/samet/Desktop/lino2/install/linorobot2_navigation/share/linorobot2_navigation/hook/cmake_prefix_path.ps1'
[0.748s] INFO:colcon.colcon_core.shell:Creating environment descriptor '/home/samet/Desktop/lino2/install/linorobot2_navigation/share/linorobot2_navigation/hook/cmake_prefix_path.dsv'
[0.748s] INFO:colcon.colcon_core.shell:Creating environment hook '/home/samet/Desktop/lino2/install/linorobot2_navigation/share/linorobot2_navigation/hook/cmake_prefix_path.sh'
[0.749s] Level 1:colcon.colcon_core.environment:checking '/home/samet/Desktop/lino2/install/linorobot2_navigation/bin'
[0.749s] Level 1:colcon.colcon_core.environment:checking '/home/samet/Desktop/lino2/install/linorobot2_navigation/lib/pkgconfig/linorobot2_navigation.pc'
[0.749s] Level 1:colcon.colcon_core.environment:checking '/home/samet/Desktop/lino2/install/linorobot2_navigation/lib/python3.8/site-packages'
[0.749s] INFO:colcon.colcon_core.shell:Creating package script '/home/samet/Desktop/lino2/install/linorobot2_navigation/share/linorobot2_navigation/package.ps1'
[0.749s] INFO:colcon.colcon_core.shell:Creating package descriptor '/home/samet/Desktop/lino2/install/linorobot2_navigation/share/linorobot2_navigation/package.dsv'
[0.750s] INFO:colcon.colcon_core.shell:Creating package script '/home/samet/Desktop/lino2/install/linorobot2_navigation/share/linorobot2_navigation/package.sh'
[0.750s] INFO:colcon.colcon_core.shell:Creating package script '/home/samet/Desktop/lino2/install/linorobot2_navigation/share/linorobot2_navigation/package.bash'
[0.751s] INFO:colcon.colcon_core.shell:Creating package script '/home/samet/Desktop/lino2/install/linorobot2_navigation/share/linorobot2_navigation/package.zsh'
[0.751s] Level 1:colcon.colcon_core.environment:create_file_with_runtime_dependencies(/home/samet/Desktop/lino2/install/linorobot2_navigation/share/colcon-core/packages/linorobot2_navigation)
[0.752s] Level 1:colcon.colcon_core.environment:create_environment_scripts_only(linorobot2_gazebo)
[0.753s] Level 1:colcon.colcon_core.environment:checking '/home/samet/Desktop/lino2/install/linorobot2_gazebo' for CMake module files
[0.754s] Level 1:colcon.colcon_core.environment:checking '/home/samet/Desktop/lino2/install/linorobot2_gazebo' for CMake config files
[0.754s] Level 1:colcon.colcon_core.shell:create_environment_hook('linorobot2_gazebo', 'cmake_prefix_path')
[0.754s] INFO:colcon.colcon_core.shell:Creating environment hook '/home/samet/Desktop/lino2/install/linorobot2_gazebo/share/linorobot2_gazebo/hook/cmake_prefix_path.ps1'
[0.755s] INFO:colcon.colcon_core.shell:Creating environment descriptor '/home/samet/Desktop/lino2/install/linorobot2_gazebo/share/linorobot2_gazebo/hook/cmake_prefix_path.dsv'
[0.755s] INFO:colcon.colcon_core.shell:Creating environment hook '/home/samet/Desktop/lino2/install/linorobot2_gazebo/share/linorobot2_gazebo/hook/cmake_prefix_path.sh'
[0.756s] Level 1:colcon.colcon_core.environment:checking '/home/samet/Desktop/lino2/install/linorobot2_gazebo/lib'
[0.756s] Level 1:colcon.colcon_core.environment:checking '/home/samet/Desktop/lino2/install/linorobot2_gazebo/bin'
[0.756s] Level 1:colcon.colcon_core.environment:checking '/home/samet/Desktop/lino2/install/linorobot2_gazebo/lib/pkgconfig/linorobot2_gazebo.pc'
[0.756s] Level 1:colcon.colcon_core.environment:checking '/home/samet/Desktop/lino2/install/linorobot2_gazebo/lib/python3.8/site-packages'
[0.756s] Level 1:colcon.colcon_core.shell:create_environment_hook('linorobot2_gazebo', 'pythonpath')
[0.757s] INFO:colcon.colcon_core.shell:Creating environment hook '/home/samet/Desktop/lino2/install/linorobot2_gazebo/share/linorobot2_gazebo/hook/pythonpath.ps1'
[0.757s] INFO:colcon.colcon_core.shell:Creating environment descriptor '/home/samet/Desktop/lino2/install/linorobot2_gazebo/share/linorobot2_gazebo/hook/pythonpath.dsv'
[0.757s] INFO:colcon.colcon_core.shell:Creating environment hook '/home/samet/Desktop/lino2/install/linorobot2_gazebo/share/linorobot2_gazebo/hook/pythonpath.sh'
[0.759s] INFO:colcon.colcon_core.shell:Creating package script '/home/samet/Desktop/lino2/install/linorobot2_gazebo/share/linorobot2_gazebo/package.ps1'
[0.760s] INFO:colcon.colcon_core.shell:Creating package descriptor '/home/samet/Desktop/lino2/install/linorobot2_gazebo/share/linorobot2_gazebo/package.dsv'
[0.760s] INFO:colcon.colcon_core.shell:Creating package script '/home/samet/Desktop/lino2/install/linorobot2_gazebo/share/linorobot2_gazebo/package.sh'
[0.760s] INFO:colcon.colcon_core.shell:Creating package script '/home/samet/Desktop/lino2/install/linorobot2_gazebo/share/linorobot2_gazebo/package.bash'
[0.761s] INFO:colcon.colcon_core.shell:Creating package script '/home/samet/Desktop/lino2/install/linorobot2_gazebo/share/linorobot2_gazebo/package.zsh'
[0.761s] Level 1:colcon.colcon_core.environment:create_file_with_runtime_dependencies(/home/samet/Desktop/lino2/install/linorobot2_gazebo/share/colcon-core/packages/linorobot2_gazebo)
[0.943s] DEBUG:colcon.colcon_core.event_handler.log_command:Invoking command in '/home/samet/Desktop/lino2/src/robomaster_pkg': PYTHONPATH=/home/samet/Desktop/lino2/install/robomaster_pkg/lib/python3.8/site-packages:${PYTHONPATH} /usr/bin/python3 setup.py egg_info --egg-base ../../build/robomaster_pkg build --build-base /home/samet/Desktop/lino2/build/robomaster_pkg/build install --prefix /home/samet/Desktop/lino2/install/robomaster_pkg --record /home/samet/Desktop/lino2/build/robomaster_pkg/install.log --single-version-externally-managed
[1.188s] Level 1:colcon.colcon_core.environment:checking '/home/samet/Desktop/lino2/install/robomaster_pkg' for CMake module files
[1.189s] DEBUG:colcon.colcon_core.event_handler.log_command:Invoked command in '/home/samet/Desktop/lino2/src/robomaster_pkg' returned '0': PYTHONPATH=/home/samet/Desktop/lino2/install/robomaster_pkg/lib/python3.8/site-packages:${PYTHONPATH} /usr/bin/python3 setup.py egg_info --egg-base ../../build/robomaster_pkg build --build-base /home/samet/Desktop/lino2/build/robomaster_pkg/build install --prefix /home/samet/Desktop/lino2/install/robomaster_pkg --record /home/samet/Desktop/lino2/build/robomaster_pkg/install.log --single-version-externally-managed
[1.191s] Level 1:colcon.colcon_core.environment:checking '/home/samet/Desktop/lino2/install/robomaster_pkg' for CMake config files
[1.192s] Level 1:colcon.colcon_core.environment:checking '/home/samet/Desktop/lino2/install/robomaster_pkg/lib'
[1.192s] Level 1:colcon.colcon_core.environment:checking '/home/samet/Desktop/lino2/install/robomaster_pkg/bin'
[1.192s] Level 1:colcon.colcon_core.environment:checking '/home/samet/Desktop/lino2/install/robomaster_pkg/lib/pkgconfig/robomaster_pkg.pc'
[1.193s] Level 1:colcon.colcon_core.environment:checking '/home/samet/Desktop/lino2/install/robomaster_pkg/lib/python3.8/site-packages'
[1.193s] Level 1:colcon.colcon_core.shell:create_environment_hook('robomaster_pkg', 'pythonpath')
[1.195s] INFO:colcon.colcon_core.shell:Creating environment hook '/home/samet/Desktop/lino2/install/robomaster_pkg/share/robomaster_pkg/hook/pythonpath.ps1'
[1.196s] INFO:colcon.colcon_core.shell:Creating environment descriptor '/home/samet/Desktop/lino2/install/robomaster_pkg/share/robomaster_pkg/hook/pythonpath.dsv'
[1.197s] INFO:colcon.colcon_core.shell:Creating environment hook '/home/samet/Desktop/lino2/install/robomaster_pkg/share/robomaster_pkg/hook/pythonpath.sh'
[1.199s] Level 1:colcon.colcon_core.environment:create_environment_scripts_only(robomaster_pkg)
[1.199s] INFO:colcon.colcon_core.shell:Creating package script '/home/samet/Desktop/lino2/install/robomaster_pkg/share/robomaster_pkg/package.ps1'
[1.200s] INFO:colcon.colcon_core.shell:Creating package descriptor '/home/samet/Desktop/lino2/install/robomaster_pkg/share/robomaster_pkg/package.dsv'
[1.200s] INFO:colcon.colcon_core.shell:Creating package script '/home/samet/Desktop/lino2/install/robomaster_pkg/share/robomaster_pkg/package.sh'
[1.201s] INFO:colcon.colcon_core.shell:Creating package script '/home/samet/Desktop/lino2/install/robomaster_pkg/share/robomaster_pkg/package.bash'
[1.201s] INFO:colcon.colcon_core.shell:Creating package script '/home/samet/Desktop/lino2/install/robomaster_pkg/share/robomaster_pkg/package.zsh'
[1.201s] Level 1:colcon.colcon_core.environment:create_file_with_runtime_dependencies(/home/samet/Desktop/lino2/install/robomaster_pkg/share/colcon-core/packages/robomaster_pkg)
[1.201s] DEBUG:colcon.colcon_parallel_executor.executor.parallel:closing loop
[1.202s] DEBUG:colcon.colcon_parallel_executor.executor.parallel:loop closed
[1.202s] DEBUG:colcon.colcon_parallel_executor.executor.parallel:run_until_complete finished with '0'
[1.202s] DEBUG:colcon.colcon_core.event_reactor:joining thread
[1.212s] INFO:colcon.colcon_core.plugin_system:Skipping extension 'colcon_notification.desktop_notification.terminal_notifier': Not used on non-Darwin systems
[1.212s] INFO:colcon.colcon_core.plugin_system:Skipping extension 'colcon_notification.desktop_notification.win32': Not used on non-Windows systems
[1.212s] INFO:colcon.colcon_notification.desktop_notification:Sending desktop notification using 'notify2'
[1.227s] DEBUG:colcon.colcon_core.event_reactor:joined thread
[1.228s] INFO:colcon.colcon_core.shell:Creating prefix script '/home/samet/Desktop/lino2/install/local_setup.ps1'
[1.229s] INFO:colcon.colcon_core.shell:Creating prefix util module '/home/samet/Desktop/lino2/install/_local_setup_util_ps1.py'
[1.230s] INFO:colcon.colcon_core.shell:Creating prefix chain script '/home/samet/Desktop/lino2/install/setup.ps1'
[1.231s] INFO:colcon.colcon_core.shell:Creating prefix script '/home/samet/Desktop/lino2/install/local_setup.sh'
[1.232s] INFO:colcon.colcon_core.shell:Creating prefix util module '/home/samet/Desktop/lino2/install/_local_setup_util_sh.py'
[1.233s] INFO:colcon.colcon_core.shell:Creating prefix chain script '/home/samet/Desktop/lino2/install/setup.sh'
[1.234s] INFO:colcon.colcon_core.shell:Creating prefix script '/home/samet/Desktop/lino2/install/local_setup.bash'
[1.234s] INFO:colcon.colcon_core.shell:Creating prefix chain script '/home/samet/Desktop/lino2/install/setup.bash'
[1.235s] INFO:colcon.colcon_core.shell:Creating prefix script '/home/samet/Desktop/lino2/install/local_setup.zsh'
[1.236s] INFO:colcon.colcon_core.shell:Creating prefix chain script '/home/samet/Desktop/lino2/install/setup.zsh'
