[0.064s] Invoking command in '/home/samet/Desktop/lino2/build/linorobot2': CMAKE_PREFIX_PATH=/opt/ros/foxy /usr/bin/cmake --build /home/samet/Desktop/lino2/build/linorobot2 -- -j12 -l12
[0.296s] Invoked command in '/home/samet/Desktop/lino2/build/linorobot2' returned '0': CMAKE_PREFIX_PATH=/opt/ros/foxy /usr/bin/cmake --build /home/samet/Desktop/lino2/build/linorobot2 -- -j12 -l12
[0.342s] Invoking command in '/home/samet/Desktop/lino2/build/linorobot2': CMAKE_PREFIX_PATH=/opt/ros/foxy /usr/bin/cmake --install /home/samet/Desktop/lino2/build/linorobot2
[0.356s] -- Install configuration: ""
[0.358s] -- Up-to-date: /home/samet/Desktop/lino2/install/linorobot2/share/ament_index/resource_index/package_run_dependencies/linorobot2
[0.358s] -- Up-to-date: /home/samet/Desktop/lino2/install/linorobot2/share/ament_index/resource_index/parent_prefix_path/linorobot2
[0.358s] -- Up-to-date: /home/samet/Desktop/lino2/install/linorobot2/share/linorobot2/environment/ament_prefix_path.sh
[0.358s] -- Up-to-date: /home/samet/Desktop/lino2/install/linorobot2/share/linorobot2/environment/ament_prefix_path.dsv
[0.358s] -- Up-to-date: /home/samet/Desktop/lino2/install/linorobot2/share/linorobot2/environment/path.sh
[0.359s] -- Up-to-date: /home/samet/Desktop/lino2/install/linorobot2/share/linorobot2/environment/path.dsv
[0.360s] -- Up-to-date: /home/samet/Desktop/lino2/install/linorobot2/share/linorobot2/local_setup.bash
[0.360s] -- Up-to-date: /home/samet/Desktop/lino2/install/linorobot2/share/linorobot2/local_setup.sh
[0.360s] -- Up-to-date: /home/samet/Desktop/lino2/install/linorobot2/share/linorobot2/local_setup.zsh
[0.360s] -- Up-to-date: /home/samet/Desktop/lino2/install/linorobot2/share/linorobot2/local_setup.dsv
[0.360s] -- Installing: /home/samet/Desktop/lino2/install/linorobot2/share/linorobot2/package.dsv
[0.360s] -- Up-to-date: /home/samet/Desktop/lino2/install/linorobot2/share/ament_index/resource_index/packages/linorobot2
[0.360s] -- Up-to-date: /home/samet/Desktop/lino2/install/linorobot2/share/linorobot2/cmake/linorobot2Config.cmake
[0.362s] -- Up-to-date: /home/samet/Desktop/lino2/install/linorobot2/share/linorobot2/cmake/linorobot2Config-version.cmake
[0.363s] -- Up-to-date: /home/samet/Desktop/lino2/install/linorobot2/share/linorobot2/package.xml
[0.410s] Invoked command in '/home/samet/Desktop/lino2/build/linorobot2' returned '0': CMAKE_PREFIX_PATH=/opt/ros/foxy /usr/bin/cmake --install /home/samet/Desktop/lino2/build/linorobot2
