[0.062s] Invoking command in '/home/samet/Desktop/lino2/build/linorobot2_navigation': CMAKE_PREFIX_PATH=${CMAKE_PREFIX_PATH}:/home/samet/Desktop/lino2/install/robomaster_pkg:/opt/ros/foxy /usr/bin/cmake --build /home/samet/Desktop/lino2/build/linorobot2_navigation -- -j12 -l12
[0.302s] Invoked command in '/home/samet/Desktop/lino2/build/linorobot2_navigation' returned '0': CMAKE_PREFIX_PATH=${CMAKE_PREFIX_PATH}:/home/samet/Desktop/lino2/install/robomaster_pkg:/opt/ros/foxy /usr/bin/cmake --build /home/samet/Desktop/lino2/build/linorobot2_navigation -- -j12 -l12
[0.362s] Invoking command in '/home/samet/Desktop/lino2/build/linorobot2_navigation': CMAKE_PREFIX_PATH=${CMAKE_PREFIX_PATH}:/home/samet/Desktop/lino2/install/robomaster_pkg:/opt/ros/foxy /usr/bin/cmake --install /home/samet/Desktop/lino2/build/linorobot2_navigation
[0.365s] -- Install configuration: ""
[0.365s] -- Up-to-date: /home/samet/Desktop/lino2/install/linorobot2_navigation/share/linorobot2_navigation/launch
[0.365s] -- Up-to-date: /home/samet/Desktop/lino2/install/linorobot2_navigation/share/linorobot2_navigation/launch/slam.launch.py
[0.365s] -- Up-to-date: /home/samet/Desktop/lino2/install/linorobot2_navigation/share/linorobot2_navigation/launch/navigation.launch.py
[0.365s] -- Up-to-date: /home/samet/Desktop/lino2/install/linorobot2_navigation/share/linorobot2_navigation/rviz
[0.365s] -- Up-to-date: /home/samet/Desktop/lino2/install/linorobot2_navigation/share/linorobot2_navigation/rviz/linorobot2_navigation_minimal.rviz
[0.366s] -- Up-to-date: /home/samet/Desktop/lino2/install/linorobot2_navigation/share/linorobot2_navigation/rviz/linorobot2_navigation.rviz
[0.366s] -- Up-to-date: /home/samet/Desktop/lino2/install/linorobot2_navigation/share/linorobot2_navigation/rviz/linorobot2_slam.rviz
[0.366s] -- Up-to-date: /home/samet/Desktop/lino2/install/linorobot2_navigation/share/linorobot2_navigation/config
[0.366s] -- Up-to-date: /home/samet/Desktop/lino2/install/linorobot2_navigation/share/linorobot2_navigation/config/slam.yaml
[0.366s] -- Up-to-date: /home/samet/Desktop/lino2/install/linorobot2_navigation/share/linorobot2_navigation/config/navigation.yaml
[0.366s] -- Up-to-date: /home/samet/Desktop/lino2/install/linorobot2_navigation/share/linorobot2_navigation/maps
[0.366s] -- Up-to-date: /home/samet/Desktop/lino2/install/linorobot2_navigation/share/linorobot2_navigation/maps/playground.pgm
[0.366s] -- Up-to-date: /home/samet/Desktop/lino2/install/linorobot2_navigation/share/linorobot2_navigation/maps/playground.yaml
[0.366s] -- Up-to-date: /home/samet/Desktop/lino2/install/linorobot2_navigation/share/ament_index/resource_index/package_run_dependencies/linorobot2_navigation
[0.366s] -- Up-to-date: /home/samet/Desktop/lino2/install/linorobot2_navigation/share/ament_index/resource_index/parent_prefix_path/linorobot2_navigation
[0.366s] -- Up-to-date: /home/samet/Desktop/lino2/install/linorobot2_navigation/share/linorobot2_navigation/environment/ament_prefix_path.sh
[0.366s] -- Up-to-date: /home/samet/Desktop/lino2/install/linorobot2_navigation/share/linorobot2_navigation/environment/ament_prefix_path.dsv
[0.366s] -- Up-to-date: /home/samet/Desktop/lino2/install/linorobot2_navigation/share/linorobot2_navigation/environment/path.sh
[0.366s] -- Up-to-date: /home/samet/Desktop/lino2/install/linorobot2_navigation/share/linorobot2_navigation/environment/path.dsv
[0.366s] -- Up-to-date: /home/samet/Desktop/lino2/install/linorobot2_navigation/share/linorobot2_navigation/local_setup.bash
[0.366s] -- Up-to-date: /home/samet/Desktop/lino2/install/linorobot2_navigation/share/linorobot2_navigation/local_setup.sh
[0.366s] -- Up-to-date: /home/samet/Desktop/lino2/install/linorobot2_navigation/share/linorobot2_navigation/local_setup.zsh
[0.367s] -- Up-to-date: /home/samet/Desktop/lino2/install/linorobot2_navigation/share/linorobot2_navigation/local_setup.dsv
[0.367s] -- Installing: /home/samet/Desktop/lino2/install/linorobot2_navigation/share/linorobot2_navigation/package.dsv
[0.367s] -- Up-to-date: /home/samet/Desktop/lino2/install/linorobot2_navigation/share/ament_index/resource_index/packages/linorobot2_navigation
[0.368s] -- Up-to-date: /home/samet/Desktop/lino2/install/linorobot2_navigation/share/linorobot2_navigation/cmake/linorobot2_navigationConfig.cmake
[0.368s] -- Up-to-date: /home/samet/Desktop/lino2/install/linorobot2_navigation/share/linorobot2_navigation/cmake/linorobot2_navigationConfig-version.cmake
[0.369s] -- Up-to-date: /home/samet/Desktop/lino2/install/linorobot2_navigation/share/linorobot2_navigation/package.xml
[0.434s] Invoked command in '/home/samet/Desktop/lino2/build/linorobot2_navigation' returned '0': CMAKE_PREFIX_PATH=${CMAKE_PREFIX_PATH}:/home/samet/Desktop/lino2/install/robomaster_pkg:/opt/ros/foxy /usr/bin/cmake --install /home/samet/Desktop/lino2/build/linorobot2_navigation
