[0.060s] Invoking command in '/home/samet/Desktop/lino2/build/linorobot2_base': CMAKE_PREFIX_PATH=${CMAKE_PREFIX_PATH}:/home/samet/Desktop/lino2/install/robomaster_pkg:/opt/ros/foxy /usr/bin/cmake /home/samet/Desktop/lino2/src/linorobot2/linorobot2_base -DCMAKE_INSTALL_PREFIX=/home/samet/Desktop/lino2/install/linorobot2_base
[0.370s] -- The C compiler identification is GNU 9.4.0
[0.370s] -- The CXX compiler identification is GNU 9.4.0
[0.372s] -- Check for working C compiler: /usr/bin/cc
[0.373s] -- Check for working C compiler: /usr/bin/cc -- works
[0.374s] -- Detecting C compiler ABI info
[0.374s] -- Detecting C compiler ABI info - done
[0.374s] -- Detecting C compile features
[0.374s] -- Detecting C compile features - done
[0.374s] -- Check for working CXX compiler: /usr/bin/c++
[0.442s] -- Check for working CXX compiler: /usr/bin/c++ -- works
[0.443s] -- Detecting CXX compiler ABI info
[0.527s] -- Detecting CXX compiler ABI info - done
[0.538s] -- Detecting CXX compile features
[0.538s] -- Detecting CXX compile features - done
[0.540s] -- Found ament_cmake: 0.9.9 (/opt/ros/foxy/share/ament_cmake/cmake)
[0.563s] -- Found PythonInterp: /usr/bin/python3 (found suitable version "3.8.10", minimum required is "3") 
[0.563s] -- Using PYTHON_EXECUTABLE: /usr/bin/python3
[0.909s] -- Configuring done
[0.910s] -- Generating done
[0.911s] -- Build files have been written to: /home/samet/Desktop/lino2/build/linorobot2_base
[0.920s] Invoked command in '/home/samet/Desktop/lino2/build/linorobot2_base' returned '0': CMAKE_PREFIX_PATH=${CMAKE_PREFIX_PATH}:/home/samet/Desktop/lino2/install/robomaster_pkg:/opt/ros/foxy /usr/bin/cmake /home/samet/Desktop/lino2/src/linorobot2/linorobot2_base -DCMAKE_INSTALL_PREFIX=/home/samet/Desktop/lino2/install/linorobot2_base
[0.923s] Invoking command in '/home/samet/Desktop/lino2/build/linorobot2_base': CMAKE_PREFIX_PATH=${CMAKE_PREFIX_PATH}:/home/samet/Desktop/lino2/install/robomaster_pkg:/opt/ros/foxy /usr/bin/cmake --build /home/samet/Desktop/lino2/build/linorobot2_base -- -j12 -l12
[0.999s] Invoked command in '/home/samet/Desktop/lino2/build/linorobot2_base' returned '0': CMAKE_PREFIX_PATH=${CMAKE_PREFIX_PATH}:/home/samet/Desktop/lino2/install/robomaster_pkg:/opt/ros/foxy /usr/bin/cmake --build /home/samet/Desktop/lino2/build/linorobot2_base -- -j12 -l12
[1.047s] Invoking command in '/home/samet/Desktop/lino2/build/linorobot2_base': CMAKE_PREFIX_PATH=${CMAKE_PREFIX_PATH}:/home/samet/Desktop/lino2/install/robomaster_pkg:/opt/ros/foxy /usr/bin/cmake --install /home/samet/Desktop/lino2/build/linorobot2_base
[1.054s] -- Install configuration: ""
[1.055s] -- Installing: /home/samet/Desktop/lino2/install/linorobot2_base/share/linorobot2_base/config
[1.055s] -- Installing: /home/samet/Desktop/lino2/install/linorobot2_base/share/linorobot2_base/config/ekf.yaml
[1.055s] -- Installing: /home/samet/Desktop/lino2/install/linorobot2_base/share/ament_index/resource_index/package_run_dependencies/linorobot2_base
[1.055s] -- Installing: /home/samet/Desktop/lino2/install/linorobot2_base/share/ament_index/resource_index/parent_prefix_path/linorobot2_base
[1.055s] -- Installing: /home/samet/Desktop/lino2/install/linorobot2_base/share/linorobot2_base/environment/ament_prefix_path.sh
[1.055s] -- Installing: /home/samet/Desktop/lino2/install/linorobot2_base/share/linorobot2_base/environment/ament_prefix_path.dsv
[1.056s] -- Installing: /home/samet/Desktop/lino2/install/linorobot2_base/share/linorobot2_base/environment/path.sh
[1.056s] -- Installing: /home/samet/Desktop/lino2/install/linorobot2_base/share/linorobot2_base/environment/path.dsv
[1.056s] -- Installing: /home/samet/Desktop/lino2/install/linorobot2_base/share/linorobot2_base/local_setup.bash
[1.056s] -- Installing: /home/samet/Desktop/lino2/install/linorobot2_base/share/linorobot2_base/local_setup.sh
[1.056s] -- Installing: /home/samet/Desktop/lino2/install/linorobot2_base/share/linorobot2_base/local_setup.zsh
[1.056s] -- Installing: /home/samet/Desktop/lino2/install/linorobot2_base/share/linorobot2_base/local_setup.dsv
[1.056s] -- Installing: /home/samet/Desktop/lino2/install/linorobot2_base/share/linorobot2_base/package.dsv
[1.056s] -- Installing: /home/samet/Desktop/lino2/install/linorobot2_base/share/ament_index/resource_index/packages/linorobot2_base
[1.057s] -- Installing: /home/samet/Desktop/lino2/install/linorobot2_base/share/linorobot2_base/cmake/linorobot2_baseConfig.cmake
[1.057s] -- Installing: /home/samet/Desktop/lino2/install/linorobot2_base/share/linorobot2_base/cmake/linorobot2_baseConfig-version.cmake
[1.057s] -- Installing: /home/samet/Desktop/lino2/install/linorobot2_base/share/linorobot2_base/package.xml
[1.067s] Invoked command in '/home/samet/Desktop/lino2/build/linorobot2_base' returned '0': CMAKE_PREFIX_PATH=${CMAKE_PREFIX_PATH}:/home/samet/Desktop/lino2/install/robomaster_pkg:/opt/ros/foxy /usr/bin/cmake --install /home/samet/Desktop/lino2/build/linorobot2_base
