[0.051s] Invoking command in '/home/samet/Desktop/lino2/build/linorobot2_gazebo': CMAKE_PREFIX_PATH=${CMAKE_PREFIX_PATH}:/home/samet/Desktop/lino2/install/robomaster_pkg:/opt/ros/foxy /usr/bin/cmake /home/samet/Desktop/lino2/src/linorobot2/linorobot2_gazebo -DCMAKE_INSTALL_PREFIX=/home/samet/Desktop/lino2/install/linorobot2_gazebo
[0.355s] -- The C compiler identification is GNU 9.4.0
[0.355s] -- The CXX compiler identification is GNU 9.4.0
[0.355s] -- Check for working C compiler: /usr/bin/cc
[0.355s] -- Check for working C compiler: /usr/bin/cc -- works
[0.355s] -- Detecting C compiler ABI info
[0.356s] -- Detecting C compiler ABI info - done
[0.356s] -- Detecting C compile features
[0.356s] -- Detecting C compile features - done
[0.356s] -- Check for working CXX compiler: /usr/bin/c++
[0.423s] -- Check for working CXX compiler: /usr/bin/c++ -- works
[0.424s] -- Detecting CXX compiler ABI info
[0.502s] -- Detecting CXX compiler ABI info - done
[0.514s] -- Detecting CXX compile features
[0.515s] -- Detecting CXX compile features - done
[0.517s] -- Found ament_cmake: 0.9.9 (/opt/ros/foxy/share/ament_cmake/cmake)
[0.542s] -- Found PythonInterp: /usr/bin/python3 (found suitable version "3.8.10", minimum required is "3") 
[0.543s] -- Using PYTHON_EXECUTABLE: /usr/bin/python3
[0.824s] -- Found rclpy: 1.0.8 (/opt/ros/foxy/share/rclpy/cmake)
[0.931s] -- Configuring done
[0.932s] -- Generating done
[0.935s] -- Build files have been written to: /home/samet/Desktop/lino2/build/linorobot2_gazebo
[0.952s] Invoked command in '/home/samet/Desktop/lino2/build/linorobot2_gazebo' returned '0': CMAKE_PREFIX_PATH=${CMAKE_PREFIX_PATH}:/home/samet/Desktop/lino2/install/robomaster_pkg:/opt/ros/foxy /usr/bin/cmake /home/samet/Desktop/lino2/src/linorobot2/linorobot2_gazebo -DCMAKE_INSTALL_PREFIX=/home/samet/Desktop/lino2/install/linorobot2_gazebo
[0.953s] Invoking command in '/home/samet/Desktop/lino2/build/linorobot2_gazebo': CMAKE_PREFIX_PATH=${CMAKE_PREFIX_PATH}:/home/samet/Desktop/lino2/install/robomaster_pkg:/opt/ros/foxy /usr/bin/cmake --build /home/samet/Desktop/lino2/build/linorobot2_gazebo -- -j12 -l12
[1.001s] Invoked command in '/home/samet/Desktop/lino2/build/linorobot2_gazebo' returned '0': CMAKE_PREFIX_PATH=${CMAKE_PREFIX_PATH}:/home/samet/Desktop/lino2/install/robomaster_pkg:/opt/ros/foxy /usr/bin/cmake --build /home/samet/Desktop/lino2/build/linorobot2_gazebo -- -j12 -l12
[1.043s] Invoking command in '/home/samet/Desktop/lino2/build/linorobot2_gazebo': CMAKE_PREFIX_PATH=${CMAKE_PREFIX_PATH}:/home/samet/Desktop/lino2/install/robomaster_pkg:/opt/ros/foxy /usr/bin/cmake --install /home/samet/Desktop/lino2/build/linorobot2_gazebo
[1.060s] -- Install configuration: ""
[1.063s] -- Installing: /home/samet/Desktop/lino2/install/linorobot2_gazebo/share/linorobot2_gazebo/environment/pythonpath.sh
[1.063s] -- Installing: /home/samet/Desktop/lino2/install/linorobot2_gazebo/share/linorobot2_gazebo/environment/pythonpath.dsv
[1.063s] -- Installing: /home/samet/Desktop/lino2/install/linorobot2_gazebo/lib/python3.8/site-packages/scripts
[1.064s] -- Installing: /home/samet/Desktop/lino2/install/linorobot2_gazebo/lib/python3.8/site-packages/scripts/__init__.py
[1.066s] -- Installing: /home/samet/Desktop/lino2/install/linorobot2_gazebo/lib/python3.8/site-packages/scripts/command_timeout.py
[1.083s] Listing '/home/samet/Desktop/lino2/install/linorobot2_gazebo/lib/python3.8/site-packages/scripts'...
[1.083s] Compiling '/home/samet/Desktop/lino2/install/linorobot2_gazebo/lib/python3.8/site-packages/scripts/__init__.py'...
[1.083s] Compiling '/home/samet/Desktop/lino2/install/linorobot2_gazebo/lib/python3.8/site-packages/scripts/command_timeout.py'...
[1.088s] -- Installing: /home/samet/Desktop/lino2/install/linorobot2_gazebo/share/linorobot2_gazebo/launch
[1.088s] -- Installing: /home/samet/Desktop/lino2/install/linorobot2_gazebo/share/linorobot2_gazebo/launch/gazebo.launch.py
[1.089s] -- Installing: /home/samet/Desktop/lino2/install/linorobot2_gazebo/share/linorobot2_gazebo/rviz
[1.090s] -- Installing: /home/samet/Desktop/lino2/install/linorobot2_gazebo/share/linorobot2_gazebo/rviz/view_urdf.rviz
[1.091s] -- Installing: /home/samet/Desktop/lino2/install/linorobot2_gazebo/share/linorobot2_gazebo/worlds
[1.091s] -- Installing: /home/samet/Desktop/lino2/install/linorobot2_gazebo/share/linorobot2_gazebo/worlds/playground.world
[1.091s] -- Installing: /home/samet/Desktop/lino2/install/linorobot2_gazebo/share/linorobot2_gazebo/worlds/gas_station.world
[1.091s] -- Installing: /home/samet/Desktop/lino2/install/linorobot2_gazebo/lib/linorobot2_gazebo/command_timeout.py
[1.092s] -- Installing: /home/samet/Desktop/lino2/install/linorobot2_gazebo/share/ament_index/resource_index/package_run_dependencies/linorobot2_gazebo
[1.092s] -- Installing: /home/samet/Desktop/lino2/install/linorobot2_gazebo/share/ament_index/resource_index/parent_prefix_path/linorobot2_gazebo
[1.092s] -- Installing: /home/samet/Desktop/lino2/install/linorobot2_gazebo/share/linorobot2_gazebo/environment/ament_prefix_path.sh
[1.092s] -- Installing: /home/samet/Desktop/lino2/install/linorobot2_gazebo/share/linorobot2_gazebo/environment/ament_prefix_path.dsv
[1.092s] -- Installing: /home/samet/Desktop/lino2/install/linorobot2_gazebo/share/linorobot2_gazebo/environment/path.sh
[1.093s] -- Installing: /home/samet/Desktop/lino2/install/linorobot2_gazebo/share/linorobot2_gazebo/environment/path.dsv
[1.094s] -- Installing: /home/samet/Desktop/lino2/install/linorobot2_gazebo/share/linorobot2_gazebo/local_setup.bash
[1.095s] -- Installing: /home/samet/Desktop/lino2/install/linorobot2_gazebo/share/linorobot2_gazebo/local_setup.sh
[1.095s] -- Installing: /home/samet/Desktop/lino2/install/linorobot2_gazebo/share/linorobot2_gazebo/local_setup.zsh
[1.097s] -- Installing: /home/samet/Desktop/lino2/install/linorobot2_gazebo/share/linorobot2_gazebo/local_setup.dsv
[1.098s] -- Installing: /home/samet/Desktop/lino2/install/linorobot2_gazebo/share/linorobot2_gazebo/package.dsv
[1.098s] -- Installing: /home/samet/Desktop/lino2/install/linorobot2_gazebo/share/ament_index/resource_index/packages/linorobot2_gazebo
[1.098s] -- Installing: /home/samet/Desktop/lino2/install/linorobot2_gazebo/share/linorobot2_gazebo/cmake/linorobot2_gazeboConfig.cmake
[1.099s] -- Installing: /home/samet/Desktop/lino2/install/linorobot2_gazebo/share/linorobot2_gazebo/cmake/linorobot2_gazeboConfig-version.cmake
[1.099s] -- Installing: /home/samet/Desktop/lino2/install/linorobot2_gazebo/share/linorobot2_gazebo/package.xml
[1.118s] Invoked command in '/home/samet/Desktop/lino2/build/linorobot2_gazebo' returned '0': CMAKE_PREFIX_PATH=${CMAKE_PREFIX_PATH}:/home/samet/Desktop/lino2/install/robomaster_pkg:/opt/ros/foxy /usr/bin/cmake --install /home/samet/Desktop/lino2/build/linorobot2_gazebo
