[0.061s] Invoking command in '/home/samet/Desktop/lino2/build/linorobot2_bringup': CMAKE_PREFIX_PATH=${CMAKE_PREFIX_PATH}:/home/samet/Desktop/lino2/install/robomaster_pkg:/opt/ros/foxy /usr/bin/cmake --build /home/samet/Desktop/lino2/build/linorobot2_bringup -- -j12 -l12
[0.308s] Invoked command in '/home/samet/Desktop/lino2/build/linorobot2_bringup' returned '0': CMAKE_PREFIX_PATH=${CMAKE_PREFIX_PATH}:/home/samet/Desktop/lino2/install/robomaster_pkg:/opt/ros/foxy /usr/bin/cmake --build /home/samet/Desktop/lino2/build/linorobot2_bringup -- -j12 -l12
[0.346s] Invoking command in '/home/samet/Desktop/lino2/build/linorobot2_bringup': CMAKE_PREFIX_PATH=${CMAKE_PREFIX_PATH}:/home/samet/Desktop/lino2/install/robomaster_pkg:/opt/ros/foxy /usr/bin/cmake --install /home/samet/Desktop/lino2/build/linorobot2_bringup
[0.360s] -- Install configuration: ""
[0.361s] -- Up-to-date: /home/samet/Desktop/lino2/install/linorobot2_bringup/share/linorobot2_bringup/launch
[0.361s] -- Up-to-date: /home/samet/Desktop/lino2/install/linorobot2_bringup/share/linorobot2_bringup/launch/lasers.launch.py
[0.361s] -- Up-to-date: /home/samet/Desktop/lino2/install/linorobot2_bringup/share/linorobot2_bringup/launch/joy_teleop.launch.py
[0.361s] -- Up-to-date: /home/samet/Desktop/lino2/install/linorobot2_bringup/share/linorobot2_bringup/launch/bringup.launch.py
[0.361s] -- Up-to-date: /home/samet/Desktop/lino2/install/linorobot2_bringup/share/linorobot2_bringup/launch/sensors.launch.py
[0.363s] -- Up-to-date: /home/samet/Desktop/lino2/install/linorobot2_bringup/share/linorobot2_bringup/launch/depth.launch.py
[0.363s] -- Up-to-date: /home/samet/Desktop/lino2/install/linorobot2_bringup/share/linorobot2_bringup/config
[0.363s] -- Up-to-date: /home/samet/Desktop/lino2/install/linorobot2_bringup/share/linorobot2_bringup/config/fake_laser.yaml
[0.363s] -- Up-to-date: /home/samet/Desktop/lino2/install/linorobot2_bringup/share/linorobot2_bringup/config/ydlidar.yaml
[0.363s] -- Up-to-date: /home/samet/Desktop/lino2/install/linorobot2_bringup/share/linorobot2_bringup/config/joy.yaml
[0.363s] -- Up-to-date: /home/samet/Desktop/lino2/install/linorobot2_bringup/share/linorobot2_bringup/config/zed_common.yaml
[0.363s] -- Up-to-date: /home/samet/Desktop/lino2/install/linorobot2_bringup/share/ament_index/resource_index/package_run_dependencies/linorobot2_bringup
[0.364s] -- Up-to-date: /home/samet/Desktop/lino2/install/linorobot2_bringup/share/ament_index/resource_index/parent_prefix_path/linorobot2_bringup
[0.364s] -- Up-to-date: /home/samet/Desktop/lino2/install/linorobot2_bringup/share/linorobot2_bringup/environment/ament_prefix_path.sh
[0.364s] -- Up-to-date: /home/samet/Desktop/lino2/install/linorobot2_bringup/share/linorobot2_bringup/environment/ament_prefix_path.dsv
[0.364s] -- Up-to-date: /home/samet/Desktop/lino2/install/linorobot2_bringup/share/linorobot2_bringup/environment/path.sh
[0.364s] -- Up-to-date: /home/samet/Desktop/lino2/install/linorobot2_bringup/share/linorobot2_bringup/environment/path.dsv
[0.364s] -- Up-to-date: /home/samet/Desktop/lino2/install/linorobot2_bringup/share/linorobot2_bringup/local_setup.bash
[0.364s] -- Up-to-date: /home/samet/Desktop/lino2/install/linorobot2_bringup/share/linorobot2_bringup/local_setup.sh
[0.364s] -- Up-to-date: /home/samet/Desktop/lino2/install/linorobot2_bringup/share/linorobot2_bringup/local_setup.zsh
[0.364s] -- Up-to-date: /home/samet/Desktop/lino2/install/linorobot2_bringup/share/linorobot2_bringup/local_setup.dsv
[0.364s] -- Installing: /home/samet/Desktop/lino2/install/linorobot2_bringup/share/linorobot2_bringup/package.dsv
[0.365s] -- Up-to-date: /home/samet/Desktop/lino2/install/linorobot2_bringup/share/ament_index/resource_index/packages/linorobot2_bringup
[0.365s] -- Up-to-date: /home/samet/Desktop/lino2/install/linorobot2_bringup/share/linorobot2_bringup/cmake/linorobot2_bringupConfig.cmake
[0.365s] -- Up-to-date: /home/samet/Desktop/lino2/install/linorobot2_bringup/share/linorobot2_bringup/cmake/linorobot2_bringupConfig-version.cmake
[0.365s] -- Up-to-date: /home/samet/Desktop/lino2/install/linorobot2_bringup/share/linorobot2_bringup/package.xml
[0.417s] Invoked command in '/home/samet/Desktop/lino2/build/linorobot2_bringup' returned '0': CMAKE_PREFIX_PATH=${CMAKE_PREFIX_PATH}:/home/samet/Desktop/lino2/install/robomaster_pkg:/opt/ros/foxy /usr/bin/cmake --install /home/samet/Desktop/lino2/build/linorobot2_bringup
