[0.059s] Invoking command in '/home/samet/Desktop/lino2/build/linorobot2_bringup': CMAKE_PREFIX_PATH=${CMAKE_PREFIX_PATH}:/home/samet/Desktop/lino2/install/robomaster_pkg:/opt/ros/foxy /usr/bin/cmake /home/samet/Desktop/lino2/src/linorobot2/linorobot2_bringup -DCMAKE_INSTALL_PREFIX=/home/samet/Desktop/lino2/install/linorobot2_bringup
[0.368s] -- The C compiler identification is GNU 9.4.0
[0.369s] -- The CXX compiler identification is GNU 9.4.0
[0.369s] -- Check for working C compiler: /usr/bin/cc
[0.369s] -- Check for working C compiler: /usr/bin/cc -- works
[0.369s] -- Detecting C compiler ABI info
[0.369s] -- Detecting C compiler ABI info - done
[0.369s] -- Detecting C compile features
[0.369s] -- Detecting C compile features - done
[0.369s] -- Check for working CXX compiler: /usr/bin/c++
[0.442s] -- Check for working CXX compiler: /usr/bin/c++ -- works
[0.443s] -- Detecting CXX compiler ABI info
[0.528s] -- Detecting CXX compiler ABI info - done
[0.543s] -- Detecting CXX compile features
[0.545s] -- Detecting CXX compile features - done
[0.548s] -- Found ament_cmake: 0.9.9 (/opt/ros/foxy/share/ament_cmake/cmake)
[0.574s] -- Found PythonInterp: /usr/bin/python3 (found suitable version "3.8.10", minimum required is "3") 
[0.575s] -- Using PYTHON_EXECUTABLE: /usr/bin/python3
[0.854s] -- Configuring done
[0.857s] -- Generating done
[0.858s] -- Build files have been written to: /home/samet/Desktop/lino2/build/linorobot2_bringup
[0.864s] Invoked command in '/home/samet/Desktop/lino2/build/linorobot2_bringup' returned '0': CMAKE_PREFIX_PATH=${CMAKE_PREFIX_PATH}:/home/samet/Desktop/lino2/install/robomaster_pkg:/opt/ros/foxy /usr/bin/cmake /home/samet/Desktop/lino2/src/linorobot2/linorobot2_bringup -DCMAKE_INSTALL_PREFIX=/home/samet/Desktop/lino2/install/linorobot2_bringup
[0.868s] Invoking command in '/home/samet/Desktop/lino2/build/linorobot2_bringup': CMAKE_PREFIX_PATH=${CMAKE_PREFIX_PATH}:/home/samet/Desktop/lino2/install/robomaster_pkg:/opt/ros/foxy /usr/bin/cmake --build /home/samet/Desktop/lino2/build/linorobot2_bringup -- -j12 -l12
[0.908s] Invoked command in '/home/samet/Desktop/lino2/build/linorobot2_bringup' returned '0': CMAKE_PREFIX_PATH=${CMAKE_PREFIX_PATH}:/home/samet/Desktop/lino2/install/robomaster_pkg:/opt/ros/foxy /usr/bin/cmake --build /home/samet/Desktop/lino2/build/linorobot2_bringup -- -j12 -l12
[0.944s] Invoking command in '/home/samet/Desktop/lino2/build/linorobot2_bringup': CMAKE_PREFIX_PATH=${CMAKE_PREFIX_PATH}:/home/samet/Desktop/lino2/install/robomaster_pkg:/opt/ros/foxy /usr/bin/cmake --install /home/samet/Desktop/lino2/build/linorobot2_bringup
[0.958s] -- Install configuration: ""
[0.959s] -- Installing: /home/samet/Desktop/lino2/install/linorobot2_bringup/share/linorobot2_bringup/launch
[0.961s] -- Installing: /home/samet/Desktop/lino2/install/linorobot2_bringup/share/linorobot2_bringup/launch/lasers.launch.py
[0.961s] -- Installing: /home/samet/Desktop/lino2/install/linorobot2_bringup/share/linorobot2_bringup/launch/joy_teleop.launch.py
[0.961s] -- Installing: /home/samet/Desktop/lino2/install/linorobot2_bringup/share/linorobot2_bringup/launch/bringup.launch.py
[0.962s] -- Installing: /home/samet/Desktop/lino2/install/linorobot2_bringup/share/linorobot2_bringup/launch/sensors.launch.py
[0.962s] -- Installing: /home/samet/Desktop/lino2/install/linorobot2_bringup/share/linorobot2_bringup/launch/depth.launch.py
[0.962s] -- Installing: /home/samet/Desktop/lino2/install/linorobot2_bringup/share/linorobot2_bringup/config
[0.962s] -- Installing: /home/samet/Desktop/lino2/install/linorobot2_bringup/share/linorobot2_bringup/config/fake_laser.yaml
[0.962s] -- Installing: /home/samet/Desktop/lino2/install/linorobot2_bringup/share/linorobot2_bringup/config/ydlidar.yaml
[0.962s] -- Installing: /home/samet/Desktop/lino2/install/linorobot2_bringup/share/linorobot2_bringup/config/joy.yaml
[0.963s] -- Installing: /home/samet/Desktop/lino2/install/linorobot2_bringup/share/linorobot2_bringup/config/zed_common.yaml
[0.964s] -- Installing: /home/samet/Desktop/lino2/install/linorobot2_bringup/share/ament_index/resource_index/package_run_dependencies/linorobot2_bringup
[0.964s] -- Installing: /home/samet/Desktop/lino2/install/linorobot2_bringup/share/ament_index/resource_index/parent_prefix_path/linorobot2_bringup
[0.964s] -- Installing: /home/samet/Desktop/lino2/install/linorobot2_bringup/share/linorobot2_bringup/environment/ament_prefix_path.sh
[0.965s] -- Installing: /home/samet/Desktop/lino2/install/linorobot2_bringup/share/linorobot2_bringup/environment/ament_prefix_path.dsv
[0.965s] -- Installing: /home/samet/Desktop/lino2/install/linorobot2_bringup/share/linorobot2_bringup/environment/path.sh
[0.965s] -- Installing: /home/samet/Desktop/lino2/install/linorobot2_bringup/share/linorobot2_bringup/environment/path.dsv
[0.965s] -- Installing: /home/samet/Desktop/lino2/install/linorobot2_bringup/share/linorobot2_bringup/local_setup.bash
[0.965s] -- Installing: /home/samet/Desktop/lino2/install/linorobot2_bringup/share/linorobot2_bringup/local_setup.sh
[0.965s] -- Installing: /home/samet/Desktop/lino2/install/linorobot2_bringup/share/linorobot2_bringup/local_setup.zsh
[0.966s] -- Installing: /home/samet/Desktop/lino2/install/linorobot2_bringup/share/linorobot2_bringup/local_setup.dsv
[0.966s] -- Installing: /home/samet/Desktop/lino2/install/linorobot2_bringup/share/linorobot2_bringup/package.dsv
[0.966s] -- Installing: /home/samet/Desktop/lino2/install/linorobot2_bringup/share/ament_index/resource_index/packages/linorobot2_bringup
[0.966s] -- Installing: /home/samet/Desktop/lino2/install/linorobot2_bringup/share/linorobot2_bringup/cmake/linorobot2_bringupConfig.cmake
[0.966s] -- Installing: /home/samet/Desktop/lino2/install/linorobot2_bringup/share/linorobot2_bringup/cmake/linorobot2_bringupConfig-version.cmake
[0.967s] -- Installing: /home/samet/Desktop/lino2/install/linorobot2_bringup/share/linorobot2_bringup/package.xml
[0.983s] Invoked command in '/home/samet/Desktop/lino2/build/linorobot2_bringup' returned '0': CMAKE_PREFIX_PATH=${CMAKE_PREFIX_PATH}:/home/samet/Desktop/lino2/install/robomaster_pkg:/opt/ros/foxy /usr/bin/cmake --install /home/samet/Desktop/lino2/build/linorobot2_bringup
