[0.050s] Invoking command in '/home/samet/Desktop/lino2/build/linorobot2_viz': CMAKE_PREFIX_PATH=${CMAKE_PREFIX_PATH}:/home/samet/Desktop/lino2/install/robomaster_pkg:/opt/ros/foxy /usr/bin/cmake /home/samet/Desktop/lino2/src/linorobot2_viz -DCMAKE_INSTALL_PREFIX=/home/samet/Desktop/lino2/install/linorobot2_viz
[0.343s] -- The C compiler identification is GNU 9.4.0
[0.343s] -- The CXX compiler identification is GNU 9.4.0
[0.343s] -- Check for working C compiler: /usr/bin/cc
[0.343s] -- Check for working C compiler: /usr/bin/cc -- works
[0.344s] -- Detecting C compiler ABI info
[0.344s] -- Detecting C compiler ABI info - done
[0.344s] -- Detecting C compile features
[0.344s] -- Detecting C compile features - done
[0.344s] -- Check for working CXX compiler: /usr/bin/c++
[0.430s] -- Check for working CXX compiler: /usr/bin/c++ -- works
[0.432s] -- Detecting CXX compiler ABI info
[0.506s] -- Detecting CXX compiler ABI info - done
[0.519s] -- Detecting CXX compile features
[0.520s] -- Detecting CXX compile features - done
[0.522s] -- Found ament_cmake: 0.9.9 (/opt/ros/foxy/share/ament_cmake/cmake)
[0.551s] -- Found PythonInterp: /usr/bin/python3 (found suitable version "3.8.10", minimum required is "3") 
[0.551s] -- Using PYTHON_EXECUTABLE: /usr/bin/python3
[0.898s] -- Configuring done
[0.900s] -- Generating done
[0.901s] -- Build files have been written to: /home/samet/Desktop/lino2/build/linorobot2_viz
[0.919s] Invoked command in '/home/samet/Desktop/lino2/build/linorobot2_viz' returned '0': CMAKE_PREFIX_PATH=${CMAKE_PREFIX_PATH}:/home/samet/Desktop/lino2/install/robomaster_pkg:/opt/ros/foxy /usr/bin/cmake /home/samet/Desktop/lino2/src/linorobot2_viz -DCMAKE_INSTALL_PREFIX=/home/samet/Desktop/lino2/install/linorobot2_viz
[0.923s] Invoking command in '/home/samet/Desktop/lino2/build/linorobot2_viz': CMAKE_PREFIX_PATH=${CMAKE_PREFIX_PATH}:/home/samet/Desktop/lino2/install/robomaster_pkg:/opt/ros/foxy /usr/bin/cmake --build /home/samet/Desktop/lino2/build/linorobot2_viz -- -j12 -l12
[0.985s] Invoked command in '/home/samet/Desktop/lino2/build/linorobot2_viz' returned '0': CMAKE_PREFIX_PATH=${CMAKE_PREFIX_PATH}:/home/samet/Desktop/lino2/install/robomaster_pkg:/opt/ros/foxy /usr/bin/cmake --build /home/samet/Desktop/lino2/build/linorobot2_viz -- -j12 -l12
[1.026s] Invoking command in '/home/samet/Desktop/lino2/build/linorobot2_viz': CMAKE_PREFIX_PATH=${CMAKE_PREFIX_PATH}:/home/samet/Desktop/lino2/install/robomaster_pkg:/opt/ros/foxy /usr/bin/cmake --install /home/samet/Desktop/lino2/build/linorobot2_viz
[1.036s] -- Install configuration: ""
[1.037s] -- Installing: /home/samet/Desktop/lino2/install/linorobot2_viz/share/linorobot2_viz/launch
[1.037s] -- Installing: /home/samet/Desktop/lino2/install/linorobot2_viz/share/linorobot2_viz/launch/slam.launch.py
[1.037s] -- Installing: /home/samet/Desktop/lino2/install/linorobot2_viz/share/linorobot2_viz/launch/navigation.launch.py
[1.037s] -- Installing: /home/samet/Desktop/lino2/install/linorobot2_viz/share/linorobot2_viz/launch/robot_model.launch.py
[1.037s] -- Installing: /home/samet/Desktop/lino2/install/linorobot2_viz/share/linorobot2_viz/rviz
[1.038s] -- Installing: /home/samet/Desktop/lino2/install/linorobot2_viz/share/linorobot2_viz/rviz/linorobot2_navigation_minimal.rviz
[1.038s] -- Installing: /home/samet/Desktop/lino2/install/linorobot2_viz/share/linorobot2_viz/rviz/description.rviz
[1.038s] -- Installing: /home/samet/Desktop/lino2/install/linorobot2_viz/share/linorobot2_viz/rviz/linorobot2_navigation.rviz
[1.040s] -- Installing: /home/samet/Desktop/lino2/install/linorobot2_viz/share/linorobot2_viz/rviz/linorobot2_slam.rviz
[1.042s] -- Installing: /home/samet/Desktop/lino2/install/linorobot2_viz/share/ament_index/resource_index/package_run_dependencies/linorobot2_viz
[1.042s] -- Installing: /home/samet/Desktop/lino2/install/linorobot2_viz/share/ament_index/resource_index/parent_prefix_path/linorobot2_viz
[1.042s] -- Installing: /home/samet/Desktop/lino2/install/linorobot2_viz/share/linorobot2_viz/environment/ament_prefix_path.sh
[1.043s] -- Installing: /home/samet/Desktop/lino2/install/linorobot2_viz/share/linorobot2_viz/environment/ament_prefix_path.dsv
[1.043s] -- Installing: /home/samet/Desktop/lino2/install/linorobot2_viz/share/linorobot2_viz/environment/path.sh
[1.043s] -- Installing: /home/samet/Desktop/lino2/install/linorobot2_viz/share/linorobot2_viz/environment/path.dsv
[1.043s] -- Installing: /home/samet/Desktop/lino2/install/linorobot2_viz/share/linorobot2_viz/local_setup.bash
[1.043s] -- Installing: /home/samet/Desktop/lino2/install/linorobot2_viz/share/linorobot2_viz/local_setup.sh
[1.043s] -- Installing: /home/samet/Desktop/lino2/install/linorobot2_viz/share/linorobot2_viz/local_setup.zsh
[1.044s] -- Installing: /home/samet/Desktop/lino2/install/linorobot2_viz/share/linorobot2_viz/local_setup.dsv
[1.045s] -- Installing: /home/samet/Desktop/lino2/install/linorobot2_viz/share/linorobot2_viz/package.dsv
[1.046s] -- Installing: /home/samet/Desktop/lino2/install/linorobot2_viz/share/ament_index/resource_index/packages/linorobot2_viz
[1.047s] -- Installing: /home/samet/Desktop/lino2/install/linorobot2_viz/share/linorobot2_viz/cmake/linorobot2_vizConfig.cmake
[1.047s] -- Installing: /home/samet/Desktop/lino2/install/linorobot2_viz/share/linorobot2_viz/cmake/linorobot2_vizConfig-version.cmake
[1.047s] -- Installing: /home/samet/Desktop/lino2/install/linorobot2_viz/share/linorobot2_viz/package.xml
[1.054s] Invoked command in '/home/samet/Desktop/lino2/build/linorobot2_viz' returned '0': CMAKE_PREFIX_PATH=${CMAKE_PREFIX_PATH}:/home/samet/Desktop/lino2/install/robomaster_pkg:/opt/ros/foxy /usr/bin/cmake --install /home/samet/Desktop/lino2/build/linorobot2_viz
